Copyright 1986-2022 Xilinx, Inc. All Rights Reserved. Copyright 2022-2025 Advanced Micro Devices, Inc. All Rights Reserved.
---------------------------------------------------------------------------------------------------------------------------------------------
| Tool Version : Vivado v.2025.2 (lin64) Build 6299465 Fri Nov 14 12:34:56 MST 2025
| Date         : Thu Mar 12 05:59:19 2026
| Host         : gary-IdeaPad-Slim-5-Light-14ABR8 running 64-bit Ubuntu 24.04.4 LTS
| Command      : upgrade_ip
| Device       : xc7z020clg400-1
---------------------------------------------------------------------------------------------------------------------------------------------

Upgrade Log for IP 'System_Top_Top_0_0'

1. Summary
----------

SUCCESS in the update of System_Top_Top_0_0 (user.org:user:Top:1.0 (Rev. 3)) to current project options.






Copyright 1986-2022 Xilinx, Inc. All Rights Reserved. Copyright 2022-2025 Advanced Micro Devices, Inc. All Rights Reserved.
---------------------------------------------------------------------------------------------------------------------------------------------
| Tool Version : Vivado v.2025.2 (lin64) Build 6299465 Fri Nov 14 12:34:56 MST 2025
| Date         : Thu Mar 12 05:42:23 2026
| Host         : gary-IdeaPad-Slim-5-Light-14ABR8 running 64-bit Ubuntu 24.04.4 LTS
| Command      : upgrade_ip
| Device       : xc7z020clg400-1
---------------------------------------------------------------------------------------------------------------------------------------------

Upgrade Log for IP 'System_Top_AXI_ArrayProc_0_0'

1. Summary
----------

CAUTION (success, with warnings) in the upgrade of System_Top_AXI_ArrayProc_0_0 (user.org:user:AXI_ArrayProc:1.0) from (Rev. 2) to (Rev. 3)

After upgrade, an IP may have parameter and port differences compared to the original customization. Please review the parameters within the IP customization GUI to ensure proper functionality. Also, please review the updated IP instantiation template to ensure proper connectivity, and update your design if required.

2. Connection Warnings
----------------------

Detected external port differences while upgrading 'System_Top_AXI_ArrayProc_0_0'. These changes may impact your design.


-Upgraded port 'o_instruction' width 20 differs from original width 32







Copyright 1986-2022 Xilinx, Inc. All Rights Reserved. Copyright 2022-2025 Advanced Micro Devices, Inc. All Rights Reserved.
---------------------------------------------------------------------------------------------------------------------------------------------
| Tool Version : Vivado v.2025.2 (lin64) Build 6299465 Fri Nov 14 12:34:56 MST 2025
| Date         : Thu Mar 12 05:41:39 2026
| Host         : gary-IdeaPad-Slim-5-Light-14ABR8 running 64-bit Ubuntu 24.04.4 LTS
| Command      : upgrade_ip
| Device       : xc7z020clg400-1
---------------------------------------------------------------------------------------------------------------------------------------------

Upgrade Log for IP 'System_Top_AXI_ArrayProc_0_0'

1. Summary
----------

SUCCESS in the update of System_Top_AXI_ArrayProc_0_0 (user.org:user:AXI_ArrayProc:1.0 (Rev. 2)) to current project options.






Copyright 1986-2022 Xilinx, Inc. All Rights Reserved. Copyright 2022-2025 Advanced Micro Devices, Inc. All Rights Reserved.
---------------------------------------------------------------------------------------------------------------------------------------------
| Tool Version : Vivado v.2025.2 (lin64) Build 6299465 Fri Nov 14 12:34:56 MST 2025
| Date         : Thu Mar 12 05:39:13 2026
| Host         : gary-IdeaPad-Slim-5-Light-14ABR8 running 64-bit Ubuntu 24.04.4 LTS
| Command      : upgrade_ip
| Device       : xc7z020clg400-1
---------------------------------------------------------------------------------------------------------------------------------------------

Upgrade Log for IP 'System_Top_Top_0_0'

1. Summary
----------

CAUTION (success, with warnings) in the upgrade of System_Top_Top_0_0 (user.org:user:Top:1.0) from (Rev. 2) to (Rev. 3)

After upgrade, an IP may have parameter and port differences compared to the original customization. Please review the parameters within the IP customization GUI to ensure proper functionality. Also, please review the updated IP instantiation template to ensure proper connectivity, and update your design if required.

2. Connection Warnings
----------------------

Detected external port differences while upgrading 'System_Top_Top_0_0'. These changes may impact your design.


-Upgraded port 'i_instruction' width 20 differs from original width 32


