
*** Running vivado
    with args -log System_Top_wrapper.vdi -applog -m64 -product Vivado -messageDb vivado.pb -mode batch -source System_Top_wrapper.tcl -notrace


****** Vivado v2025.2 (64-bit)
  **** SW Build 6299465 on Fri Nov 14 12:34:56 MST 2025
  **** IP Build 6300035 on Fri Nov 14 10:48:45 MST 2025
  **** SharedData Build 6298862 on Thu Nov 13 04:50:51 MST 2025
  **** Start of session at: Fri Mar 27 12:06:38 2026
    ** Copyright 1986-2022 Xilinx, Inc. All Rights Reserved.
    ** Copyright 2022-2025 Advanced Micro Devices, Inc. All Rights Reserved.

source System_Top_wrapper.tcl -notrace
INFO: [IP_Flow 19-234] Refreshing IP repositories
INFO: [IP_Flow 19-1700] Loaded user IP repository '/home/gary/Individual_Project/ip'.
INFO: [IP_Flow 19-2313] Loaded Vivado IP repository '/opt/2025.2/data/ip'.
Command: link_design -top System_Top_wrapper -part xc7z020clg400-1
Design is defaulting to srcset: sources_1
Design is defaulting to constrset: constrs_1
INFO: [Device 21-403] Loading part xc7z020clg400-1
INFO: [Project 1-5699] Read binary netlist with skipMacroContent - 1
INFO: [Project 1-454] Reading design checkpoint '/home/gary/Individual_Project_System/Individual_Project_System.gen/sources_1/bd/System_Top/ip/System_Top_AXI_ArrayProc_0_0/System_Top_AXI_ArrayProc_0_0.dcp' for cell 'System_Top_i/AXI_ArrayProc_0'
INFO: [Project 1-454] Reading design checkpoint '/home/gary/Individual_Project_System/Individual_Project_System.gen/sources_1/bd/System_Top/ip/System_Top_BRAM_Wrapper_0_0/System_Top_BRAM_Wrapper_0_0.dcp' for cell 'System_Top_i/BRAM_Wrapper_0'
INFO: [Project 1-454] Reading design checkpoint '/home/gary/Individual_Project_System/Individual_Project_System.gen/sources_1/bd/System_Top/ip/System_Top_Top_0_0/System_Top_Top_0_0.dcp' for cell 'System_Top_i/Top_0'
INFO: [Project 1-454] Reading design checkpoint '/home/gary/Individual_Project_System/Individual_Project_System.gen/sources_1/bd/System_Top/ip/System_Top_axi_bram_ctrl_0_0/System_Top_axi_bram_ctrl_0_0.dcp' for cell 'System_Top_i/axi_bram_ctrl_0'
INFO: [Project 1-454] Reading design checkpoint '/home/gary/Individual_Project_System/Individual_Project_System.gen/sources_1/bd/System_Top/ip/System_Top_blk_mem_gen_0_0/System_Top_blk_mem_gen_0_0.dcp' for cell 'System_Top_i/blk_mem_gen_0'
INFO: [Project 1-454] Reading design checkpoint '/home/gary/Individual_Project_System/Individual_Project_System.gen/sources_1/bd/System_Top/ip/System_Top_proc_sys_reset_0_0/System_Top_proc_sys_reset_0_0.dcp' for cell 'System_Top_i/proc_sys_reset_0'
INFO: [Project 1-454] Reading design checkpoint '/home/gary/Individual_Project_System/Individual_Project_System.gen/sources_1/bd/System_Top/ip/System_Top_processing_system7_0_0/System_Top_processing_system7_0_0.dcp' for cell 'System_Top_i/processing_system7_0'
INFO: [Project 1-454] Reading design checkpoint '/home/gary/Individual_Project_System/Individual_Project_System.gen/sources_1/bd/System_Top/ip/System_Top_smartconnect_0_0/System_Top_smartconnect_0_0.dcp' for cell 'System_Top_i/smartconnect_0'
Netlist sorting complete. Time (s): cpu = 00:00:00.21 ; elapsed = 00:00:00.21 . Memory (MB): peak = 1856.672 ; gain = 0.000 ; free physical = 1848 ; free virtual = 7658
INFO: [Netlist 29-17] Analyzing 10382 Unisim elements for replacement
INFO: [Netlist 29-28] Unisim Transformation completed in 1 CPU seconds
INFO: [Project 1-479] Netlist was created with Vivado 2025.2
INFO: [Project 1-570] Preparing netlist for logic optimization
Parsing XDC File [/home/gary/Individual_Project_System/Individual_Project_System.gen/sources_1/bd/System_Top/ip/System_Top_processing_system7_0_0/System_Top_processing_system7_0_0.xdc] for cell 'System_Top_i/processing_system7_0/inst'
Finished Parsing XDC File [/home/gary/Individual_Project_System/Individual_Project_System.gen/sources_1/bd/System_Top/ip/System_Top_processing_system7_0_0/System_Top_processing_system7_0_0.xdc] for cell 'System_Top_i/processing_system7_0/inst'
Parsing XDC File [/home/gary/Individual_Project_System/Individual_Project_System.gen/sources_1/bd/System_Top/ip/System_Top_smartconnect_0_0/bd_0/ip/ip_1/bd_a752_psr_aclk_0_board.xdc] for cell 'System_Top_i/smartconnect_0/inst/clk_map/psr_aclk/U0'
Finished Parsing XDC File [/home/gary/Individual_Project_System/Individual_Project_System.gen/sources_1/bd/System_Top/ip/System_Top_smartconnect_0_0/bd_0/ip/ip_1/bd_a752_psr_aclk_0_board.xdc] for cell 'System_Top_i/smartconnect_0/inst/clk_map/psr_aclk/U0'
Parsing XDC File [/home/gary/Individual_Project_System/Individual_Project_System.gen/sources_1/bd/System_Top/ip/System_Top_smartconnect_0_0/smartconnect.xdc] for cell 'System_Top_i/smartconnect_0/inst'
Finished Parsing XDC File [/home/gary/Individual_Project_System/Individual_Project_System.gen/sources_1/bd/System_Top/ip/System_Top_smartconnect_0_0/smartconnect.xdc] for cell 'System_Top_i/smartconnect_0/inst'
Parsing XDC File [/home/gary/Individual_Project_System/Individual_Project_System.gen/sources_1/bd/System_Top/ip/System_Top_proc_sys_reset_0_0/System_Top_proc_sys_reset_0_0_board.xdc] for cell 'System_Top_i/proc_sys_reset_0/U0'
Finished Parsing XDC File [/home/gary/Individual_Project_System/Individual_Project_System.gen/sources_1/bd/System_Top/ip/System_Top_proc_sys_reset_0_0/System_Top_proc_sys_reset_0_0_board.xdc] for cell 'System_Top_i/proc_sys_reset_0/U0'
Parsing XDC File [/home/gary/Individual_Project_System/Individual_Project_System.gen/sources_1/bd/System_Top/ip/System_Top_BRAM_Wrapper_0_0/src/PYNQ-Z2 v1.0.xdc] for cell 'System_Top_i/BRAM_Wrapper_0/inst'
Finished Parsing XDC File [/home/gary/Individual_Project_System/Individual_Project_System.gen/sources_1/bd/System_Top/ip/System_Top_BRAM_Wrapper_0_0/src/PYNQ-Z2 v1.0.xdc] for cell 'System_Top_i/BRAM_Wrapper_0/inst'
INFO: [Project 1-1714] 57 XPM XDC files have been applied to the design.
INFO: [Opt 31-138] Pushed 0 inverter(s) to 0 load pin(s).
Generating merged BMM file for the design top 'System_Top_wrapper'...
Netlist sorting complete. Time (s): cpu = 00:00:00.02 ; elapsed = 00:00:00.01 . Memory (MB): peak = 2675.676 ; gain = 0.000 ; free physical = 1099 ; free virtual = 6926
INFO: [Project 1-111] Unisim Transformation Summary:
  A total of 8292 instances were transformed.
  RAM16X1D => RAM32X1D (RAMD32(x2)): 8192 instances
  RAM32M => RAM32M (RAMD32(x6), RAMS32(x2)): 92 instances
  RAM32X1D => RAM32X1D (RAMD32(x2)): 8 instances

20 Infos, 0 Warnings, 0 Critical Warnings and 0 Errors encountered.
link_design completed successfully
link_design: Time (s): cpu = 00:00:17 ; elapsed = 00:00:16 . Memory (MB): peak = 2675.711 ; gain = 1053.273 ; free physical = 1099 ; free virtual = 6926
Command: opt_design
Attempting to get a license for feature 'Implementation' and/or device 'xc7z020'
INFO: [Common 17-349] Got license for feature 'Implementation' and/or device 'xc7z020'
Running DRC as a precondition to command opt_design

Starting DRC Task
INFO: [DRC 23-27] Running DRC with 8 threads
INFO: [Project 1-461] DRC finished with 0 Errors
INFO: [Project 1-462] Please refer to the DRC report (report_drc) for more information.

Time (s): cpu = 00:00:00.98 ; elapsed = 00:00:00.38 . Memory (MB): peak = 2675.711 ; gain = 0.000 ; free physical = 1081 ; free virtual = 6908

Starting Cache Timing Information Task
INFO: [Timing 38-35] Done setting XDC timing constraints.
Ending Cache Timing Information Task | Checksum: 125c936a2

Time (s): cpu = 00:00:02 ; elapsed = 00:00:00.94 . Memory (MB): peak = 2675.711 ; gain = 0.000 ; free physical = 1079 ; free virtual = 6906

Starting Logic Optimization Task

Phase 1 Initialization

Phase 1.1 Core Generation And Design Setup
Phase 1.1 Core Generation And Design Setup | Checksum: 125c936a2

Time (s): cpu = 00:00:00.05 ; elapsed = 00:00:00.05 . Memory (MB): peak = 3022.488 ; gain = 0.000 ; free physical = 730 ; free virtual = 6557

Phase 1.2 Setup Constraints And Sort Netlist
Phase 1.2 Setup Constraints And Sort Netlist | Checksum: 125c936a2

Time (s): cpu = 00:00:00.08 ; elapsed = 00:00:00.08 . Memory (MB): peak = 3022.488 ; gain = 0.000 ; free physical = 730 ; free virtual = 6557
Phase 1 Initialization | Checksum: 125c936a2

Time (s): cpu = 00:00:00.09 ; elapsed = 00:00:00.09 . Memory (MB): peak = 3022.488 ; gain = 0.000 ; free physical = 730 ; free virtual = 6557

Phase 2 Timer Update And Timing Data Collection

Phase 2.1 Detect if minReqCache needed
Phase 2.1 Detect if minReqCache needed | Checksum: 125c936a2

Time (s): cpu = 00:00:00.14 ; elapsed = 00:00:00.15 . Memory (MB): peak = 3041.457 ; gain = 18.969 ; free physical = 723 ; free virtual = 6550

Phase 2.2 Timer Update
Phase 2.2 Timer Update | Checksum: 125c936a2

Time (s): cpu = 00:00:02 ; elapsed = 00:00:00.64 . Memory (MB): peak = 3041.457 ; gain = 18.969 ; free physical = 726 ; free virtual = 6553

Phase 2.3 Timing Data Collection
Phase 2.3 Timing Data Collection | Checksum: 125c936a2

Time (s): cpu = 00:00:02 ; elapsed = 00:00:00.68 . Memory (MB): peak = 3041.457 ; gain = 18.969 ; free physical = 727 ; free virtual = 6554
Phase 2 Timer Update And Timing Data Collection | Checksum: 125c936a2

Time (s): cpu = 00:00:02 ; elapsed = 00:00:00.69 . Memory (MB): peak = 3041.457 ; gain = 18.969 ; free physical = 727 ; free virtual = 6554

Phase 3 Retarget
INFO: [Opt 31-1851] Number of loadless carry chains removed were: 0
INFO: [Opt 31-1834] Total Chains To Be Transformed Were: 0 AND Number of Transformed insts Created are: 0
INFO: [Opt 31-1566] Pulled 1 inverters resulting in an inversion of 7 pins
INFO: [Opt 31-138] Pushed 22 inverter(s) to 146 load pin(s).
INFO: [Opt 31-49] Retargeted 0 cell(s).
Phase 3 Retarget | Checksum: 1bca763bb

Time (s): cpu = 00:00:02 ; elapsed = 00:00:01 . Memory (MB): peak = 3041.457 ; gain = 18.969 ; free physical = 725 ; free virtual = 6552
Retarget | Checksum: 1bca763bb
INFO: [Opt 31-389] Phase Retarget created 21 cells and removed 69 cells
INFO: [Opt 31-1021] In phase Retarget, 60 netlist objects are constrained preventing optimization. Please run opt_design with -debug_log to get more detail. 

Phase 4 Constant propagation
INFO: [Opt 31-138] Pushed 0 inverter(s) to 0 load pin(s).
Phase 4 Constant propagation | Checksum: 139b98027

Time (s): cpu = 00:00:03 ; elapsed = 00:00:01 . Memory (MB): peak = 3041.457 ; gain = 18.969 ; free physical = 729 ; free virtual = 6557
Constant propagation | Checksum: 139b98027
INFO: [Opt 31-389] Phase Constant propagation created 86 cells and removed 212 cells
INFO: [Opt 31-1021] In phase Constant propagation, 60 netlist objects are constrained preventing optimization. Please run opt_design with -debug_log to get more detail. 

Phase 5 Sweep
INFO: [Constraints 18-11670] Building netlist checker database with flags, 0x8
Done building netlist checker database: Time (s): cpu = 00:00:00.03 ; elapsed = 00:00:00.03 . Memory (MB): peak = 3041.457 ; gain = 0.000 ; free physical = 729 ; free virtual = 6557
INFO: [Constraints 18-11670] Building netlist checker database with flags, 0x8
Done building netlist checker database: Time (s): cpu = 00:00:00.01 ; elapsed = 00:00:00.02 . Memory (MB): peak = 3041.457 ; gain = 0.000 ; free physical = 735 ; free virtual = 6563
Phase 5 Sweep | Checksum: 19a330648

Time (s): cpu = 00:00:04 ; elapsed = 00:00:02 . Memory (MB): peak = 3041.457 ; gain = 18.969 ; free physical = 741 ; free virtual = 6567
Sweep | Checksum: 19a330648
INFO: [Opt 31-389] Phase Sweep created 0 cells and removed 762 cells
INFO: [Opt 31-1021] In phase Sweep, 75 netlist objects are constrained preventing optimization. Please run opt_design with -debug_log to get more detail. 

Phase 6 BUFG optimization
Phase 6 BUFG optimization | Checksum: 19a330648

Time (s): cpu = 00:00:04 ; elapsed = 00:00:03 . Memory (MB): peak = 3073.473 ; gain = 50.984 ; free physical = 746 ; free virtual = 6580
BUFG optimization | Checksum: 19a330648
INFO: [Opt 31-662] Phase BUFG optimization created 0 cells of which 0 are BUFGs and removed 0 cells.

Phase 7 Shift Register Optimization
INFO: [Opt 31-1064] SRL Remap converted 0 SRLs to 0 registers and converted 0 registers of register chains to 0 SRLs
Phase 7 Shift Register Optimization | Checksum: 19a330648

Time (s): cpu = 00:00:04 ; elapsed = 00:00:03 . Memory (MB): peak = 3073.473 ; gain = 50.984 ; free physical = 746 ; free virtual = 6580
Shift Register Optimization | Checksum: 19a330648
INFO: [Opt 31-389] Phase Shift Register Optimization created 0 cells and removed 0 cells

Phase 8 Post Processing Netlist
Phase 8 Post Processing Netlist | Checksum: 1d0e0004a

Time (s): cpu = 00:00:05 ; elapsed = 00:00:03 . Memory (MB): peak = 3073.473 ; gain = 50.984 ; free physical = 746 ; free virtual = 6580
Post Processing Netlist | Checksum: 1d0e0004a
INFO: [Opt 31-389] Phase Post Processing Netlist created 0 cells and removed 0 cells
INFO: [Opt 31-1021] In phase Post Processing Netlist, 60 netlist objects are constrained preventing optimization. Please run opt_design with -debug_log to get more detail. 

Phase 9 Finalization

Phase 9.1 Finalizing Design Cores and Updating Shapes
Phase 9.1 Finalizing Design Cores and Updating Shapes | Checksum: 26f3be2e3

Time (s): cpu = 00:00:05 ; elapsed = 00:00:03 . Memory (MB): peak = 3073.473 ; gain = 50.984 ; free physical = 746 ; free virtual = 6580

Phase 9.2 Verifying Netlist Connectivity

Starting Connectivity Check Task

Time (s): cpu = 00:00:00.04 ; elapsed = 00:00:00.04 . Memory (MB): peak = 3073.473 ; gain = 0.000 ; free physical = 740 ; free virtual = 6573
Phase 9.2 Verifying Netlist Connectivity | Checksum: 26f3be2e3

Time (s): cpu = 00:00:05 ; elapsed = 00:00:03 . Memory (MB): peak = 3073.473 ; gain = 50.984 ; free physical = 740 ; free virtual = 6573
Phase 9 Finalization | Checksum: 26f3be2e3

Time (s): cpu = 00:00:05 ; elapsed = 00:00:03 . Memory (MB): peak = 3073.473 ; gain = 50.984 ; free physical = 740 ; free virtual = 6573
Opt_design Change Summary
=========================


-------------------------------------------------------------------------------------------------------------------------
|  Phase                        |  #Cells created  |  #Cells Removed  |  #Constrained objects preventing optimizations  |
-------------------------------------------------------------------------------------------------------------------------
|  Retarget                     |              21  |              69  |                                             60  |
|  Constant propagation         |              86  |             212  |                                             60  |
|  Sweep                        |               0  |             762  |                                             75  |
|  BUFG optimization            |               0  |               0  |                                              0  |
|  Shift Register Optimization  |               0  |               0  |                                              0  |
|  Post Processing Netlist      |               0  |               0  |                                             60  |
-------------------------------------------------------------------------------------------------------------------------


Ending Logic Optimization Task | Checksum: 26f3be2e3

Time (s): cpu = 00:00:05 ; elapsed = 00:00:03 . Memory (MB): peak = 3073.473 ; gain = 50.984 ; free physical = 740 ; free virtual = 6573

Starting Power Optimization Task
INFO: [Pwropt 34-132] Skipping clock gating for clocks with a period < 2.00 ns.
INFO: [Timing 38-35] Done setting XDC timing constraints.
INFO: [Pwropt 34-9] Applying IDT optimizations ...
INFO: [Pwropt 34-10] Applying ODC optimizations ...
Running Vector-less Activity Propagation...

Finished Running Vector-less Activity Propagation


Starting PowerOpt Patch Enables Task
INFO: [Pwropt 34-162] WRITE_MODE attribute of 2 BRAM(s) out of a total of 4 has been updated to save power. Run report_power_opt to get a complete listing of the BRAMs updated.
INFO: [Pwropt 34-201] Structural ODC has moved 2 WE to EN ports
Number of BRAM Ports augmented: 0 newly gated: 2 Total Ports: 8
Ending PowerOpt Patch Enables Task | Checksum: 210e1bf94

Time (s): cpu = 00:00:00.19 ; elapsed = 00:00:00.2 . Memory (MB): peak = 3241.523 ; gain = 0.000 ; free physical = 858 ; free virtual = 6695
Ending Power Optimization Task | Checksum: 210e1bf94

Time (s): cpu = 00:00:10 ; elapsed = 00:00:04 . Memory (MB): peak = 3241.523 ; gain = 168.051 ; free physical = 858 ; free virtual = 6695

Starting Final Cleanup Task
Ending Final Cleanup Task | Checksum: 210e1bf94

Time (s): cpu = 00:00:00.01 ; elapsed = 00:00:00.01 . Memory (MB): peak = 3241.523 ; gain = 0.000 ; free physical = 858 ; free virtual = 6695
Netlist sorting complete. Time (s): cpu = 00:00:00.02 ; elapsed = 00:00:00.02 . Memory (MB): peak = 3241.523 ; gain = 0.000 ; free physical = 858 ; free virtual = 6695
INFO: [Common 17-83] Releasing license: Implementation
51 Infos, 0 Warnings, 0 Critical Warnings and 0 Errors encountered.
opt_design completed successfully
opt_design: Time (s): cpu = 00:00:20 ; elapsed = 00:00:11 . Memory (MB): peak = 3241.523 ; gain = 565.812 ; free physical = 858 ; free virtual = 6695
INFO: [Vivado 12-24828] Executing command : report_drc -file System_Top_wrapper_drc_opted.rpt -pb System_Top_wrapper_drc_opted.pb -rpx System_Top_wrapper_drc_opted.rpx
Command: report_drc -file System_Top_wrapper_drc_opted.rpt -pb System_Top_wrapper_drc_opted.pb -rpx System_Top_wrapper_drc_opted.rpx
INFO: [IP_Flow 19-1839] IP Catalog is up to date.
INFO: [DRC 23-27] Running DRC with 8 threads
INFO: [Vivado_Tcl 2-168] The results of DRC are in file /home/gary/Individual_Project_System/Individual_Project_System.runs/impl_1/System_Top_wrapper_drc_opted.rpt.
report_drc completed successfully
INFO: [Timing 38-480] Writing timing data to binary archive.
Wrote PlaceDB: Time (s): cpu = 00:00:00 ; elapsed = 00:00:00 . Memory (MB): peak = 3241.523 ; gain = 0.000 ; free physical = 836 ; free virtual = 6673
Wrote PulsedLatchDB: Time (s): cpu = 00:00:00 ; elapsed = 00:00:00 . Memory (MB): peak = 3241.523 ; gain = 0.000 ; free physical = 836 ; free virtual = 6673
Writing XDEF routing.
Writing XDEF routing logical nets.
Writing XDEF routing special nets.
Wrote RouteStorage: Time (s): cpu = 00:00:00.32 ; elapsed = 00:00:00.07 . Memory (MB): peak = 3241.523 ; gain = 0.000 ; free physical = 829 ; free virtual = 6669
Wrote PlaceStorage: Time (s): cpu = 00:00:00.03 ; elapsed = 00:00:00 . Memory (MB): peak = 3241.523 ; gain = 0.000 ; free physical = 827 ; free virtual = 6669
Wrote Netlist Cache: Time (s): cpu = 00:00:00.01 ; elapsed = 00:00:00.01 . Memory (MB): peak = 3241.523 ; gain = 0.000 ; free physical = 827 ; free virtual = 6669
Write ShapeDB Complete: Time (s): cpu = 00:00:00.38 ; elapsed = 00:00:00.08 . Memory (MB): peak = 3241.523 ; gain = 0.000 ; free physical = 823 ; free virtual = 6666
Wrote Device Cache: Time (s): cpu = 00:00:00.03 ; elapsed = 00:00:00 . Memory (MB): peak = 3241.523 ; gain = 0.000 ; free physical = 823 ; free virtual = 6666
Write Physdb Complete: Time (s): cpu = 00:00:00.4 ; elapsed = 00:00:00.09 . Memory (MB): peak = 3241.523 ; gain = 0.000 ; free physical = 819 ; free virtual = 6663
INFO: [Common 17-1381] The checkpoint '/home/gary/Individual_Project_System/Individual_Project_System.runs/impl_1/System_Top_wrapper_opt.dcp' has been generated.
Command: place_design
Attempting to get a license for feature 'Implementation' and/or device 'xc7z020'
INFO: [Common 17-349] Got license for feature 'Implementation' and/or device 'xc7z020'
INFO: [Common 17-83] Releasing license: Implementation
INFO: [DRC 23-27] Running DRC with 8 threads
INFO: [Vivado_Tcl 4-198] DRC finished with 0 Errors
INFO: [Vivado_Tcl 4-199] Please refer to the DRC report (report_drc) for more information.
INFO: [Timing 38-35] Done setting XDC timing constraints.
Running DRC as a precondition to command place_design
INFO: [DRC 23-27] Running DRC with 8 threads
INFO: [Vivado_Tcl 4-198] DRC finished with 0 Errors, 21 Warnings
INFO: [Vivado_Tcl 4-199] Please refer to the DRC report (report_drc) for more information.
INFO: [Place 30-611] Multithreading enabled for place_design using a maximum of 8 CPUs

Starting Placer Task

Phase 1 Placer Initialization

Phase 1.1 Placer Initialization Netlist Sorting
Netlist sorting complete. Time (s): cpu = 00:00:00.01 ; elapsed = 00:00:00.02 . Memory (MB): peak = 3280.594 ; gain = 0.000 ; free physical = 794 ; free virtual = 6638
Phase 1.1 Placer Initialization Netlist Sorting | Checksum: 18f098f01

Time (s): cpu = 00:00:00.02 ; elapsed = 00:00:00.03 . Memory (MB): peak = 3280.594 ; gain = 0.000 ; free physical = 794 ; free virtual = 6638
Netlist sorting complete. Time (s): cpu = 00:00:00.01 ; elapsed = 00:00:00.01 . Memory (MB): peak = 3280.594 ; gain = 0.000 ; free physical = 794 ; free virtual = 6638

Phase 1.2 IO Placement/ Clock Placement/ Build Placer Device
Phase 1.2 IO Placement/ Clock Placement/ Build Placer Device | Checksum: ae917ebc

Time (s): cpu = 00:00:05 ; elapsed = 00:00:04 . Memory (MB): peak = 3280.594 ; gain = 0.000 ; free physical = 787 ; free virtual = 6631

Phase 1.3 Build Placer Netlist Model
Phase 1.3 Build Placer Netlist Model | Checksum: 1c22159af

Time (s): cpu = 00:00:19 ; elapsed = 00:00:12 . Memory (MB): peak = 3280.594 ; gain = 0.000 ; free physical = 562 ; free virtual = 6407

Phase 1.4 Constrain Clocks/Macros
Phase 1.4 Constrain Clocks/Macros | Checksum: 1c22159af

Time (s): cpu = 00:00:19 ; elapsed = 00:00:12 . Memory (MB): peak = 3280.594 ; gain = 0.000 ; free physical = 562 ; free virtual = 6407
Phase 1 Placer Initialization | Checksum: 1c22159af

Time (s): cpu = 00:00:19 ; elapsed = 00:00:12 . Memory (MB): peak = 3280.594 ; gain = 0.000 ; free physical = 562 ; free virtual = 6407

Phase 2 Global Placement

Phase 2.1 Floorplanning
Phase 2.1 Floorplanning | Checksum: 194b3494f

Time (s): cpu = 00:00:25 ; elapsed = 00:00:14 . Memory (MB): peak = 3280.594 ; gain = 0.000 ; free physical = 595 ; free virtual = 6441

Phase 2.2 Update Timing before SLR Path Opt
Phase 2.2 Update Timing before SLR Path Opt | Checksum: 127044ecb

Time (s): cpu = 00:00:31 ; elapsed = 00:00:15 . Memory (MB): peak = 3280.594 ; gain = 0.000 ; free physical = 513 ; free virtual = 6357

Phase 2.3 Post-Processing in Floorplanning
Phase 2.3 Post-Processing in Floorplanning | Checksum: 127044ecb

Time (s): cpu = 00:00:31 ; elapsed = 00:00:16 . Memory (MB): peak = 3280.594 ; gain = 0.000 ; free physical = 513 ; free virtual = 6356

Phase 2.4 Global Place Phase1
Phase 2.4 Global Place Phase1 | Checksum: 1785785ed

Time (s): cpu = 00:00:57 ; elapsed = 00:00:25 . Memory (MB): peak = 3280.594 ; gain = 0.000 ; free physical = 532 ; free virtual = 6375

Phase 2.5 Global Place Phase2

Phase 2.5.1 UpdateTiming Before Physical Synthesis
Phase 2.5.1 UpdateTiming Before Physical Synthesis | Checksum: 1e381aee1

Time (s): cpu = 00:01:08 ; elapsed = 00:00:28 . Memory (MB): peak = 3411.547 ; gain = 130.953 ; free physical = 345 ; free virtual = 6190

Phase 2.5.2 Physical Synthesis In Placer
INFO: [Common 17-41] Interrupt caught. Command should exit soon.
INFO: [Physopt 32-1035] Found 0 LUTNM shape to break, 4596 LUT instances to create LUTNM shape
INFO: [Physopt 32-1044] Break lutnm for timing: one critical 0, two critical 0, total 0, new lutff created 0
Phase 2.5.2 Physical Synthesis In Placer | Checksum: 1fb8d1ca8

Time (s): cpu = 00:01:09 ; elapsed = 00:00:29 . Memory (MB): peak = 3411.547 ; gain = 130.953 ; free physical = 375 ; free virtual = 6223
Phase 2.5 Global Place Phase2 | Checksum: 1fb8d1ca8

Time (s): cpu = 00:01:09 ; elapsed = 00:00:29 . Memory (MB): peak = 3411.547 ; gain = 130.953 ; free physical = 375 ; free virtual = 6223
Phase 2 Global Placement | Checksum: 1fb8d1ca8

Time (s): cpu = 00:01:09 ; elapsed = 00:00:29 . Memory (MB): peak = 3411.547 ; gain = 130.953 ; free physical = 375 ; free virtual = 6224
INFO: [Place 30-491] Placement has been cancelled by the user.
Ending Placer Task | Checksum: 1a8c4b016

Time (s): cpu = 00:01:09 ; elapsed = 00:00:29 . Memory (MB): peak = 3411.547 ; gain = 130.953 ; free physical = 374 ; free virtual = 6224
71 Infos, 0 Warnings, 0 Critical Warnings and 1 Errors encountered.
place_design failed
INFO: [Common 17-344] 'place_design' was cancelled
INFO: [Common 17-344] 'source' was cancelled
INFO: [Common 17-206] Exiting Vivado at Fri Mar 27 12:07:45 2026...

*** Running vivado
    with args -log System_Top_wrapper.vdi -applog -m64 -product Vivado -messageDb vivado.pb -mode batch -source System_Top_wrapper.tcl -notrace


****** Vivado v2025.2 (64-bit)
  **** SW Build 6299465 on Fri Nov 14 12:34:56 MST 2025
  **** IP Build 6300035 on Fri Nov 14 10:48:45 MST 2025
  **** SharedData Build 6298862 on Thu Nov 13 04:50:51 MST 2025
  **** Start of session at: Fri Mar 27 12:11:38 2026
    ** Copyright 1986-2022 Xilinx, Inc. All Rights Reserved.
    ** Copyright 2022-2025 Advanced Micro Devices, Inc. All Rights Reserved.

source System_Top_wrapper.tcl -notrace
INFO: [IP_Flow 19-234] Refreshing IP repositories
INFO: [IP_Flow 19-1700] Loaded user IP repository '/home/gary/Individual_Project/ip'.
INFO: [IP_Flow 19-2313] Loaded Vivado IP repository '/opt/2025.2/data/ip'.
Command: link_design -top System_Top_wrapper -part xc7z020clg400-1
Design is defaulting to srcset: sources_1
Design is defaulting to constrset: constrs_1
INFO: [Device 21-403] Loading part xc7z020clg400-1
INFO: [Project 1-5699] Read binary netlist with skipMacroContent - 1
INFO: [Project 1-454] Reading design checkpoint '/home/gary/Individual_Project_System/Individual_Project_System.gen/sources_1/bd/System_Top/ip/System_Top_AXI_ArrayProc_0_0/System_Top_AXI_ArrayProc_0_0.dcp' for cell 'System_Top_i/AXI_ArrayProc_0'
INFO: [Project 1-454] Reading design checkpoint '/home/gary/Individual_Project_System/Individual_Project_System.gen/sources_1/bd/System_Top/ip/System_Top_BRAM_Wrapper_0_0/System_Top_BRAM_Wrapper_0_0.dcp' for cell 'System_Top_i/BRAM_Wrapper_0'
INFO: [Project 1-454] Reading design checkpoint '/home/gary/Individual_Project_System/Individual_Project_System.gen/sources_1/bd/System_Top/ip/System_Top_Top_0_0/System_Top_Top_0_0.dcp' for cell 'System_Top_i/Top_0'
INFO: [Project 1-454] Reading design checkpoint '/home/gary/Individual_Project_System/Individual_Project_System.gen/sources_1/bd/System_Top/ip/System_Top_axi_bram_ctrl_0_0/System_Top_axi_bram_ctrl_0_0.dcp' for cell 'System_Top_i/axi_bram_ctrl_0'
INFO: [Project 1-454] Reading design checkpoint '/home/gary/Individual_Project_System/Individual_Project_System.gen/sources_1/bd/System_Top/ip/System_Top_blk_mem_gen_0_0/System_Top_blk_mem_gen_0_0.dcp' for cell 'System_Top_i/blk_mem_gen_0'
INFO: [Project 1-454] Reading design checkpoint '/home/gary/Individual_Project_System/Individual_Project_System.gen/sources_1/bd/System_Top/ip/System_Top_proc_sys_reset_0_0/System_Top_proc_sys_reset_0_0.dcp' for cell 'System_Top_i/proc_sys_reset_0'
INFO: [Project 1-454] Reading design checkpoint '/home/gary/Individual_Project_System/Individual_Project_System.gen/sources_1/bd/System_Top/ip/System_Top_processing_system7_0_0/System_Top_processing_system7_0_0.dcp' for cell 'System_Top_i/processing_system7_0'
INFO: [Project 1-454] Reading design checkpoint '/home/gary/Individual_Project_System/Individual_Project_System.gen/sources_1/bd/System_Top/ip/System_Top_smartconnect_0_0/System_Top_smartconnect_0_0.dcp' for cell 'System_Top_i/smartconnect_0'
Netlist sorting complete. Time (s): cpu = 00:00:00.2 ; elapsed = 00:00:00.2 . Memory (MB): peak = 1856.695 ; gain = 0.000 ; free physical = 2140 ; free virtual = 8900
INFO: [Netlist 29-17] Analyzing 10382 Unisim elements for replacement
INFO: [Netlist 29-28] Unisim Transformation completed in 1 CPU seconds
INFO: [Project 1-479] Netlist was created with Vivado 2025.2
INFO: [Project 1-570] Preparing netlist for logic optimization
Parsing XDC File [/home/gary/Individual_Project_System/Individual_Project_System.gen/sources_1/bd/System_Top/ip/System_Top_processing_system7_0_0/System_Top_processing_system7_0_0.xdc] for cell 'System_Top_i/processing_system7_0/inst'
Finished Parsing XDC File [/home/gary/Individual_Project_System/Individual_Project_System.gen/sources_1/bd/System_Top/ip/System_Top_processing_system7_0_0/System_Top_processing_system7_0_0.xdc] for cell 'System_Top_i/processing_system7_0/inst'
Parsing XDC File [/home/gary/Individual_Project_System/Individual_Project_System.gen/sources_1/bd/System_Top/ip/System_Top_smartconnect_0_0/bd_0/ip/ip_1/bd_a752_psr_aclk_0_board.xdc] for cell 'System_Top_i/smartconnect_0/inst/clk_map/psr_aclk/U0'
Finished Parsing XDC File [/home/gary/Individual_Project_System/Individual_Project_System.gen/sources_1/bd/System_Top/ip/System_Top_smartconnect_0_0/bd_0/ip/ip_1/bd_a752_psr_aclk_0_board.xdc] for cell 'System_Top_i/smartconnect_0/inst/clk_map/psr_aclk/U0'
Parsing XDC File [/home/gary/Individual_Project_System/Individual_Project_System.gen/sources_1/bd/System_Top/ip/System_Top_smartconnect_0_0/smartconnect.xdc] for cell 'System_Top_i/smartconnect_0/inst'
Finished Parsing XDC File [/home/gary/Individual_Project_System/Individual_Project_System.gen/sources_1/bd/System_Top/ip/System_Top_smartconnect_0_0/smartconnect.xdc] for cell 'System_Top_i/smartconnect_0/inst'
Parsing XDC File [/home/gary/Individual_Project_System/Individual_Project_System.gen/sources_1/bd/System_Top/ip/System_Top_proc_sys_reset_0_0/System_Top_proc_sys_reset_0_0_board.xdc] for cell 'System_Top_i/proc_sys_reset_0/U0'
Finished Parsing XDC File [/home/gary/Individual_Project_System/Individual_Project_System.gen/sources_1/bd/System_Top/ip/System_Top_proc_sys_reset_0_0/System_Top_proc_sys_reset_0_0_board.xdc] for cell 'System_Top_i/proc_sys_reset_0/U0'
Parsing XDC File [/home/gary/Individual_Project_System/Individual_Project_System.gen/sources_1/bd/System_Top/ip/System_Top_BRAM_Wrapper_0_0/src/PYNQ-Z2 v1.0.xdc] for cell 'System_Top_i/BRAM_Wrapper_0/inst'
Finished Parsing XDC File [/home/gary/Individual_Project_System/Individual_Project_System.gen/sources_1/bd/System_Top/ip/System_Top_BRAM_Wrapper_0_0/src/PYNQ-Z2 v1.0.xdc] for cell 'System_Top_i/BRAM_Wrapper_0/inst'
INFO: [Project 1-1714] 57 XPM XDC files have been applied to the design.
INFO: [Opt 31-138] Pushed 0 inverter(s) to 0 load pin(s).
Generating merged BMM file for the design top 'System_Top_wrapper'...
Netlist sorting complete. Time (s): cpu = 00:00:00.02 ; elapsed = 00:00:00.02 . Memory (MB): peak = 2676.605 ; gain = 0.000 ; free physical = 1002 ; free virtual = 7818
INFO: [Project 1-111] Unisim Transformation Summary:
  A total of 8292 instances were transformed.
  RAM16X1D => RAM32X1D (RAMD32(x2)): 8192 instances
  RAM32M => RAM32M (RAMD32(x6), RAMS32(x2)): 92 instances
  RAM32X1D => RAM32X1D (RAMD32(x2)): 8 instances

20 Infos, 0 Warnings, 0 Critical Warnings and 0 Errors encountered.
link_design completed successfully
link_design: Time (s): cpu = 00:00:18 ; elapsed = 00:00:17 . Memory (MB): peak = 2676.641 ; gain = 1054.203 ; free physical = 1002 ; free virtual = 7819
Command: opt_design
Attempting to get a license for feature 'Implementation' and/or device 'xc7z020'
INFO: [Common 17-349] Got license for feature 'Implementation' and/or device 'xc7z020'
Running DRC as a precondition to command opt_design

Starting DRC Task
INFO: [DRC 23-27] Running DRC with 8 threads
INFO: [Project 1-461] DRC finished with 0 Errors
INFO: [Project 1-462] Please refer to the DRC report (report_drc) for more information.

Time (s): cpu = 00:00:00.94 ; elapsed = 00:00:00.36 . Memory (MB): peak = 2676.641 ; gain = 0.000 ; free physical = 984 ; free virtual = 7803

Starting Cache Timing Information Task
INFO: [Timing 38-35] Done setting XDC timing constraints.
Ending Cache Timing Information Task | Checksum: 125c936a2

Time (s): cpu = 00:00:02 ; elapsed = 00:00:01 . Memory (MB): peak = 2676.641 ; gain = 0.000 ; free physical = 890 ; free virtual = 7709

Starting Logic Optimization Task

Phase 1 Initialization

Phase 1.1 Core Generation And Design Setup
Phase 1.1 Core Generation And Design Setup | Checksum: 125c936a2

Time (s): cpu = 00:00:00.05 ; elapsed = 00:00:00.05 . Memory (MB): peak = 3022.418 ; gain = 0.000 ; free physical = 592 ; free virtual = 7411

Phase 1.2 Setup Constraints And Sort Netlist
Phase 1.2 Setup Constraints And Sort Netlist | Checksum: 125c936a2

Time (s): cpu = 00:00:00.07 ; elapsed = 00:00:00.07 . Memory (MB): peak = 3022.418 ; gain = 0.000 ; free physical = 592 ; free virtual = 7411
Phase 1 Initialization | Checksum: 125c936a2

Time (s): cpu = 00:00:00.08 ; elapsed = 00:00:00.08 . Memory (MB): peak = 3022.418 ; gain = 0.000 ; free physical = 592 ; free virtual = 7411

Phase 2 Timer Update And Timing Data Collection

Phase 2.1 Detect if minReqCache needed
Phase 2.1 Detect if minReqCache needed | Checksum: 125c936a2

Time (s): cpu = 00:00:00.13 ; elapsed = 00:00:00.13 . Memory (MB): peak = 3038.418 ; gain = 16.000 ; free physical = 569 ; free virtual = 7388

Phase 2.2 Timer Update
Phase 2.2 Timer Update | Checksum: 125c936a2

Time (s): cpu = 00:00:02 ; elapsed = 00:00:00.62 . Memory (MB): peak = 3038.418 ; gain = 16.000 ; free physical = 579 ; free virtual = 7393

Phase 2.3 Timing Data Collection
Phase 2.3 Timing Data Collection | Checksum: 125c936a2

Time (s): cpu = 00:00:02 ; elapsed = 00:00:00.66 . Memory (MB): peak = 3038.418 ; gain = 16.000 ; free physical = 571 ; free virtual = 7385
Phase 2 Timer Update And Timing Data Collection | Checksum: 125c936a2

Time (s): cpu = 00:00:02 ; elapsed = 00:00:00.67 . Memory (MB): peak = 3038.418 ; gain = 16.000 ; free physical = 571 ; free virtual = 7385

Phase 3 Retarget
INFO: [Opt 31-1851] Number of loadless carry chains removed were: 0
INFO: [Opt 31-1834] Total Chains To Be Transformed Were: 0 AND Number of Transformed insts Created are: 0
INFO: [Opt 31-1566] Pulled 1 inverters resulting in an inversion of 7 pins
INFO: [Opt 31-138] Pushed 22 inverter(s) to 146 load pin(s).
INFO: [Opt 31-49] Retargeted 0 cell(s).
Phase 3 Retarget | Checksum: 1bca763bb

Time (s): cpu = 00:00:02 ; elapsed = 00:00:01 . Memory (MB): peak = 3038.418 ; gain = 16.000 ; free physical = 574 ; free virtual = 7389
Retarget | Checksum: 1bca763bb
INFO: [Opt 31-389] Phase Retarget created 21 cells and removed 69 cells
INFO: [Opt 31-1021] In phase Retarget, 60 netlist objects are constrained preventing optimization. Please run opt_design with -debug_log to get more detail. 

Phase 4 Constant propagation
INFO: [Opt 31-138] Pushed 0 inverter(s) to 0 load pin(s).
Phase 4 Constant propagation | Checksum: 139b98027

Time (s): cpu = 00:00:03 ; elapsed = 00:00:01 . Memory (MB): peak = 3038.418 ; gain = 16.000 ; free physical = 575 ; free virtual = 7389
Constant propagation | Checksum: 139b98027
INFO: [Opt 31-389] Phase Constant propagation created 86 cells and removed 212 cells
INFO: [Opt 31-1021] In phase Constant propagation, 60 netlist objects are constrained preventing optimization. Please run opt_design with -debug_log to get more detail. 

Phase 5 Sweep
INFO: [Constraints 18-11670] Building netlist checker database with flags, 0x8
Done building netlist checker database: Time (s): cpu = 00:00:00.02 ; elapsed = 00:00:00.02 . Memory (MB): peak = 3038.418 ; gain = 0.000 ; free physical = 575 ; free virtual = 7389
INFO: [Constraints 18-11670] Building netlist checker database with flags, 0x8
Done building netlist checker database: Time (s): cpu = 00:00:00.02 ; elapsed = 00:00:00.02 . Memory (MB): peak = 3038.418 ; gain = 0.000 ; free physical = 583 ; free virtual = 7398
Phase 5 Sweep | Checksum: 19a330648

Time (s): cpu = 00:00:03 ; elapsed = 00:00:02 . Memory (MB): peak = 3038.418 ; gain = 16.000 ; free physical = 586 ; free virtual = 7401
Sweep | Checksum: 19a330648
INFO: [Opt 31-389] Phase Sweep created 0 cells and removed 762 cells
INFO: [Opt 31-1021] In phase Sweep, 75 netlist objects are constrained preventing optimization. Please run opt_design with -debug_log to get more detail. 

Phase 6 BUFG optimization
Phase 6 BUFG optimization | Checksum: 19a330648

Time (s): cpu = 00:00:04 ; elapsed = 00:00:02 . Memory (MB): peak = 3070.434 ; gain = 48.016 ; free physical = 588 ; free virtual = 7400
BUFG optimization | Checksum: 19a330648
INFO: [Opt 31-662] Phase BUFG optimization created 0 cells of which 0 are BUFGs and removed 0 cells.

Phase 7 Shift Register Optimization
INFO: [Opt 31-1064] SRL Remap converted 0 SRLs to 0 registers and converted 0 registers of register chains to 0 SRLs
Phase 7 Shift Register Optimization | Checksum: 19a330648

Time (s): cpu = 00:00:04 ; elapsed = 00:00:02 . Memory (MB): peak = 3070.434 ; gain = 48.016 ; free physical = 588 ; free virtual = 7400
Shift Register Optimization | Checksum: 19a330648
INFO: [Opt 31-389] Phase Shift Register Optimization created 0 cells and removed 0 cells

Phase 8 Post Processing Netlist
Phase 8 Post Processing Netlist | Checksum: 1d0e0004a

Time (s): cpu = 00:00:04 ; elapsed = 00:00:03 . Memory (MB): peak = 3070.434 ; gain = 48.016 ; free physical = 588 ; free virtual = 7400
Post Processing Netlist | Checksum: 1d0e0004a
INFO: [Opt 31-389] Phase Post Processing Netlist created 0 cells and removed 0 cells
INFO: [Opt 31-1021] In phase Post Processing Netlist, 60 netlist objects are constrained preventing optimization. Please run opt_design with -debug_log to get more detail. 

Phase 9 Finalization

Phase 9.1 Finalizing Design Cores and Updating Shapes
Phase 9.1 Finalizing Design Cores and Updating Shapes | Checksum: 26f3be2e3

Time (s): cpu = 00:00:05 ; elapsed = 00:00:03 . Memory (MB): peak = 3070.434 ; gain = 48.016 ; free physical = 595 ; free virtual = 7407

Phase 9.2 Verifying Netlist Connectivity

Starting Connectivity Check Task

Time (s): cpu = 00:00:00.03 ; elapsed = 00:00:00.04 . Memory (MB): peak = 3070.434 ; gain = 0.000 ; free physical = 595 ; free virtual = 7407
Phase 9.2 Verifying Netlist Connectivity | Checksum: 26f3be2e3

Time (s): cpu = 00:00:05 ; elapsed = 00:00:03 . Memory (MB): peak = 3070.434 ; gain = 48.016 ; free physical = 595 ; free virtual = 7407
Phase 9 Finalization | Checksum: 26f3be2e3

Time (s): cpu = 00:00:05 ; elapsed = 00:00:03 . Memory (MB): peak = 3070.434 ; gain = 48.016 ; free physical = 595 ; free virtual = 7407
Opt_design Change Summary
=========================


-------------------------------------------------------------------------------------------------------------------------
|  Phase                        |  #Cells created  |  #Cells Removed  |  #Constrained objects preventing optimizations  |
-------------------------------------------------------------------------------------------------------------------------
|  Retarget                     |              21  |              69  |                                             60  |
|  Constant propagation         |              86  |             212  |                                             60  |
|  Sweep                        |               0  |             762  |                                             75  |
|  BUFG optimization            |               0  |               0  |                                              0  |
|  Shift Register Optimization  |               0  |               0  |                                              0  |
|  Post Processing Netlist      |               0  |               0  |                                             60  |
-------------------------------------------------------------------------------------------------------------------------


Ending Logic Optimization Task | Checksum: 26f3be2e3

Time (s): cpu = 00:00:05 ; elapsed = 00:00:03 . Memory (MB): peak = 3070.434 ; gain = 48.016 ; free physical = 596 ; free virtual = 7408

Starting Power Optimization Task
INFO: [Pwropt 34-132] Skipping clock gating for clocks with a period < 2.00 ns.
INFO: [Timing 38-35] Done setting XDC timing constraints.
INFO: [Pwropt 34-9] Applying IDT optimizations ...
INFO: [Pwropt 34-10] Applying ODC optimizations ...
Running Vector-less Activity Propagation...

Finished Running Vector-less Activity Propagation


Starting PowerOpt Patch Enables Task
INFO: [Pwropt 34-162] WRITE_MODE attribute of 2 BRAM(s) out of a total of 4 has been updated to save power. Run report_power_opt to get a complete listing of the BRAMs updated.
INFO: [Pwropt 34-201] Structural ODC has moved 2 WE to EN ports
Number of BRAM Ports augmented: 0 newly gated: 2 Total Ports: 8
Ending PowerOpt Patch Enables Task | Checksum: 210e1bf94

Time (s): cpu = 00:00:00.19 ; elapsed = 00:00:00.19 . Memory (MB): peak = 3238.484 ; gain = 0.000 ; free physical = 814 ; free virtual = 7627
Ending Power Optimization Task | Checksum: 210e1bf94

Time (s): cpu = 00:00:09 ; elapsed = 00:00:04 . Memory (MB): peak = 3238.484 ; gain = 168.051 ; free physical = 814 ; free virtual = 7627

Starting Final Cleanup Task
Ending Final Cleanup Task | Checksum: 210e1bf94

Time (s): cpu = 00:00:00.01 ; elapsed = 00:00:00.01 . Memory (MB): peak = 3238.484 ; gain = 0.000 ; free physical = 814 ; free virtual = 7627
Netlist sorting complete. Time (s): cpu = 00:00:00.01 ; elapsed = 00:00:00.01 . Memory (MB): peak = 3238.484 ; gain = 0.000 ; free physical = 814 ; free virtual = 7627
INFO: [Common 17-83] Releasing license: Implementation
51 Infos, 0 Warnings, 0 Critical Warnings and 0 Errors encountered.
opt_design completed successfully
opt_design: Time (s): cpu = 00:00:19 ; elapsed = 00:00:10 . Memory (MB): peak = 3238.484 ; gain = 561.844 ; free physical = 814 ; free virtual = 7627
INFO: [Vivado 12-24828] Executing command : report_drc -file System_Top_wrapper_drc_opted.rpt -pb System_Top_wrapper_drc_opted.pb -rpx System_Top_wrapper_drc_opted.rpx
Command: report_drc -file System_Top_wrapper_drc_opted.rpt -pb System_Top_wrapper_drc_opted.pb -rpx System_Top_wrapper_drc_opted.rpx
INFO: [IP_Flow 19-1839] IP Catalog is up to date.
INFO: [DRC 23-27] Running DRC with 8 threads
INFO: [Vivado_Tcl 2-168] The results of DRC are in file /home/gary/Individual_Project_System/Individual_Project_System.runs/impl_1/System_Top_wrapper_drc_opted.rpt.
report_drc completed successfully
INFO: [Timing 38-480] Writing timing data to binary archive.
Wrote PlaceDB: Time (s): cpu = 00:00:00 ; elapsed = 00:00:00 . Memory (MB): peak = 3238.484 ; gain = 0.000 ; free physical = 804 ; free virtual = 7616
Wrote PulsedLatchDB: Time (s): cpu = 00:00:00 ; elapsed = 00:00:00 . Memory (MB): peak = 3238.484 ; gain = 0.000 ; free physical = 804 ; free virtual = 7616
Writing XDEF routing.
Writing XDEF routing logical nets.
Writing XDEF routing special nets.
Wrote RouteStorage: Time (s): cpu = 00:00:00.31 ; elapsed = 00:00:00.07 . Memory (MB): peak = 3238.484 ; gain = 0.000 ; free physical = 797 ; free virtual = 7612
Wrote PlaceStorage: Time (s): cpu = 00:00:00.03 ; elapsed = 00:00:00 . Memory (MB): peak = 3238.484 ; gain = 0.000 ; free physical = 794 ; free virtual = 7611
Wrote Netlist Cache: Time (s): cpu = 00:00:00 ; elapsed = 00:00:00 . Memory (MB): peak = 3238.484 ; gain = 0.000 ; free physical = 790 ; free virtual = 7607
Write ShapeDB Complete: Time (s): cpu = 00:00:00.36 ; elapsed = 00:00:00.08 . Memory (MB): peak = 3238.484 ; gain = 0.000 ; free physical = 790 ; free virtual = 7608
Wrote Device Cache: Time (s): cpu = 00:00:00.04 ; elapsed = 00:00:00.01 . Memory (MB): peak = 3238.484 ; gain = 0.000 ; free physical = 790 ; free virtual = 7608
Write Physdb Complete: Time (s): cpu = 00:00:00.39 ; elapsed = 00:00:00.09 . Memory (MB): peak = 3238.484 ; gain = 0.000 ; free physical = 789 ; free virtual = 7607
INFO: [Common 17-1381] The checkpoint '/home/gary/Individual_Project_System/Individual_Project_System.runs/impl_1/System_Top_wrapper_opt.dcp' has been generated.
Command: place_design
Attempting to get a license for feature 'Implementation' and/or device 'xc7z020'
INFO: [Common 17-349] Got license for feature 'Implementation' and/or device 'xc7z020'
INFO: [Common 17-83] Releasing license: Implementation
INFO: [DRC 23-27] Running DRC with 8 threads
INFO: [Vivado_Tcl 4-198] DRC finished with 0 Errors
INFO: [Vivado_Tcl 4-199] Please refer to the DRC report (report_drc) for more information.
INFO: [Timing 38-35] Done setting XDC timing constraints.
Running DRC as a precondition to command place_design
INFO: [DRC 23-27] Running DRC with 8 threads
INFO: [Vivado_Tcl 4-198] DRC finished with 0 Errors, 21 Warnings
INFO: [Vivado_Tcl 4-199] Please refer to the DRC report (report_drc) for more information.
INFO: [Place 30-611] Multithreading enabled for place_design using a maximum of 8 CPUs

Starting Placer Task

Phase 1 Placer Initialization

Phase 1.1 Placer Initialization Netlist Sorting
Netlist sorting complete. Time (s): cpu = 00:00:00.02 ; elapsed = 00:00:00.02 . Memory (MB): peak = 3277.555 ; gain = 0.000 ; free physical = 745 ; free virtual = 7566
Phase 1.1 Placer Initialization Netlist Sorting | Checksum: 18f098f01

Time (s): cpu = 00:00:00.03 ; elapsed = 00:00:00.03 . Memory (MB): peak = 3277.555 ; gain = 0.000 ; free physical = 746 ; free virtual = 7566
Netlist sorting complete. Time (s): cpu = 00:00:00.02 ; elapsed = 00:00:00.02 . Memory (MB): peak = 3277.555 ; gain = 0.000 ; free physical = 746 ; free virtual = 7566

Phase 1.2 IO Placement/ Clock Placement/ Build Placer Device
Phase 1.2 IO Placement/ Clock Placement/ Build Placer Device | Checksum: ae917ebc

Time (s): cpu = 00:00:05 ; elapsed = 00:00:04 . Memory (MB): peak = 3277.555 ; gain = 0.000 ; free physical = 657 ; free virtual = 7480

Phase 1.3 Build Placer Netlist Model
Phase 1.3 Build Placer Netlist Model | Checksum: 1c22159af

Time (s): cpu = 00:00:20 ; elapsed = 00:00:13 . Memory (MB): peak = 3277.555 ; gain = 0.000 ; free physical = 404 ; free virtual = 7312

Phase 1.4 Constrain Clocks/Macros
Phase 1.4 Constrain Clocks/Macros | Checksum: 1c22159af

Time (s): cpu = 00:00:20 ; elapsed = 00:00:13 . Memory (MB): peak = 3277.555 ; gain = 0.000 ; free physical = 404 ; free virtual = 7312
Phase 1 Placer Initialization | Checksum: 1c22159af

Time (s): cpu = 00:00:20 ; elapsed = 00:00:14 . Memory (MB): peak = 3277.555 ; gain = 0.000 ; free physical = 414 ; free virtual = 7322

Phase 2 Global Placement

Phase 2.1 Floorplanning
Phase 2.1 Floorplanning | Checksum: 194b3494f

Time (s): cpu = 00:00:27 ; elapsed = 00:00:15 . Memory (MB): peak = 3277.555 ; gain = 0.000 ; free physical = 451 ; free virtual = 7344

Phase 2.2 Update Timing before SLR Path Opt
Phase 2.2 Update Timing before SLR Path Opt | Checksum: 127044ecb

Time (s): cpu = 00:00:34 ; elapsed = 00:00:17 . Memory (MB): peak = 3282.906 ; gain = 5.352 ; free physical = 394 ; free virtual = 7295

Phase 2.3 Post-Processing in Floorplanning
Phase 2.3 Post-Processing in Floorplanning | Checksum: 127044ecb

Time (s): cpu = 00:00:34 ; elapsed = 00:00:17 . Memory (MB): peak = 3282.906 ; gain = 5.352 ; free physical = 394 ; free virtual = 7295

Phase 2.4 Global Place Phase1
Phase 2.4 Global Place Phase1 | Checksum: 1785785ed

Time (s): cpu = 00:01:01 ; elapsed = 00:00:27 . Memory (MB): peak = 3282.906 ; gain = 5.352 ; free physical = 448 ; free virtual = 7353

Phase 2.5 Global Place Phase2

Phase 2.5.1 UpdateTiming Before Physical Synthesis
Phase 2.5.1 UpdateTiming Before Physical Synthesis | Checksum: 1e381aee1

Time (s): cpu = 00:01:13 ; elapsed = 00:00:30 . Memory (MB): peak = 3360.906 ; gain = 83.352 ; free physical = 359 ; free virtual = 7266

Phase 2.5.2 Physical Synthesis In Placer
INFO: [Physopt 32-1035] Found 0 LUTNM shape to break, 4596 LUT instances to create LUTNM shape
INFO: [Physopt 32-1044] Break lutnm for timing: one critical 0, two critical 0, total 0, new lutff created 0
INFO: [Physopt 32-1138] End 1 Pass. Optimized 2233 nets or LUTs. Breaked 0 LUT, combined 2233 existing LUTs and moved 0 existing LUT
INFO: [Physopt 32-65] No nets found for high-fanout optimization.
INFO: [Physopt 32-232] Optimized 0 net. Created 0 new instance.
INFO: [Physopt 32-775] End 1 Pass. Optimized 0 net or cell. Created 0 new cell, deleted 0 existing cell and moved 0 existing cell
INFO: [Physopt 32-670] No setup violation found.  DSP Register Optimization was not performed.
INFO: [Physopt 32-670] No setup violation found.  Shift Register to Pipeline Optimization was not performed.
INFO: [Physopt 32-670] No setup violation found.  Shift Register Optimization was not performed.
INFO: [Physopt 32-670] No setup violation found.  BRAM Register Optimization was not performed.
INFO: [Physopt 32-670] No setup violation found.  URAM Register Optimization was not performed.
INFO: [Physopt 32-949] No candidate nets found for dynamic/static region interface net replication
INFO: [Physopt 32-775] End 1 Pass. Optimized 0 net or cell. Created 0 new cell, deleted 0 existing cell and moved 0 existing cell
Netlist sorting complete. Time (s): cpu = 00:00:00.01 ; elapsed = 00:00:00.02 . Memory (MB): peak = 3360.906 ; gain = 0.000 ; free physical = 276 ; free virtual = 7183

Summary of Physical Synthesis Optimizations
============================================


-----------------------------------------------------------------------------------------------------------------------------------------------------------
|  Optimization                                     |  Added Cells  |  Removed Cells  |  Optimized Cells/Nets  |  Dont Touch  |  Iterations  |  Elapsed   |
-----------------------------------------------------------------------------------------------------------------------------------------------------------
|  LUT Combining                                    |            0  |           2233  |                  2233  |           0  |           1  |  00:00:03  |
|  Retime                                           |            0  |              0  |                     0  |           0  |           1  |  00:00:00  |
|  Very High Fanout                                 |            0  |              0  |                     0  |           0  |           1  |  00:00:00  |
|  DSP Register                                     |            0  |              0  |                     0  |           0  |           0  |  00:00:00  |
|  Shift Register to Pipeline                       |            0  |              0  |                     0  |           0  |           0  |  00:00:00  |
|  Shift Register                                   |            0  |              0  |                     0  |           0  |           0  |  00:00:00  |
|  BRAM Register                                    |            0  |              0  |                     0  |           0  |           0  |  00:00:00  |
|  URAM Register                                    |            0  |              0  |                     0  |           0  |           0  |  00:00:00  |
|  Dynamic/Static Region Interface Net Replication  |            0  |              0  |                     0  |           0  |           1  |  00:00:00  |
|  Total                                            |            0  |           2233  |                  2233  |           0  |           4  |  00:00:04  |
-----------------------------------------------------------------------------------------------------------------------------------------------------------


Phase 2.5.2 Physical Synthesis In Placer | Checksum: 1e558c8ae

Time (s): cpu = 00:01:24 ; elapsed = 00:00:36 . Memory (MB): peak = 3372.023 ; gain = 94.469 ; free physical = 281 ; free virtual = 7185
Phase 2.5 Global Place Phase2 | Checksum: 1f465f9a4

Time (s): cpu = 00:01:26 ; elapsed = 00:00:37 . Memory (MB): peak = 3372.023 ; gain = 94.469 ; free physical = 285 ; free virtual = 7190
Phase 2 Global Placement | Checksum: 1f465f9a4

Time (s): cpu = 00:01:26 ; elapsed = 00:00:37 . Memory (MB): peak = 3372.023 ; gain = 94.469 ; free physical = 285 ; free virtual = 7190

Phase 3 Detail Placement

Phase 3.1 Commit Multi Column Macros
Phase 3.1 Commit Multi Column Macros | Checksum: 213d20acb

Time (s): cpu = 00:01:32 ; elapsed = 00:00:38 . Memory (MB): peak = 3372.023 ; gain = 94.469 ; free physical = 373 ; free virtual = 7277

Phase 3.2 Commit Most Macros & LUTRAMs
Phase 3.2 Commit Most Macros & LUTRAMs | Checksum: 1519c4cf6

Time (s): cpu = 00:02:56 ; elapsed = 00:01:36 . Memory (MB): peak = 3372.023 ; gain = 94.469 ; free physical = 601 ; free virtual = 7395

Phase 3.3 Area Swap Optimization
Phase 3.3 Area Swap Optimization | Checksum: e2cf9d35

Time (s): cpu = 00:02:57 ; elapsed = 00:01:36 . Memory (MB): peak = 3372.023 ; gain = 94.469 ; free physical = 601 ; free virtual = 7395

Phase 3.4 Pipeline Register Optimization
Phase 3.4 Pipeline Register Optimization | Checksum: 1ba2a9282

Time (s): cpu = 00:02:57 ; elapsed = 00:01:36 . Memory (MB): peak = 3372.023 ; gain = 94.469 ; free physical = 601 ; free virtual = 7395

Phase 3.5 Small Shape Detail Placement
Phase 3.5 Small Shape Detail Placement | Checksum: 11be4a12e

Time (s): cpu = 00:03:02 ; elapsed = 00:01:41 . Memory (MB): peak = 3372.023 ; gain = 94.469 ; free physical = 456 ; free virtual = 7243

Phase 3.6 Re-assign LUT pins
Phase 3.6 Re-assign LUT pins | Checksum: e191b6f7

Time (s): cpu = 00:03:03 ; elapsed = 00:01:41 . Memory (MB): peak = 3372.023 ; gain = 94.469 ; free physical = 612 ; free virtual = 7399

Phase 3.7 Pipeline Register Optimization
Phase 3.7 Pipeline Register Optimization | Checksum: 1c9f6ac08

Time (s): cpu = 00:03:03 ; elapsed = 00:01:41 . Memory (MB): peak = 3372.023 ; gain = 94.469 ; free physical = 614 ; free virtual = 7401
Phase 3 Detail Placement | Checksum: 1c9f6ac08

Time (s): cpu = 00:03:03 ; elapsed = 00:01:41 . Memory (MB): peak = 3372.023 ; gain = 94.469 ; free physical = 614 ; free virtual = 7401

Phase 4 Post Placement Optimization and Clean-Up

Phase 4.1 Post Commit Optimization
INFO: [Timing 38-35] Done setting XDC timing constraints.

Phase 4.1.1 Post Placement Optimization
Post Placement Optimization Initialization | Checksum: 1c2f276fc

Phase 4.1.1.1 BUFG Insertion

Starting Physical Synthesis Task

Phase 1 Physical Synthesis Initialization
INFO: [Physopt 32-721] Multithreading enabled for phys_opt_design using a maximum of 8 CPUs
INFO: [Physopt 32-619] Estimated Timing Summary | WNS=1.519 | TNS=0.000 |
Phase 1 Physical Synthesis Initialization | Checksum: 1aa0a6cd0

Time (s): cpu = 00:00:02 ; elapsed = 00:00:00.38 . Memory (MB): peak = 3372.023 ; gain = 0.000 ; free physical = 647 ; free virtual = 7434
INFO: [Place 46-56] BUFG insertion identified 0 candidate nets. Inserted BUFG: 0, Replicated BUFG Driver: 0, Skipped due to Placement/Routing Conflicts: 0, Skipped due to Timing Degradation: 0, Skipped due to netlist editing failed: 0.
Ending Physical Synthesis Task | Checksum: 19d4f1d74

Time (s): cpu = 00:00:02 ; elapsed = 00:00:00.87 . Memory (MB): peak = 3372.023 ; gain = 0.000 ; free physical = 656 ; free virtual = 7443
Phase 4.1.1.1 BUFG Insertion | Checksum: 1c2f276fc

Time (s): cpu = 00:03:20 ; elapsed = 00:01:47 . Memory (MB): peak = 3372.023 ; gain = 94.469 ; free physical = 656 ; free virtual = 7443

Phase 4.1.1.2 Post Placement Timing Optimization
INFO: [Place 30-746] Post Placement Timing Summary WNS=1.519. For the most accurate timing information please run report_timing.
Phase 4.1.1.2 Post Placement Timing Optimization | Checksum: 15011f6ed

Time (s): cpu = 00:03:20 ; elapsed = 00:01:47 . Memory (MB): peak = 3372.023 ; gain = 94.469 ; free physical = 656 ; free virtual = 7443

Time (s): cpu = 00:03:20 ; elapsed = 00:01:47 . Memory (MB): peak = 3372.023 ; gain = 94.469 ; free physical = 656 ; free virtual = 7443
Phase 4.1 Post Commit Optimization | Checksum: 15011f6ed

Time (s): cpu = 00:03:20 ; elapsed = 00:01:48 . Memory (MB): peak = 3372.023 ; gain = 94.469 ; free physical = 656 ; free virtual = 7443

Phase 4.2 Post Placement Cleanup
Phase 4.2 Post Placement Cleanup | Checksum: 15011f6ed

Time (s): cpu = 00:03:21 ; elapsed = 00:01:48 . Memory (MB): peak = 3372.023 ; gain = 94.469 ; free physical = 656 ; free virtual = 7443

Phase 4.3 Placer Reporting

Phase 4.3.1 Print Estimated Congestion
INFO: [Place 30-612] Post-Placement Estimated Congestion 
 ____________________________________________________
|           | Global Congestion | Short Congestion  |
| Direction | Region Size       | Region Size       |
|___________|___________________|___________________|
|      North|                4x4|                2x2|
|___________|___________________|___________________|
|      South|                1x1|                1x1|
|___________|___________________|___________________|
|       East|                1x1|                1x1|
|___________|___________________|___________________|
|       West|                1x1|                1x1|
|___________|___________________|___________________|

Phase 4.3.1 Print Estimated Congestion | Checksum: 15011f6ed

Time (s): cpu = 00:03:21 ; elapsed = 00:01:48 . Memory (MB): peak = 3372.023 ; gain = 94.469 ; free physical = 656 ; free virtual = 7443
Phase 4.3 Placer Reporting | Checksum: 15011f6ed

Time (s): cpu = 00:03:21 ; elapsed = 00:01:48 . Memory (MB): peak = 3372.023 ; gain = 94.469 ; free physical = 656 ; free virtual = 7443

Phase 4.4 Final Placement Cleanup
Netlist sorting complete. Time (s): cpu = 00:00:00.01 ; elapsed = 00:00:00.02 . Memory (MB): peak = 3372.023 ; gain = 0.000 ; free physical = 656 ; free virtual = 7443

Time (s): cpu = 00:03:21 ; elapsed = 00:01:48 . Memory (MB): peak = 3372.023 ; gain = 94.469 ; free physical = 656 ; free virtual = 7443
Phase 4 Post Placement Optimization and Clean-Up | Checksum: 1ad879816

Time (s): cpu = 00:03:21 ; elapsed = 00:01:48 . Memory (MB): peak = 3372.023 ; gain = 94.469 ; free physical = 656 ; free virtual = 7443
Ending Placer Task | Checksum: 178ec8e0a

Time (s): cpu = 00:03:22 ; elapsed = 00:01:48 . Memory (MB): peak = 3372.023 ; gain = 94.469 ; free physical = 656 ; free virtual = 7443
86 Infos, 0 Warnings, 0 Critical Warnings and 0 Errors encountered.
place_design completed successfully
place_design: Time (s): cpu = 00:03:27 ; elapsed = 00:01:51 . Memory (MB): peak = 3372.023 ; gain = 133.539 ; free physical = 664 ; free virtual = 7451
INFO: [Vivado 12-24838] Running report commands "report_control_sets, report_io, report_utilization" in parallel.
Running report generation with 3 threads.
INFO: [Vivado 12-24828] Executing command : report_io -file System_Top_wrapper_io_placed.rpt
report_io: Time (s): cpu = 00:00:00.31 ; elapsed = 00:00:00.18 . Memory (MB): peak = 3372.023 ; gain = 0.000 ; free physical = 657 ; free virtual = 7444
INFO: [Vivado 12-24828] Executing command : report_utilization -file System_Top_wrapper_utilization_placed.rpt -pb System_Top_wrapper_utilization_placed.pb
INFO: [Vivado 12-24828] Executing command : report_control_sets -verbose -file System_Top_wrapper_control_sets_placed.rpt
report_control_sets: Time (s): cpu = 00:00:00.7 ; elapsed = 00:00:00.55 . Memory (MB): peak = 3372.023 ; gain = 0.000 ; free physical = 625 ; free virtual = 7414
INFO: [Timing 38-480] Writing timing data to binary archive.
Wrote PlaceDB: Time (s): cpu = 00:00:00 ; elapsed = 00:00:00 . Memory (MB): peak = 3372.023 ; gain = 0.000 ; free physical = 624 ; free virtual = 7414
Wrote PulsedLatchDB: Time (s): cpu = 00:00:00 ; elapsed = 00:00:00 . Memory (MB): peak = 3372.023 ; gain = 0.000 ; free physical = 624 ; free virtual = 7414
Writing XDEF routing.
Writing XDEF routing logical nets.
Writing XDEF routing special nets.
Wrote RouteStorage: Time (s): cpu = 00:00:00.33 ; elapsed = 00:00:00.07 . Memory (MB): peak = 3372.023 ; gain = 0.000 ; free physical = 624 ; free virtual = 7416
Write ShapeDB Complete: Time (s): cpu = 00:00:00.46 ; elapsed = 00:00:00.09 . Memory (MB): peak = 3372.023 ; gain = 0.000 ; free physical = 619 ; free virtual = 7416
Wrote PlaceStorage: Time (s): cpu = 00:00:03 ; elapsed = 00:00:01 . Memory (MB): peak = 3372.023 ; gain = 0.000 ; free physical = 607 ; free virtual = 7438
Wrote Netlist Cache: Time (s): cpu = 00:00:00.02 ; elapsed = 00:00:00.02 . Memory (MB): peak = 3372.023 ; gain = 0.000 ; free physical = 605 ; free virtual = 7438
Wrote Device Cache: Time (s): cpu = 00:00:00.01 ; elapsed = 00:00:00.01 . Memory (MB): peak = 3372.023 ; gain = 0.000 ; free physical = 601 ; free virtual = 7435
Write Physdb Complete: Time (s): cpu = 00:00:03 ; elapsed = 00:00:01 . Memory (MB): peak = 3372.023 ; gain = 0.000 ; free physical = 601 ; free virtual = 7435
INFO: [Common 17-1381] The checkpoint '/home/gary/Individual_Project_System/Individual_Project_System.runs/impl_1/System_Top_wrapper_placed.dcp' has been generated.
Command: phys_opt_design
Attempting to get a license for feature 'Implementation' and/or device 'xc7z020'
INFO: [Common 17-349] Got license for feature 'Implementation' and/or device 'xc7z020'

Starting Initial Update Timing Task

Time (s): cpu = 00:00:13 ; elapsed = 00:00:04 . Memory (MB): peak = 3372.023 ; gain = 0.000 ; free physical = 676 ; free virtual = 7477
INFO: [Vivado_Tcl 4-2279] Estimated Timing Summary | WNS= 1.519 | TNS= 0.000 | 
INFO: [Vivado_Tcl 4-383] Design worst setup slack (WNS) is greater than or equal to 0.000 ns. All physical synthesis setup optimizations will be skipped.
INFO: [Vivado_Tcl 4-232] No setup violation found. The netlist was not modified.
INFO: [Common 17-83] Releasing license: Implementation
97 Infos, 0 Warnings, 0 Critical Warnings and 0 Errors encountered.
phys_opt_design completed successfully
INFO: [Timing 38-480] Writing timing data to binary archive.
Wrote PlaceDB: Time (s): cpu = 00:00:00.01 ; elapsed = 00:00:00 . Memory (MB): peak = 3372.023 ; gain = 0.000 ; free physical = 678 ; free virtual = 7479
Wrote PulsedLatchDB: Time (s): cpu = 00:00:00 ; elapsed = 00:00:00 . Memory (MB): peak = 3372.023 ; gain = 0.000 ; free physical = 679 ; free virtual = 7480
Writing XDEF routing.
Writing XDEF routing logical nets.
Writing XDEF routing special nets.
Wrote RouteStorage: Time (s): cpu = 00:00:00.31 ; elapsed = 00:00:00.07 . Memory (MB): peak = 3372.023 ; gain = 0.000 ; free physical = 679 ; free virtual = 7482
Write ShapeDB Complete: Time (s): cpu = 00:00:00.43 ; elapsed = 00:00:00.09 . Memory (MB): peak = 3372.023 ; gain = 0.000 ; free physical = 677 ; free virtual = 7485
Wrote PlaceStorage: Time (s): cpu = 00:00:03 ; elapsed = 00:00:01 . Memory (MB): peak = 3372.023 ; gain = 0.000 ; free physical = 645 ; free virtual = 7488
Wrote Netlist Cache: Time (s): cpu = 00:00:00.02 ; elapsed = 00:00:00.03 . Memory (MB): peak = 3372.023 ; gain = 0.000 ; free physical = 638 ; free virtual = 7482
Wrote Device Cache: Time (s): cpu = 00:00:00.01 ; elapsed = 00:00:00.01 . Memory (MB): peak = 3372.023 ; gain = 0.000 ; free physical = 638 ; free virtual = 7483
Write Physdb Complete: Time (s): cpu = 00:00:03 ; elapsed = 00:00:01 . Memory (MB): peak = 3372.023 ; gain = 0.000 ; free physical = 638 ; free virtual = 7483
INFO: [Common 17-1381] The checkpoint '/home/gary/Individual_Project_System/Individual_Project_System.runs/impl_1/System_Top_wrapper_physopt.dcp' has been generated.
Command: route_design
Attempting to get a license for feature 'Implementation' and/or device 'xc7z020'
INFO: [Common 17-349] Got license for feature 'Implementation' and/or device 'xc7z020'


Starting Routing Task
INFO: [Route 35-254] Multithreading enabled for route_design using a maximum of 8 CPUs

Phase 1 Build RT Design
Checksum: PlaceDB: e700ab00 ConstDB: 0 ShapeSum: 7bf2701a RouteDB: 15f972f0
Post Restoration Checksum: NetGraph: 542b5e84 | NumContArr: 67dc4179 | Constraints: c2a8fa9d | Timing: c2a8fa9d
Phase 1 Build RT Design | Checksum: 241599537

Time (s): cpu = 00:00:34 ; elapsed = 00:00:17 . Memory (MB): peak = 3372.023 ; gain = 0.000 ; free physical = 573 ; free virtual = 7387

Phase 2 Router Initialization

Phase 2.1 Fix Topology Constraints
Phase 2.1 Fix Topology Constraints | Checksum: 241599537

Time (s): cpu = 00:00:35 ; elapsed = 00:00:17 . Memory (MB): peak = 3372.023 ; gain = 0.000 ; free physical = 579 ; free virtual = 7393

Phase 2.2 Pre Route Cleanup
Phase 2.2 Pre Route Cleanup | Checksum: 241599537

Time (s): cpu = 00:00:35 ; elapsed = 00:00:17 . Memory (MB): peak = 3372.023 ; gain = 0.000 ; free physical = 579 ; free virtual = 7393
 Number of Nodes with overlaps = 0

Phase 2.3 Update Timing
Phase 2.3 Update Timing | Checksum: 1e2f6e677

Time (s): cpu = 00:00:57 ; elapsed = 00:00:23 . Memory (MB): peak = 3372.023 ; gain = 0.000 ; free physical = 484 ; free virtual = 7304
INFO: [Route 35-416] Intermediate Timing Summary | WNS=1.950  | TNS=0.000  | WHS=-0.354 | THS=-126.471|


Phase 2.4 Soft Constraint Pins - Fast Budgeting
Phase 2.4 Soft Constraint Pins - Fast Budgeting | Checksum: 1cffdde19

Time (s): cpu = 00:01:03 ; elapsed = 00:00:25 . Memory (MB): peak = 3372.023 ; gain = 0.000 ; free physical = 430 ; free virtual = 7250

Router Utilization Summary
  Global Vertical Routing Utilization    = 0 %
  Global Horizontal Routing Utilization  = 0 %
  Routable Net Status*
  *Does not include unroutable nets such as driverless and loadless.
  Run report_route_status for detailed report.
  Number of Failed Nets               = 22071
    (Failed Nets is the sum of unrouted and partially routed nets)
  Number of Unrouted Nets             = 22071
  Number of Partially Routed Nets     = 0
  Number of Node Overlaps             = 0

Phase 2 Router Initialization | Checksum: 28c7a236e

Time (s): cpu = 00:01:04 ; elapsed = 00:00:25 . Memory (MB): peak = 3372.023 ; gain = 0.000 ; free physical = 479 ; free virtual = 7299

Phase 3 Global Routing
Phase 3 Global Routing | Checksum: 28c7a236e

Time (s): cpu = 00:01:04 ; elapsed = 00:00:25 . Memory (MB): peak = 3372.023 ; gain = 0.000 ; free physical = 479 ; free virtual = 7299

Phase 4 Initial Routing

Phase 4.1 Initial Net Routing Pass
Phase 4.1 Initial Net Routing Pass | Checksum: 2479c3abf

Time (s): cpu = 00:01:34 ; elapsed = 00:00:33 . Memory (MB): peak = 3812.641 ; gain = 440.617 ; free physical = 171 ; free virtual = 6901
Phase 4 Initial Routing | Checksum: 2479c3abf

Time (s): cpu = 00:01:35 ; elapsed = 00:00:33 . Memory (MB): peak = 3812.641 ; gain = 440.617 ; free physical = 171 ; free virtual = 6901

Phase 5 Rip-up And Reroute

Phase 5.1 Global Iteration 0
 Number of Nodes with overlaps = 5913
 Number of Nodes with overlaps = 1346
 Number of Nodes with overlaps = 541
 Number of Nodes with overlaps = 202
 Number of Nodes with overlaps = 88
 Number of Nodes with overlaps = 31
 Number of Nodes with overlaps = 11
 Number of Nodes with overlaps = 3
 Number of Nodes with overlaps = 1
 Number of Nodes with overlaps = 0
INFO: [Route 35-416] Intermediate Timing Summary | WNS=2.256  | TNS=0.000  | WHS=N/A    | THS=N/A    |

Phase 5.1 Global Iteration 0 | Checksum: 2a1e5fd21

Time (s): cpu = 00:03:32 ; elapsed = 00:01:51 . Memory (MB): peak = 3812.641 ; gain = 440.617 ; free physical = 454 ; free virtual = 7078

Phase 5.2 Global Iteration 1
 Number of Nodes with overlaps = 8
 Number of Nodes with overlaps = 3
 Number of Nodes with overlaps = 1
 Number of Nodes with overlaps = 0
INFO: [Route 35-416] Intermediate Timing Summary | WNS=2.251  | TNS=0.000  | WHS=N/A    | THS=N/A    |

Phase 5.2 Global Iteration 1 | Checksum: 1cda68363

Time (s): cpu = 00:03:37 ; elapsed = 00:01:55 . Memory (MB): peak = 3812.641 ; gain = 440.617 ; free physical = 263 ; free virtual = 6893
Phase 5 Rip-up And Reroute | Checksum: 1cda68363

Time (s): cpu = 00:03:37 ; elapsed = 00:01:55 . Memory (MB): peak = 3812.641 ; gain = 440.617 ; free physical = 263 ; free virtual = 6893

Phase 6 Delay and Skew Optimization

Phase 6.1 Delay CleanUp
Phase 6.1 Delay CleanUp | Checksum: 1cda68363

Time (s): cpu = 00:03:38 ; elapsed = 00:01:55 . Memory (MB): peak = 3812.641 ; gain = 440.617 ; free physical = 263 ; free virtual = 6893

Phase 6.2 Clock Skew Optimization
Phase 6.2 Clock Skew Optimization | Checksum: 1cda68363

Time (s): cpu = 00:03:38 ; elapsed = 00:01:55 . Memory (MB): peak = 3812.641 ; gain = 440.617 ; free physical = 263 ; free virtual = 6893
Phase 6 Delay and Skew Optimization | Checksum: 1cda68363

Time (s): cpu = 00:03:38 ; elapsed = 00:01:55 . Memory (MB): peak = 3812.641 ; gain = 440.617 ; free physical = 263 ; free virtual = 6893

Phase 7 Post Hold Fix

Phase 7.1 Hold Fix Iter
INFO: [Route 35-416] Intermediate Timing Summary | WNS=2.251  | TNS=0.000  | WHS=0.033  | THS=0.000  |

Phase 7.1 Hold Fix Iter | Checksum: 1b2b47bc0

Time (s): cpu = 00:03:41 ; elapsed = 00:01:55 . Memory (MB): peak = 3812.641 ; gain = 440.617 ; free physical = 296 ; free virtual = 6833
Phase 7 Post Hold Fix | Checksum: 1b2b47bc0

Time (s): cpu = 00:03:41 ; elapsed = 00:01:55 . Memory (MB): peak = 3812.641 ; gain = 440.617 ; free physical = 295 ; free virtual = 6832

Phase 8 Route finalize

Router Utilization Summary
  Global Vertical Routing Utilization    = 21.8466 %
  Global Horizontal Routing Utilization  = 20.9703 %
  Routable Net Status*
  *Does not include unroutable nets such as driverless and loadless.
  Run report_route_status for detailed report.
  Number of Failed Nets               = 0
    (Failed Nets is the sum of unrouted and partially routed nets)
  Number of Unrouted Nets             = 0
  Number of Partially Routed Nets     = 0
  Number of Node Overlaps             = 0

Phase 8 Route finalize | Checksum: 1b2b47bc0

Time (s): cpu = 00:03:42 ; elapsed = 00:01:55 . Memory (MB): peak = 3812.641 ; gain = 440.617 ; free physical = 326 ; free virtual = 6865

Phase 9 Verifying routed nets

 Verification completed successfully
Phase 9 Verifying routed nets | Checksum: 1b2b47bc0

Time (s): cpu = 00:03:42 ; elapsed = 00:01:56 . Memory (MB): peak = 3812.641 ; gain = 440.617 ; free physical = 351 ; free virtual = 6893

Phase 10 Depositing Routes
Phase 10 Depositing Routes | Checksum: 175d85c31

Time (s): cpu = 00:03:45 ; elapsed = 00:01:57 . Memory (MB): peak = 3812.641 ; gain = 440.617 ; free physical = 334 ; free virtual = 6876

Phase 11 Post Process Routing
Phase 11 Post Process Routing | Checksum: 175d85c31

Time (s): cpu = 00:03:45 ; elapsed = 00:01:57 . Memory (MB): peak = 3812.641 ; gain = 440.617 ; free physical = 336 ; free virtual = 6878

Phase 12 Post Router Timing
INFO: [Route 35-57] Estimated Timing Summary | WNS=2.251  | TNS=0.000  | WHS=0.033  | THS=0.000  |

INFO: [Route 35-327] The final timing numbers are based on the router estimated timing analysis. For a complete and accurate timing signoff, please run report_timing_summary.
Phase 12 Post Router Timing | Checksum: 175d85c31

Time (s): cpu = 00:03:45 ; elapsed = 00:01:57 . Memory (MB): peak = 3812.641 ; gain = 440.617 ; free physical = 336 ; free virtual = 6878
Total Elapsed time in route_design: 117.12 secs

Phase 13 Post-Route Event Processing
Phase 13 Post-Route Event Processing | Checksum: 151ca939a

Time (s): cpu = 00:03:46 ; elapsed = 00:01:57 . Memory (MB): peak = 3812.641 ; gain = 440.617 ; free physical = 336 ; free virtual = 6878
INFO: [Route 35-16] Router Completed Successfully
Ending Routing Task | Checksum: 151ca939a

Time (s): cpu = 00:03:46 ; elapsed = 00:01:57 . Memory (MB): peak = 3812.641 ; gain = 440.617 ; free physical = 336 ; free virtual = 6878

Routing Is Done.
INFO: [Common 17-83] Releasing license: Implementation
109 Infos, 0 Warnings, 0 Critical Warnings and 0 Errors encountered.
route_design completed successfully
route_design: Time (s): cpu = 00:03:46 ; elapsed = 00:01:57 . Memory (MB): peak = 3812.641 ; gain = 440.617 ; free physical = 336 ; free virtual = 6878
INFO: [Vivado 12-24828] Executing command : report_drc -file System_Top_wrapper_drc_routed.rpt -pb System_Top_wrapper_drc_routed.pb -rpx System_Top_wrapper_drc_routed.rpx
Command: report_drc -file System_Top_wrapper_drc_routed.rpt -pb System_Top_wrapper_drc_routed.pb -rpx System_Top_wrapper_drc_routed.rpx
INFO: [IP_Flow 19-1839] IP Catalog is up to date.
INFO: [DRC 23-27] Running DRC with 8 threads
INFO: [Vivado_Tcl 2-168] The results of DRC are in file /home/gary/Individual_Project_System/Individual_Project_System.runs/impl_1/System_Top_wrapper_drc_routed.rpt.
report_drc completed successfully
INFO: [Vivado 12-24828] Executing command : report_methodology -file System_Top_wrapper_methodology_drc_routed.rpt -pb System_Top_wrapper_methodology_drc_routed.pb -rpx System_Top_wrapper_methodology_drc_routed.rpx
Command: report_methodology -file System_Top_wrapper_methodology_drc_routed.rpt -pb System_Top_wrapper_methodology_drc_routed.pb -rpx System_Top_wrapper_methodology_drc_routed.rpx
INFO: [Timing 38-35] Done setting XDC timing constraints.
INFO: [DRC 23-133] Running Methodology with 8 threads
INFO: [Vivado_Tcl 2-1520] The results of Report Methodology are in file /home/gary/Individual_Project_System/Individual_Project_System.runs/impl_1/System_Top_wrapper_methodology_drc_routed.rpt.
report_methodology completed successfully
report_methodology: Time (s): cpu = 00:00:34 ; elapsed = 00:00:06 . Memory (MB): peak = 3812.641 ; gain = 0.000 ; free physical = 416 ; free virtual = 6959
INFO: [Vivado 12-24828] Executing command : report_timing_summary -max_paths 10 -routable_nets -report_unconstrained -file System_Top_wrapper_timing_summary_routed.rpt -pb System_Top_wrapper_timing_summary_routed.pb -rpx System_Top_wrapper_timing_summary_routed.rpx -warn_on_violation 
INFO: [Timing 38-35] Done setting XDC timing constraints.
INFO: [Timing 38-91] UpdateTimingParams: Speed grade: -1, Delay Type: min_max.
INFO: [Timing 38-191] Multithreading enabled for timing update using a maximum of 8 CPUs
INFO: [Vivado 12-24838] Running report commands "report_bus_skew, report_incremental_reuse, report_route_status" in parallel.
Running report generation with 3 threads.
INFO: [Vivado 12-24828] Executing command : report_incremental_reuse -file System_Top_wrapper_incremental_reuse_routed.rpt
INFO: [Vivado_Tcl 4-1062] Incremental flow is disabled. No incremental reuse Info to report.
INFO: [Vivado 12-24828] Executing command : report_bus_skew -warn_on_violation -file System_Top_wrapper_bus_skew_routed.rpt -pb System_Top_wrapper_bus_skew_routed.pb -rpx System_Top_wrapper_bus_skew_routed.rpx
INFO: [Timing 38-91] UpdateTimingParams: Speed grade: -1, Delay Type: min_max.
INFO: [Timing 38-191] Multithreading enabled for timing update using a maximum of 8 CPUs
INFO: [Vivado 12-24828] Executing command : report_route_status -file System_Top_wrapper_route_status.rpt -pb System_Top_wrapper_route_status.pb
INFO: [Vivado 12-24828] Executing command : report_power -file System_Top_wrapper_power_routed.rpt -pb System_Top_wrapper_power_summary_routed.pb -rpx System_Top_wrapper_power_routed.rpx
Command: report_power -file System_Top_wrapper_power_routed.rpt -pb System_Top_wrapper_power_summary_routed.pb -rpx System_Top_wrapper_power_routed.rpx
Running Vector-less Activity Propagation...

Finished Running Vector-less Activity Propagation
129 Infos, 0 Warnings, 0 Critical Warnings and 0 Errors encountered.
report_power completed successfully
INFO: [Vivado 12-24828] Executing command : report_clock_utilization -file System_Top_wrapper_clock_utilization_routed.rpt
generate_parallel_reports: Time (s): cpu = 00:01:03 ; elapsed = 00:00:18 . Memory (MB): peak = 3852.660 ; gain = 40.020 ; free physical = 301 ; free virtual = 6859
INFO: [Timing 38-480] Writing timing data to binary archive.
Wrote PlaceDB: Time (s): cpu = 00:00:00 ; elapsed = 00:00:00 . Memory (MB): peak = 3852.660 ; gain = 0.000 ; free physical = 301 ; free virtual = 6859
Wrote PulsedLatchDB: Time (s): cpu = 00:00:00.01 ; elapsed = 00:00:00.01 . Memory (MB): peak = 3852.660 ; gain = 0.000 ; free physical = 301 ; free virtual = 6859
Writing XDEF routing.
Writing XDEF routing logical nets.
Write ShapeDB Complete: Time (s): cpu = 00:00:00.47 ; elapsed = 00:00:00.1 . Memory (MB): peak = 3852.660 ; gain = 0.000 ; free physical = 292 ; free virtual = 6857
Writing XDEF routing special nets.
Wrote RouteStorage: Time (s): cpu = 00:00:02 ; elapsed = 00:00:00.35 . Memory (MB): peak = 3852.660 ; gain = 0.000 ; free physical = 283 ; free virtual = 6863
Wrote PlaceStorage: Time (s): cpu = 00:00:02 ; elapsed = 00:00:00.97 . Memory (MB): peak = 3852.660 ; gain = 0.000 ; free physical = 262 ; free virtual = 6869
Wrote Netlist Cache: Time (s): cpu = 00:00:00.02 ; elapsed = 00:00:00.03 . Memory (MB): peak = 3852.660 ; gain = 0.000 ; free physical = 262 ; free virtual = 6872
Wrote Device Cache: Time (s): cpu = 00:00:00.01 ; elapsed = 00:00:00.01 . Memory (MB): peak = 3852.660 ; gain = 0.000 ; free physical = 262 ; free virtual = 6872
Write Physdb Complete: Time (s): cpu = 00:00:04 ; elapsed = 00:00:01 . Memory (MB): peak = 3852.660 ; gain = 0.000 ; free physical = 262 ; free virtual = 6872
INFO: [Common 17-1381] The checkpoint '/home/gary/Individual_Project_System/Individual_Project_System.runs/impl_1/System_Top_wrapper_routed.dcp' has been generated.
INFO: [Common 17-206] Exiting Vivado at Fri Mar 27 12:16:31 2026...

*** Running vivado
    with args -log System_Top_wrapper.vdi -applog -m64 -product Vivado -messageDb vivado.pb -mode batch -source System_Top_wrapper.tcl -notrace


****** Vivado v2025.2 (64-bit)
  **** SW Build 6299465 on Fri Nov 14 12:34:56 MST 2025
  **** IP Build 6300035 on Fri Nov 14 10:48:45 MST 2025
  **** SharedData Build 6298862 on Thu Nov 13 04:50:51 MST 2025
  **** Start of session at: Fri Mar 27 12:19:07 2026
    ** Copyright 1986-2022 Xilinx, Inc. All Rights Reserved.
    ** Copyright 2022-2025 Advanced Micro Devices, Inc. All Rights Reserved.

source System_Top_wrapper.tcl -notrace
Command: open_checkpoint System_Top_wrapper_routed.dcp
INFO: [Device 21-403] Loading part xc7z020clg400-1
Netlist sorting complete. Time (s): cpu = 00:00:00.19 ; elapsed = 00:00:00.19 . Memory (MB): peak = 1814.699 ; gain = 0.000 ; free physical = 258 ; free virtual = 6901
INFO: [Netlist 29-17] Analyzing 10364 Unisim elements for replacement
INFO: [Netlist 29-28] Unisim Transformation completed in 1 CPU seconds
INFO: [Project 1-479] Netlist was created with Vivado 2025.2
INFO: [Project 1-570] Preparing netlist for logic optimization
Read ShapeDB Complete: Time (s): cpu = 00:00:00.06 ; elapsed = 00:00:00.06 . Memory (MB): peak = 1971.770 ; gain = 4.750 ; free physical = 212 ; free virtual = 6791
INFO: [Timing 38-478] Restoring timing data from binary archive.
INFO: [Timing 38-479] Binary timing data restore complete.
INFO: [Project 1-856] Restoring constraints from binary archive.
INFO: [Project 1-853] Binary constraint restore complete.
INFO: [Designutils 20-5722] Start Reading Physical Databases.
Reading placement.
Read Netlist Cache: Time (s): cpu = 00:00:00.02 ; elapsed = 00:00:00.02 . Memory (MB): peak = 2577.863 ; gain = 0.000 ; free physical = 181 ; free virtual = 6425
Reading placer database...
Read Device Cache: Time (s): cpu = 00:00:00.01 ; elapsed = 00:00:00.01 . Memory (MB): peak = 2577.863 ; gain = 0.000 ; free physical = 181 ; free virtual = 6425
Read PlaceDB: Time (s): cpu = 00:00:00 ; elapsed = 00:00:00 . Memory (MB): peak = 2577.863 ; gain = 0.000 ; free physical = 181 ; free virtual = 6425
Read placeStorage: Time (s): cpu = 00:00:00.69 ; elapsed = 00:00:00.69 . Memory (MB): peak = 2583.863 ; gain = 6.000 ; free physical = 173 ; free virtual = 6418
Read PulsedLatchDB: Time (s): cpu = 00:00:00 ; elapsed = 00:00:00 . Memory (MB): peak = 2583.863 ; gain = 0.000 ; free physical = 173 ; free virtual = 6418
Reading routing.
Read RouteStorage: Time (s): cpu = 00:00:00.64 ; elapsed = 00:00:00.29 . Memory (MB): peak = 2603.934 ; gain = 20.070 ; free physical = 235 ; free virtual = 6394
Read Physdb Files: Time (s): cpu = 00:00:01 ; elapsed = 00:00:01 . Memory (MB): peak = 2603.934 ; gain = 26.070 ; free physical = 235 ; free virtual = 6394
Restored from archive | CPU: 1.400000 secs | Memory: 35.754242 MB |
Finished XDEF File Restore: Time (s): cpu = 00:00:01 ; elapsed = 00:00:01 . Memory (MB): peak = 2603.934 ; gain = 26.070 ; free physical = 235 ; free virtual = 6394
Netlist sorting complete. Time (s): cpu = 00:00:00.02 ; elapsed = 00:00:00.01 . Memory (MB): peak = 2625.051 ; gain = 0.000 ; free physical = 211 ; free virtual = 6371
INFO: [Project 1-111] Unisim Transformation Summary:
  A total of 8274 instances were transformed.
  RAM16X1D => RAM32X1D (RAMD32(x2)): 8192 instances
  RAM32M => RAM32M (RAMD32(x6), RAMS32(x2)): 74 instances
  RAM32X1D => RAM32X1D (RAMD32(x2)): 8 instances

INFO: [Project 1-604] Checkpoint was created with Vivado v2025.2 (64-bit) build 6299465
open_checkpoint: Time (s): cpu = 00:00:23 ; elapsed = 00:00:15 . Memory (MB): peak = 2633.086 ; gain = 1072.742 ; free physical = 210 ; free virtual = 6370
INFO: [Memdata 28-167] Found XPM memory block System_Top_i/smartconnect_0/inst/s00_nodes/s00_w_node/inst/inst_mi_handler/gen_normal_area.inst_fifo_node_payld/gen_xpm_memory_fifo.inst_fifo/gen_mem_rep[0].inst_xpm_memory/xpm_memory_base_inst with a P_MEMORY_PRIMITIVE property set to distributed. A value of block is required. You will not be able to use the updatemem program to update the bitstream with new data for the System_Top_i/smartconnect_0/inst/s00_nodes/s00_w_node/inst/inst_mi_handler/gen_normal_area.inst_fifo_node_payld/gen_xpm_memory_fifo.inst_fifo/gen_mem_rep[0].inst_xpm_memory/xpm_memory_base_inst block.
INFO: [Memdata 28-167] Found XPM memory block System_Top_i/smartconnect_0/inst/s00_nodes/s00_w_node/inst/inst_mi_handler/gen_normal_area.gen_fifo_req.inst_fifo_req/gen_xpm_memory_fifo.inst_fifo/gen_mem_rep[0].inst_xpm_memory/xpm_memory_base_inst with a P_MEMORY_PRIMITIVE property set to distributed. A value of block is required. You will not be able to use the updatemem program to update the bitstream with new data for the System_Top_i/smartconnect_0/inst/s00_nodes/s00_w_node/inst/inst_mi_handler/gen_normal_area.gen_fifo_req.inst_fifo_req/gen_xpm_memory_fifo.inst_fifo/gen_mem_rep[0].inst_xpm_memory/xpm_memory_base_inst block.
INFO: [Memdata 28-167] Found XPM memory block System_Top_i/smartconnect_0/inst/s00_nodes/s00_r_node/inst/inst_mi_handler/gen_normal_area.inst_fifo_node_payld/gen_xpm_memory_fifo.inst_fifo/gen_mem_rep[0].inst_xpm_memory/xpm_memory_base_inst with a P_MEMORY_PRIMITIVE property set to distributed. A value of block is required. You will not be able to use the updatemem program to update the bitstream with new data for the System_Top_i/smartconnect_0/inst/s00_nodes/s00_r_node/inst/inst_mi_handler/gen_normal_area.inst_fifo_node_payld/gen_xpm_memory_fifo.inst_fifo/gen_mem_rep[0].inst_xpm_memory/xpm_memory_base_inst block.
INFO: [Memdata 28-167] Found XPM memory block System_Top_i/smartconnect_0/inst/s00_nodes/s00_b_node/inst/inst_mi_handler/gen_normal_area.inst_fifo_node_payld/gen_xpm_memory_fifo.inst_fifo/gen_mem_rep[0].inst_xpm_memory/xpm_memory_base_inst with a P_MEMORY_PRIMITIVE property set to distributed. A value of block is required. You will not be able to use the updatemem program to update the bitstream with new data for the System_Top_i/smartconnect_0/inst/s00_nodes/s00_b_node/inst/inst_mi_handler/gen_normal_area.inst_fifo_node_payld/gen_xpm_memory_fifo.inst_fifo/gen_mem_rep[0].inst_xpm_memory/xpm_memory_base_inst block.
INFO: [Memdata 28-167] Found XPM memory block System_Top_i/smartconnect_0/inst/s00_nodes/s00_aw_node/inst/inst_mi_handler/gen_normal_area.inst_fifo_node_payld/gen_xpm_memory_fifo.inst_fifo/gen_mem_rep[0].inst_xpm_memory/xpm_memory_base_inst with a P_MEMORY_PRIMITIVE property set to distributed. A value of block is required. You will not be able to use the updatemem program to update the bitstream with new data for the System_Top_i/smartconnect_0/inst/s00_nodes/s00_aw_node/inst/inst_mi_handler/gen_normal_area.inst_fifo_node_payld/gen_xpm_memory_fifo.inst_fifo/gen_mem_rep[0].inst_xpm_memory/xpm_memory_base_inst block.
INFO: [Memdata 28-167] Found XPM memory block System_Top_i/smartconnect_0/inst/s00_nodes/s00_aw_node/inst/inst_mi_handler/gen_normal_area.gen_fifo_req.inst_fifo_req/gen_xpm_memory_fifo.inst_fifo/gen_mem_rep[0].inst_xpm_memory/xpm_memory_base_inst with a P_MEMORY_PRIMITIVE property set to distributed. A value of block is required. You will not be able to use the updatemem program to update the bitstream with new data for the System_Top_i/smartconnect_0/inst/s00_nodes/s00_aw_node/inst/inst_mi_handler/gen_normal_area.gen_fifo_req.inst_fifo_req/gen_xpm_memory_fifo.inst_fifo/gen_mem_rep[0].inst_xpm_memory/xpm_memory_base_inst block.
INFO: [Memdata 28-167] Found XPM memory block System_Top_i/smartconnect_0/inst/s00_nodes/s00_ar_node/inst/inst_mi_handler/gen_normal_area.inst_fifo_node_payld/gen_xpm_memory_fifo.inst_fifo/gen_mem_rep[0].inst_xpm_memory/xpm_memory_base_inst with a P_MEMORY_PRIMITIVE property set to distributed. A value of block is required. You will not be able to use the updatemem program to update the bitstream with new data for the System_Top_i/smartconnect_0/inst/s00_nodes/s00_ar_node/inst/inst_mi_handler/gen_normal_area.inst_fifo_node_payld/gen_xpm_memory_fifo.inst_fifo/gen_mem_rep[0].inst_xpm_memory/xpm_memory_base_inst block.
INFO: [Memdata 28-167] Found XPM memory block System_Top_i/smartconnect_0/inst/s00_nodes/s00_ar_node/inst/inst_mi_handler/gen_normal_area.gen_fifo_req.inst_fifo_req/gen_xpm_memory_fifo.inst_fifo/gen_mem_rep[0].inst_xpm_memory/xpm_memory_base_inst with a P_MEMORY_PRIMITIVE property set to distributed. A value of block is required. You will not be able to use the updatemem program to update the bitstream with new data for the System_Top_i/smartconnect_0/inst/s00_nodes/s00_ar_node/inst/inst_mi_handler/gen_normal_area.gen_fifo_req.inst_fifo_req/gen_xpm_memory_fifo.inst_fifo/gen_mem_rep[0].inst_xpm_memory/xpm_memory_base_inst block.
INFO: [Memdata 28-167] Found XPM memory block System_Top_i/smartconnect_0/inst/m01_nodes/m01_w_node/inst/inst_mi_handler/gen_normal_area.inst_fifo_node_payld/gen_xpm_memory_fifo.inst_fifo/gen_mem_rep[0].inst_xpm_memory/xpm_memory_base_inst with a P_MEMORY_PRIMITIVE property set to distributed. A value of block is required. You will not be able to use the updatemem program to update the bitstream with new data for the System_Top_i/smartconnect_0/inst/m01_nodes/m01_w_node/inst/inst_mi_handler/gen_normal_area.inst_fifo_node_payld/gen_xpm_memory_fifo.inst_fifo/gen_mem_rep[0].inst_xpm_memory/xpm_memory_base_inst block.
INFO: [Memdata 28-167] Found XPM memory block System_Top_i/smartconnect_0/inst/m01_nodes/m01_r_node/inst/inst_mi_handler/gen_normal_area.inst_fifo_node_payld/gen_xpm_memory_fifo.inst_fifo/gen_mem_rep[0].inst_xpm_memory/xpm_memory_base_inst with a P_MEMORY_PRIMITIVE property set to distributed. A value of block is required. You will not be able to use the updatemem program to update the bitstream with new data for the System_Top_i/smartconnect_0/inst/m01_nodes/m01_r_node/inst/inst_mi_handler/gen_normal_area.inst_fifo_node_payld/gen_xpm_memory_fifo.inst_fifo/gen_mem_rep[0].inst_xpm_memory/xpm_memory_base_inst block.
INFO: [Memdata 28-167] Found XPM memory block System_Top_i/smartconnect_0/inst/m01_nodes/m01_b_node/inst/inst_mi_handler/gen_normal_area.inst_fifo_node_payld/gen_xpm_memory_fifo.inst_fifo/gen_mem_rep[0].inst_xpm_memory/xpm_memory_base_inst with a P_MEMORY_PRIMITIVE property set to distributed. A value of block is required. You will not be able to use the updatemem program to update the bitstream with new data for the System_Top_i/smartconnect_0/inst/m01_nodes/m01_b_node/inst/inst_mi_handler/gen_normal_area.inst_fifo_node_payld/gen_xpm_memory_fifo.inst_fifo/gen_mem_rep[0].inst_xpm_memory/xpm_memory_base_inst block.
INFO: [Memdata 28-167] Found XPM memory block System_Top_i/smartconnect_0/inst/m01_nodes/m01_aw_node/inst/inst_mi_handler/gen_normal_area.inst_fifo_node_payld/gen_xpm_memory_fifo.inst_fifo/gen_mem_rep[0].inst_xpm_memory/xpm_memory_base_inst with a P_MEMORY_PRIMITIVE property set to distributed. A value of block is required. You will not be able to use the updatemem program to update the bitstream with new data for the System_Top_i/smartconnect_0/inst/m01_nodes/m01_aw_node/inst/inst_mi_handler/gen_normal_area.inst_fifo_node_payld/gen_xpm_memory_fifo.inst_fifo/gen_mem_rep[0].inst_xpm_memory/xpm_memory_base_inst block.
INFO: [Memdata 28-167] Found XPM memory block System_Top_i/smartconnect_0/inst/m01_nodes/m01_ar_node/inst/inst_mi_handler/gen_normal_area.inst_fifo_node_payld/gen_xpm_memory_fifo.inst_fifo/gen_mem_rep[0].inst_xpm_memory/xpm_memory_base_inst with a P_MEMORY_PRIMITIVE property set to distributed. A value of block is required. You will not be able to use the updatemem program to update the bitstream with new data for the System_Top_i/smartconnect_0/inst/m01_nodes/m01_ar_node/inst/inst_mi_handler/gen_normal_area.inst_fifo_node_payld/gen_xpm_memory_fifo.inst_fifo/gen_mem_rep[0].inst_xpm_memory/xpm_memory_base_inst block.
INFO: [Memdata 28-167] Found XPM memory block System_Top_i/smartconnect_0/inst/m00_nodes/m00_w_node/inst/inst_mi_handler/gen_normal_area.inst_fifo_node_payld/gen_xpm_memory_fifo.inst_fifo/gen_mem_rep[0].inst_xpm_memory/xpm_memory_base_inst with a P_MEMORY_PRIMITIVE property set to distributed. A value of block is required. You will not be able to use the updatemem program to update the bitstream with new data for the System_Top_i/smartconnect_0/inst/m00_nodes/m00_w_node/inst/inst_mi_handler/gen_normal_area.inst_fifo_node_payld/gen_xpm_memory_fifo.inst_fifo/gen_mem_rep[0].inst_xpm_memory/xpm_memory_base_inst block.
INFO: [Memdata 28-167] Found XPM memory block System_Top_i/smartconnect_0/inst/m00_nodes/m00_r_node/inst/inst_mi_handler/gen_normal_area.inst_fifo_node_payld/gen_xpm_memory_fifo.inst_fifo/gen_mem_rep[0].inst_xpm_memory/xpm_memory_base_inst with a P_MEMORY_PRIMITIVE property set to distributed. A value of block is required. You will not be able to use the updatemem program to update the bitstream with new data for the System_Top_i/smartconnect_0/inst/m00_nodes/m00_r_node/inst/inst_mi_handler/gen_normal_area.inst_fifo_node_payld/gen_xpm_memory_fifo.inst_fifo/gen_mem_rep[0].inst_xpm_memory/xpm_memory_base_inst block.
INFO: [Memdata 28-167] Found XPM memory block System_Top_i/smartconnect_0/inst/m00_nodes/m00_b_node/inst/inst_mi_handler/gen_normal_area.inst_fifo_node_payld/gen_xpm_memory_fifo.inst_fifo/gen_mem_rep[0].inst_xpm_memory/xpm_memory_base_inst with a P_MEMORY_PRIMITIVE property set to distributed. A value of block is required. You will not be able to use the updatemem program to update the bitstream with new data for the System_Top_i/smartconnect_0/inst/m00_nodes/m00_b_node/inst/inst_mi_handler/gen_normal_area.inst_fifo_node_payld/gen_xpm_memory_fifo.inst_fifo/gen_mem_rep[0].inst_xpm_memory/xpm_memory_base_inst block.
INFO: [Memdata 28-167] Found XPM memory block System_Top_i/smartconnect_0/inst/m00_nodes/m00_aw_node/inst/inst_mi_handler/gen_normal_area.inst_fifo_node_payld/gen_xpm_memory_fifo.inst_fifo/gen_mem_rep[0].inst_xpm_memory/xpm_memory_base_inst with a P_MEMORY_PRIMITIVE property set to distributed. A value of block is required. You will not be able to use the updatemem program to update the bitstream with new data for the System_Top_i/smartconnect_0/inst/m00_nodes/m00_aw_node/inst/inst_mi_handler/gen_normal_area.inst_fifo_node_payld/gen_xpm_memory_fifo.inst_fifo/gen_mem_rep[0].inst_xpm_memory/xpm_memory_base_inst block.
INFO: [Memdata 28-167] Found XPM memory block System_Top_i/smartconnect_0/inst/m00_nodes/m00_ar_node/inst/inst_mi_handler/gen_normal_area.inst_fifo_node_payld/gen_xpm_memory_fifo.inst_fifo/gen_mem_rep[0].inst_xpm_memory/xpm_memory_base_inst with a P_MEMORY_PRIMITIVE property set to distributed. A value of block is required. You will not be able to use the updatemem program to update the bitstream with new data for the System_Top_i/smartconnect_0/inst/m00_nodes/m00_ar_node/inst/inst_mi_handler/gen_normal_area.inst_fifo_node_payld/gen_xpm_memory_fifo.inst_fifo/gen_mem_rep[0].inst_xpm_memory/xpm_memory_base_inst block.
Command: write_bitstream -force System_Top_wrapper.bit
Attempting to get a license for feature 'Implementation' and/or device 'xc7z020'
INFO: [Common 17-349] Got license for feature 'Implementation' and/or device 'xc7z020'
Running DRC as a precondition to command write_bitstream
INFO: [IP_Flow 19-234] Refreshing IP repositories
INFO: [IP_Flow 19-1704] No user IP repositories specified
INFO: [IP_Flow 19-2313] Loaded Vivado IP repository '/opt/2025.2/data/ip'.
INFO: [DRC 23-27] Running DRC with 8 threads
INFO: [Vivado 12-3199] DRC finished with 0 Errors
INFO: [Vivado 12-3200] Please refer to the DRC report (report_drc) for more information.
Integrating Hard IP ELF/MEM with the PDI.
INFO: [Designutils 20-2272] Running write_bitstream with 8 threads.
Loading data files...
Loading site data...
Loading route data...
Processing options...
Creating bitmap...
Creating bitstream...
Writing bitstream ./System_Top_wrapper.bit...
INFO: [Vivado 12-1842] Bitgen Completed Successfully.
INFO: [Common 17-83] Releasing license: Implementation
40 Infos, 0 Warnings, 0 Critical Warnings and 0 Errors encountered.
write_bitstream completed successfully
write_bitstream: Time (s): cpu = 00:00:58 ; elapsed = 00:00:35 . Memory (MB): peak = 3157.043 ; gain = 510.117 ; free physical = 173 ; free virtual = 5610
INFO: [Common 17-206] Exiting Vivado at Fri Mar 27 12:20:01 2026...
