Copyright 1986-2022 Xilinx, Inc. All Rights Reserved. Copyright 2022-2025 Advanced Micro Devices, Inc. All Rights Reserved.
--------------------------------------------------------------------------------------------------------------------------------------------------------------------------------------------
| Tool Version : Vivado v.2025.2 (lin64) Build 6299465 Fri Nov 14 12:34:56 MST 2025
| Date         : Fri Mar 27 12:16:19 2026
| Host         : gary-IdeaPad-Slim-5-Light-14ABR8 running 64-bit Ubuntu 24.04.4 LTS
| Command      : report_methodology -file System_Top_wrapper_methodology_drc_routed.rpt -pb System_Top_wrapper_methodology_drc_routed.pb -rpx System_Top_wrapper_methodology_drc_routed.rpx
| Design       : System_Top_wrapper
| Device       : xc7z020clg400-1
| Speed File   : -1
| Design State : Fully Routed
--------------------------------------------------------------------------------------------------------------------------------------------------------------------------------------------

Report Methodology

Table of Contents
-----------------
1. REPORT SUMMARY
2. REPORT DETAILS

1. REPORT SUMMARY
-----------------
            Netlist: netlist
          Floorplan: design_1
      Design limits: <entire design considered>
             Max checks: <unlimited>
             Checks found: 1
+----------+----------+-------------------------------------------+--------+
| Rule     | Severity | Description                               | Checks |
+----------+----------+-------------------------------------------+--------+
| ULMTCS-2 | Warning  | Control Sets use limits require reduction | 1      |
+----------+----------+-------------------------------------------+--------+

2. REPORT DETAILS
-----------------
ULMTCS-2#1 Warning
Control Sets use limits require reduction  
This design uses 4390 control sets (vs. available limit of 13300, determined by 1 control set per CLB). This exceeds the control set use guideline of 15 percent. This is at a level where reduction is REQUIRED (see UG949). Use report_control_sets to get more details.
Related violations: <none>


