
*** Running vivado
    with args -log System_Top_smartconnect_0_0.vds -m64 -product Vivado -mode batch -messageDb vivado.pb -notrace -source System_Top_smartconnect_0_0.tcl


****** Vivado v2025.2 (64-bit)
  **** SW Build 6299465 on Fri Nov 14 12:34:56 MST 2025
  **** IP Build 6300035 on Fri Nov 14 10:48:45 MST 2025
  **** SharedData Build 6298862 on Thu Nov 13 04:50:51 MST 2025
  **** Start of session at: Thu Mar 12 22:34:17 2026
    ** Copyright 1986-2022 Xilinx, Inc. All Rights Reserved.
    ** Copyright 2022-2025 Advanced Micro Devices, Inc. All Rights Reserved.

source System_Top_smartconnect_0_0.tcl -notrace
INFO: [IP_Flow 19-234] Refreshing IP repositories
INFO: [IP_Flow 19-1700] Loaded user IP repository '/home/gary/Individual_Project/ip'.
INFO: [IP_Flow 19-2313] Loaded Vivado IP repository '/tools/2025.2/data/ip'.
Command: synth_design -top System_Top_smartconnect_0_0 -part xc7z020clg400-1 -incremental_mode off -mode out_of_context
Starting synth_design
Attempting to get a license for feature 'Synthesis' and/or device 'xc7z020'
INFO: [Common 17-349] Got license for feature 'Synthesis' and/or device 'xc7z020'
INFO: [Device 21-403] Loading part xc7z020clg400-1
INFO: [Synth 8-7079] Multithreading enabled for synth_design using a maximum of 7 processes.
INFO: [Synth 8-7078] Launching helper process for spawning children vivado processes
INFO: [Synth 8-7075] Helper process launched with PID 52729
---------------------------------------------------------------------------------
Starting RTL Elaboration : Time (s): cpu = 00:00:05 ; elapsed = 00:00:05 . Memory (MB): peak = 2260.734 ; gain = 480.875 ; free physical = 278 ; free virtual = 7428
---------------------------------------------------------------------------------
INFO: [Synth 8-6157] synthesizing module 'System_Top_smartconnect_0_0' [/home/gary/Individual_Project_System/Individual_Project_System.gen/sources_1/bd/System_Top/ip/System_Top_smartconnect_0_0/synth/System_Top_smartconnect_0_0.v:53]
INFO: [Synth 8-6157] synthesizing module 'bd_a752' [/home/gary/Individual_Project_System/Individual_Project_System.gen/sources_1/bd/System_Top/ip/System_Top_smartconnect_0_0/bd_0/synth/bd_a752.v:10]
INFO: [Synth 8-6157] synthesizing module 'clk_map_imp_1R8N6M7' [/home/gary/Individual_Project_System/Individual_Project_System.gen/sources_1/bd/System_Top/ip/System_Top_smartconnect_0_0/bd_0/synth/bd_a752.v:1228]
INFO: [Synth 8-638] synthesizing module 'bd_a752_psr_aclk_0' [/home/gary/Individual_Project_System/Individual_Project_System.gen/sources_1/bd/System_Top/ip/System_Top_smartconnect_0_0/bd_0/ip/ip_1/synth/bd_a752_psr_aclk_0.vhd:74]
	Parameter C_FAMILY bound to: zynq - type: string 
	Parameter C_EXT_RST_WIDTH bound to: 4 - type: integer 
	Parameter C_AUX_RST_WIDTH bound to: 1 - type: integer 
	Parameter C_EXT_RESET_HIGH bound to: 1'b0 
	Parameter C_AUX_RESET_HIGH bound to: 1'b0 
	Parameter C_NUM_BUS_RST bound to: 1 - type: integer 
	Parameter C_NUM_PERP_RST bound to: 1 - type: integer 
	Parameter C_NUM_INTERCONNECT_ARESETN bound to: 1 - type: integer 
	Parameter C_NUM_PERP_ARESETN bound to: 1 - type: integer 
INFO: [Synth 8-3491] module 'proc_sys_reset' declared at '/home/gary/Individual_Project_System/Individual_Project_System.gen/sources_1/bd/System_Top/ipshared/9438/hdl/proc_sys_reset_v5_0_vh_rfs.vhd:1243' bound to instance 'U0' of component 'proc_sys_reset' [/home/gary/Individual_Project_System/Individual_Project_System.gen/sources_1/bd/System_Top/ip/System_Top_smartconnect_0_0/bd_0/ip/ip_1/synth/bd_a752_psr_aclk_0.vhd:139]
INFO: [Synth 8-638] synthesizing module 'proc_sys_reset' [/home/gary/Individual_Project_System/Individual_Project_System.gen/sources_1/bd/System_Top/ipshared/9438/hdl/proc_sys_reset_v5_0_vh_rfs.vhd:1302]
	Parameter INIT bound to: 1'b1 
INFO: [Synth 8-113] binding component instance 'FDRE_inst' to cell 'FDRE' [/home/gary/Individual_Project_System/Individual_Project_System.gen/sources_1/bd/System_Top/ipshared/9438/hdl/proc_sys_reset_v5_0_vh_rfs.vhd:1371]
	Parameter INIT bound to: 1'b1 
INFO: [Synth 8-113] binding component instance 'FDRE_BSR' to cell 'FDRE' [/home/gary/Individual_Project_System/Individual_Project_System.gen/sources_1/bd/System_Top/ipshared/9438/hdl/proc_sys_reset_v5_0_vh_rfs.vhd:1387]
	Parameter INIT bound to: 1'b0 
INFO: [Synth 8-113] binding component instance 'FDRE_BSR_N' to cell 'FDRE' [/home/gary/Individual_Project_System/Individual_Project_System.gen/sources_1/bd/System_Top/ipshared/9438/hdl/proc_sys_reset_v5_0_vh_rfs.vhd:1413]
	Parameter INIT bound to: 1'b1 
INFO: [Synth 8-113] binding component instance 'FDRE_PER' to cell 'FDRE' [/home/gary/Individual_Project_System/Individual_Project_System.gen/sources_1/bd/System_Top/ipshared/9438/hdl/proc_sys_reset_v5_0_vh_rfs.vhd:1436]
	Parameter INIT bound to: 1'b0 
INFO: [Synth 8-113] binding component instance 'FDRE_PER_N' to cell 'FDRE' [/home/gary/Individual_Project_System/Individual_Project_System.gen/sources_1/bd/System_Top/ipshared/9438/hdl/proc_sys_reset_v5_0_vh_rfs.vhd:1460]
INFO: [Synth 8-638] synthesizing module 'lpf' [/home/gary/Individual_Project_System/Individual_Project_System.gen/sources_1/bd/System_Top/ipshared/9438/hdl/proc_sys_reset_v5_0_vh_rfs.vhd:821]
INFO: [Synth 8-3491] module 'SRL16' declared at '/tools/2025.2/Vivado/scripts/rt/data/unisim_comp.v:165318' bound to instance 'POR_SRL_I' of component 'SRL16' [/home/gary/Individual_Project_System/Individual_Project_System.gen/sources_1/bd/System_Top/ipshared/9438/hdl/proc_sys_reset_v5_0_vh_rfs.vhd:873]
INFO: [Synth 8-6157] synthesizing module 'SRL16' [/tools/2025.2/Vivado/scripts/rt/data/unisim_comp.v:165318]
INFO: [Synth 8-6155] done synthesizing module 'SRL16' (0#1) [/tools/2025.2/Vivado/scripts/rt/data/unisim_comp.v:165318]
	Parameter DEST_SYNC_FF bound to: 4 - type: integer 
	Parameter INIT_SYNC_FF bound to: 0 - type: integer 
	Parameter SIM_ASSERT_CHK bound to: 0 - type: integer 
	Parameter SRC_INPUT_REG bound to: 0 - type: integer 
INFO: [Synth 8-3491] module 'xpm_cdc_single' declared at '/tools/2025.2/data/ip/xpm/xpm_cdc/hdl/xpm_cdc.sv:152' bound to instance 'ACT_LO_EXT' of component 'xpm_cdc_single' [/home/gary/Individual_Project_System/Individual_Project_System.gen/sources_1/bd/System_Top/ipshared/9438/hdl/proc_sys_reset_v5_0_vh_rfs.vhd:968]
INFO: [Synth 8-6157] synthesizing module 'xpm_cdc_single' [/tools/2025.2/data/ip/xpm/xpm_cdc/hdl/xpm_cdc.sv:152]
INFO: [Synth 8-6155] done synthesizing module 'xpm_cdc_single' (0#1) [/tools/2025.2/data/ip/xpm/xpm_cdc/hdl/xpm_cdc.sv:152]
	Parameter DEST_SYNC_FF bound to: 4 - type: integer 
	Parameter INIT_SYNC_FF bound to: 0 - type: integer 
	Parameter SIM_ASSERT_CHK bound to: 0 - type: integer 
	Parameter SRC_INPUT_REG bound to: 0 - type: integer 
INFO: [Synth 8-3491] module 'xpm_cdc_single' declared at '/tools/2025.2/data/ip/xpm/xpm_cdc/hdl/xpm_cdc.sv:152' bound to instance 'ACT_LO_AUX' of component 'xpm_cdc_single' [/home/gary/Individual_Project_System/Individual_Project_System.gen/sources_1/bd/System_Top/ipshared/9438/hdl/proc_sys_reset_v5_0_vh_rfs.vhd:1015]
INFO: [Synth 8-256] done synthesizing module 'lpf' (0#1) [/home/gary/Individual_Project_System/Individual_Project_System.gen/sources_1/bd/System_Top/ipshared/9438/hdl/proc_sys_reset_v5_0_vh_rfs.vhd:821]
INFO: [Synth 8-638] synthesizing module 'sequence_psr' [/home/gary/Individual_Project_System/Individual_Project_System.gen/sources_1/bd/System_Top/ipshared/9438/hdl/proc_sys_reset_v5_0_vh_rfs.vhd:304]
INFO: [Synth 8-638] synthesizing module 'upcnt_n' [/home/gary/Individual_Project_System/Individual_Project_System.gen/sources_1/bd/System_Top/ipshared/9438/hdl/proc_sys_reset_v5_0_vh_rfs.vhd:126]
INFO: [Synth 8-256] done synthesizing module 'upcnt_n' (0#1) [/home/gary/Individual_Project_System/Individual_Project_System.gen/sources_1/bd/System_Top/ipshared/9438/hdl/proc_sys_reset_v5_0_vh_rfs.vhd:126]
INFO: [Synth 8-256] done synthesizing module 'sequence_psr' (0#1) [/home/gary/Individual_Project_System/Individual_Project_System.gen/sources_1/bd/System_Top/ipshared/9438/hdl/proc_sys_reset_v5_0_vh_rfs.vhd:304]
INFO: [Synth 8-256] done synthesizing module 'proc_sys_reset' (0#1) [/home/gary/Individual_Project_System/Individual_Project_System.gen/sources_1/bd/System_Top/ipshared/9438/hdl/proc_sys_reset_v5_0_vh_rfs.vhd:1302]
INFO: [Synth 8-256] done synthesizing module 'bd_a752_psr_aclk_0' (0#1) [/home/gary/Individual_Project_System/Individual_Project_System.gen/sources_1/bd/System_Top/ip/System_Top_smartconnect_0_0/bd_0/ip/ip_1/synth/bd_a752_psr_aclk_0.vhd:74]
WARNING: [Synth 8-7071] port 'mb_reset' of module 'bd_a752_psr_aclk_0' is unconnected for instance 'psr_aclk' [/home/gary/Individual_Project_System/Individual_Project_System.gen/sources_1/bd/System_Top/ip/System_Top_smartconnect_0_0/bd_0/synth/bd_a752.v:1265]
WARNING: [Synth 8-7071] port 'bus_struct_reset' of module 'bd_a752_psr_aclk_0' is unconnected for instance 'psr_aclk' [/home/gary/Individual_Project_System/Individual_Project_System.gen/sources_1/bd/System_Top/ip/System_Top_smartconnect_0_0/bd_0/synth/bd_a752.v:1265]
WARNING: [Synth 8-7071] port 'peripheral_reset' of module 'bd_a752_psr_aclk_0' is unconnected for instance 'psr_aclk' [/home/gary/Individual_Project_System/Individual_Project_System.gen/sources_1/bd/System_Top/ip/System_Top_smartconnect_0_0/bd_0/synth/bd_a752.v:1265]
WARNING: [Synth 8-7071] port 'peripheral_aresetn' of module 'bd_a752_psr_aclk_0' is unconnected for instance 'psr_aclk' [/home/gary/Individual_Project_System/Individual_Project_System.gen/sources_1/bd/System_Top/ip/System_Top_smartconnect_0_0/bd_0/synth/bd_a752.v:1265]
WARNING: [Synth 8-7023] instance 'psr_aclk' of module 'bd_a752_psr_aclk_0' has 10 connections declared, but only 6 given [/home/gary/Individual_Project_System/Individual_Project_System.gen/sources_1/bd/System_Top/ip/System_Top_smartconnect_0_0/bd_0/synth/bd_a752.v:1265]
INFO: [Synth 8-6155] done synthesizing module 'clk_map_imp_1R8N6M7' (0#1) [/home/gary/Individual_Project_System/Individual_Project_System.gen/sources_1/bd/System_Top/ip/System_Top_smartconnect_0_0/bd_0/synth/bd_a752.v:1228]
INFO: [Synth 8-6157] synthesizing module 'm00_exit_pipeline_imp_7KDOTG' [/home/gary/Individual_Project_System/Individual_Project_System.gen/sources_1/bd/System_Top/ip/System_Top_smartconnect_0_0/bd_0/synth/bd_a752.v:1274]
INFO: [Synth 8-6157] synthesizing module 'bd_a752_m00e_0' [/home/gary/Individual_Project_System/Individual_Project_System.gen/sources_1/bd/System_Top/ip/System_Top_smartconnect_0_0/bd_0/ip/ip_22/synth/bd_a752_m00e_0.sv:53]
INFO: [Synth 8-6157] synthesizing module 'xpm_cdc_async_rst' [/tools/2025.2/data/ip/xpm/xpm_cdc/hdl/xpm_cdc.sv:1175]
INFO: [Synth 8-6155] done synthesizing module 'xpm_cdc_async_rst' (0#1) [/tools/2025.2/data/ip/xpm/xpm_cdc/hdl/xpm_cdc.sv:1175]
INFO: [Synth 8-6155] done synthesizing module 'bd_a752_m00e_0' (0#1) [/home/gary/Individual_Project_System/Individual_Project_System.gen/sources_1/bd/System_Top/ip/System_Top_smartconnect_0_0/bd_0/ip/ip_22/synth/bd_a752_m00e_0.sv:53]
INFO: [Synth 8-6155] done synthesizing module 'm00_exit_pipeline_imp_7KDOTG' (0#1) [/home/gary/Individual_Project_System/Individual_Project_System.gen/sources_1/bd/System_Top/ip/System_Top_smartconnect_0_0/bd_0/synth/bd_a752.v:1274]
INFO: [Synth 8-6157] synthesizing module 'm00_nodes_imp_KXL7T4' [/home/gary/Individual_Project_System/Individual_Project_System.gen/sources_1/bd/System_Top/ip/System_Top_smartconnect_0_0/bd_0/synth/bd_a752.v:1572]
INFO: [Synth 8-6157] synthesizing module 'bd_a752_m00arn_0' [/home/gary/Individual_Project_System/Individual_Project_System.gen/sources_1/bd/System_Top/ip/System_Top_smartconnect_0_0/bd_0/ip/ip_17/synth/bd_a752_m00arn_0.sv:53]
INFO: [Synth 8-6157] synthesizing module 'xpm_memory_sdpram' [/tools/2025.2/data/ip/xpm/xpm_memory/hdl/xpm_memory.sv:8996]
INFO: [Synth 8-6157] synthesizing module 'xpm_memory_base' [/tools/2025.2/data/ip/xpm/xpm_memory/hdl/xpm_memory.sv:54]
INFO: [Synth 8-6155] done synthesizing module 'xpm_memory_base' (0#1) [/tools/2025.2/data/ip/xpm/xpm_memory/hdl/xpm_memory.sv:54]
INFO: [Synth 8-6155] done synthesizing module 'xpm_memory_sdpram' (0#1) [/tools/2025.2/data/ip/xpm/xpm_memory/hdl/xpm_memory.sv:8996]
INFO: [Synth 8-6157] synthesizing module 'xpm_memory_sdpram__parameterized0' [/tools/2025.2/data/ip/xpm/xpm_memory/hdl/xpm_memory.sv:8996]
INFO: [Synth 8-6157] synthesizing module 'xpm_memory_base__parameterized0' [/tools/2025.2/data/ip/xpm/xpm_memory/hdl/xpm_memory.sv:54]
INFO: [Synth 8-6155] done synthesizing module 'xpm_memory_base__parameterized0' (0#1) [/tools/2025.2/data/ip/xpm/xpm_memory/hdl/xpm_memory.sv:54]
INFO: [Synth 8-6155] done synthesizing module 'xpm_memory_sdpram__parameterized0' (0#1) [/tools/2025.2/data/ip/xpm/xpm_memory/hdl/xpm_memory.sv:8996]
INFO: [Synth 8-6155] done synthesizing module 'bd_a752_m00arn_0' (0#1) [/home/gary/Individual_Project_System/Individual_Project_System.gen/sources_1/bd/System_Top/ip/System_Top_smartconnect_0_0/bd_0/ip/ip_17/synth/bd_a752_m00arn_0.sv:53]
INFO: [Synth 8-6157] synthesizing module 'bd_a752_m00awn_0' [/home/gary/Individual_Project_System/Individual_Project_System.gen/sources_1/bd/System_Top/ip/System_Top_smartconnect_0_0/bd_0/ip/ip_19/synth/bd_a752_m00awn_0.sv:53]
INFO: [Synth 8-6155] done synthesizing module 'bd_a752_m00awn_0' (0#1) [/home/gary/Individual_Project_System/Individual_Project_System.gen/sources_1/bd/System_Top/ip/System_Top_smartconnect_0_0/bd_0/ip/ip_19/synth/bd_a752_m00awn_0.sv:53]
INFO: [Synth 8-6157] synthesizing module 'bd_a752_m00bn_0' [/home/gary/Individual_Project_System/Individual_Project_System.gen/sources_1/bd/System_Top/ip/System_Top_smartconnect_0_0/bd_0/ip/ip_21/synth/bd_a752_m00bn_0.sv:53]
INFO: [Synth 8-6157] synthesizing module 'xpm_memory_sdpram__parameterized1' [/tools/2025.2/data/ip/xpm/xpm_memory/hdl/xpm_memory.sv:8996]
INFO: [Synth 8-6157] synthesizing module 'xpm_memory_base__parameterized1' [/tools/2025.2/data/ip/xpm/xpm_memory/hdl/xpm_memory.sv:54]
INFO: [Synth 8-6155] done synthesizing module 'xpm_memory_base__parameterized1' (0#1) [/tools/2025.2/data/ip/xpm/xpm_memory/hdl/xpm_memory.sv:54]
INFO: [Synth 8-6155] done synthesizing module 'xpm_memory_sdpram__parameterized1' (0#1) [/tools/2025.2/data/ip/xpm/xpm_memory/hdl/xpm_memory.sv:8996]
INFO: [Synth 8-6157] synthesizing module 'xpm_memory_sdpram__parameterized2' [/tools/2025.2/data/ip/xpm/xpm_memory/hdl/xpm_memory.sv:8996]
INFO: [Synth 8-6157] synthesizing module 'xpm_memory_base__parameterized2' [/tools/2025.2/data/ip/xpm/xpm_memory/hdl/xpm_memory.sv:54]
INFO: [Synth 8-6155] done synthesizing module 'xpm_memory_base__parameterized2' (0#1) [/tools/2025.2/data/ip/xpm/xpm_memory/hdl/xpm_memory.sv:54]
INFO: [Synth 8-6155] done synthesizing module 'xpm_memory_sdpram__parameterized2' (0#1) [/tools/2025.2/data/ip/xpm/xpm_memory/hdl/xpm_memory.sv:8996]
INFO: [Synth 8-6155] done synthesizing module 'bd_a752_m00bn_0' (0#1) [/home/gary/Individual_Project_System/Individual_Project_System.gen/sources_1/bd/System_Top/ip/System_Top_smartconnect_0_0/bd_0/ip/ip_21/synth/bd_a752_m00bn_0.sv:53]
INFO: [Synth 8-6157] synthesizing module 'bd_a752_m00rn_0' [/home/gary/Individual_Project_System/Individual_Project_System.gen/sources_1/bd/System_Top/ip/System_Top_smartconnect_0_0/bd_0/ip/ip_18/synth/bd_a752_m00rn_0.sv:53]
INFO: [Synth 8-6157] synthesizing module 'xpm_memory_sdpram__parameterized3' [/tools/2025.2/data/ip/xpm/xpm_memory/hdl/xpm_memory.sv:8996]
INFO: [Synth 8-6157] synthesizing module 'xpm_memory_base__parameterized3' [/tools/2025.2/data/ip/xpm/xpm_memory/hdl/xpm_memory.sv:54]
INFO: [Synth 8-6155] done synthesizing module 'xpm_memory_base__parameterized3' (0#1) [/tools/2025.2/data/ip/xpm/xpm_memory/hdl/xpm_memory.sv:54]
INFO: [Synth 8-6155] done synthesizing module 'xpm_memory_sdpram__parameterized3' (0#1) [/tools/2025.2/data/ip/xpm/xpm_memory/hdl/xpm_memory.sv:8996]
INFO: [Synth 8-6155] done synthesizing module 'bd_a752_m00rn_0' (0#1) [/home/gary/Individual_Project_System/Individual_Project_System.gen/sources_1/bd/System_Top/ip/System_Top_smartconnect_0_0/bd_0/ip/ip_18/synth/bd_a752_m00rn_0.sv:53]
INFO: [Synth 8-6157] synthesizing module 'bd_a752_m00wn_0' [/home/gary/Individual_Project_System/Individual_Project_System.gen/sources_1/bd/System_Top/ip/System_Top_smartconnect_0_0/bd_0/ip/ip_20/synth/bd_a752_m00wn_0.sv:53]
INFO: [Synth 8-6157] synthesizing module 'xpm_memory_sdpram__parameterized4' [/tools/2025.2/data/ip/xpm/xpm_memory/hdl/xpm_memory.sv:8996]
INFO: [Synth 8-6157] synthesizing module 'xpm_memory_base__parameterized4' [/tools/2025.2/data/ip/xpm/xpm_memory/hdl/xpm_memory.sv:54]
INFO: [Synth 8-6155] done synthesizing module 'xpm_memory_base__parameterized4' (0#1) [/tools/2025.2/data/ip/xpm/xpm_memory/hdl/xpm_memory.sv:54]
INFO: [Synth 8-6155] done synthesizing module 'xpm_memory_sdpram__parameterized4' (0#1) [/tools/2025.2/data/ip/xpm/xpm_memory/hdl/xpm_memory.sv:8996]
INFO: [Synth 8-6155] done synthesizing module 'bd_a752_m00wn_0' (0#1) [/home/gary/Individual_Project_System/Individual_Project_System.gen/sources_1/bd/System_Top/ip/System_Top_smartconnect_0_0/bd_0/ip/ip_20/synth/bd_a752_m00wn_0.sv:53]
INFO: [Synth 8-6155] done synthesizing module 'm00_nodes_imp_KXL7T4' (0#1) [/home/gary/Individual_Project_System/Individual_Project_System.gen/sources_1/bd/System_Top/ip/System_Top_smartconnect_0_0/bd_0/synth/bd_a752.v:1572]
INFO: [Synth 8-6157] synthesizing module 'bd_a752_m00s2a_0' [/home/gary/Individual_Project_System/Individual_Project_System.gen/sources_1/bd/System_Top/ip/System_Top_smartconnect_0_0/bd_0/ip/ip_16/synth/bd_a752_m00s2a_0.sv:53]
INFO: [Synth 8-6155] done synthesizing module 'bd_a752_m00s2a_0' (0#1) [/home/gary/Individual_Project_System/Individual_Project_System.gen/sources_1/bd/System_Top/ip/System_Top_smartconnect_0_0/bd_0/ip/ip_16/synth/bd_a752_m00s2a_0.sv:53]
INFO: [Synth 8-6157] synthesizing module 'm01_exit_pipeline_imp_3G3RJ8' [/home/gary/Individual_Project_System/Individual_Project_System.gen/sources_1/bd/System_Top/ip/System_Top_smartconnect_0_0/bd_0/synth/bd_a752.v:1814]
INFO: [Synth 8-6157] synthesizing module 'bd_a752_m01e_0' [/home/gary/Individual_Project_System/Individual_Project_System.gen/sources_1/bd/System_Top/ip/System_Top_smartconnect_0_0/bd_0/ip/ip_29/synth/bd_a752_m01e_0.sv:53]
INFO: [Synth 8-6155] done synthesizing module 'bd_a752_m01e_0' (0#1) [/home/gary/Individual_Project_System/Individual_Project_System.gen/sources_1/bd/System_Top/ip/System_Top_smartconnect_0_0/bd_0/ip/ip_29/synth/bd_a752_m01e_0.sv:53]
INFO: [Synth 8-6155] done synthesizing module 'm01_exit_pipeline_imp_3G3RJ8' (0#1) [/home/gary/Individual_Project_System/Individual_Project_System.gen/sources_1/bd/System_Top/ip/System_Top_smartconnect_0_0/bd_0/synth/bd_a752.v:1814]
INFO: [Synth 8-6157] synthesizing module 'm01_nodes_imp_1NIII7Y' [/home/gary/Individual_Project_System/Individual_Project_System.gen/sources_1/bd/System_Top/ip/System_Top_smartconnect_0_0/bd_0/synth/bd_a752.v:2056]
INFO: [Synth 8-6157] synthesizing module 'bd_a752_m01arn_0' [/home/gary/Individual_Project_System/Individual_Project_System.gen/sources_1/bd/System_Top/ip/System_Top_smartconnect_0_0/bd_0/ip/ip_24/synth/bd_a752_m01arn_0.sv:53]
INFO: [Synth 8-6155] done synthesizing module 'bd_a752_m01arn_0' (0#1) [/home/gary/Individual_Project_System/Individual_Project_System.gen/sources_1/bd/System_Top/ip/System_Top_smartconnect_0_0/bd_0/ip/ip_24/synth/bd_a752_m01arn_0.sv:53]
INFO: [Synth 8-6157] synthesizing module 'bd_a752_m01awn_0' [/home/gary/Individual_Project_System/Individual_Project_System.gen/sources_1/bd/System_Top/ip/System_Top_smartconnect_0_0/bd_0/ip/ip_26/synth/bd_a752_m01awn_0.sv:53]
INFO: [Synth 8-6155] done synthesizing module 'bd_a752_m01awn_0' (0#1) [/home/gary/Individual_Project_System/Individual_Project_System.gen/sources_1/bd/System_Top/ip/System_Top_smartconnect_0_0/bd_0/ip/ip_26/synth/bd_a752_m01awn_0.sv:53]
INFO: [Synth 8-6157] synthesizing module 'bd_a752_m01bn_0' [/home/gary/Individual_Project_System/Individual_Project_System.gen/sources_1/bd/System_Top/ip/System_Top_smartconnect_0_0/bd_0/ip/ip_28/synth/bd_a752_m01bn_0.sv:53]
INFO: [Synth 8-6155] done synthesizing module 'bd_a752_m01bn_0' (0#1) [/home/gary/Individual_Project_System/Individual_Project_System.gen/sources_1/bd/System_Top/ip/System_Top_smartconnect_0_0/bd_0/ip/ip_28/synth/bd_a752_m01bn_0.sv:53]
INFO: [Synth 8-6157] synthesizing module 'bd_a752_m01rn_0' [/home/gary/Individual_Project_System/Individual_Project_System.gen/sources_1/bd/System_Top/ip/System_Top_smartconnect_0_0/bd_0/ip/ip_25/synth/bd_a752_m01rn_0.sv:53]
INFO: [Synth 8-6155] done synthesizing module 'bd_a752_m01rn_0' (0#1) [/home/gary/Individual_Project_System/Individual_Project_System.gen/sources_1/bd/System_Top/ip/System_Top_smartconnect_0_0/bd_0/ip/ip_25/synth/bd_a752_m01rn_0.sv:53]
INFO: [Synth 8-6157] synthesizing module 'bd_a752_m01wn_0' [/home/gary/Individual_Project_System/Individual_Project_System.gen/sources_1/bd/System_Top/ip/System_Top_smartconnect_0_0/bd_0/ip/ip_27/synth/bd_a752_m01wn_0.sv:53]
INFO: [Synth 8-6155] done synthesizing module 'bd_a752_m01wn_0' (0#1) [/home/gary/Individual_Project_System/Individual_Project_System.gen/sources_1/bd/System_Top/ip/System_Top_smartconnect_0_0/bd_0/ip/ip_27/synth/bd_a752_m01wn_0.sv:53]
INFO: [Synth 8-6155] done synthesizing module 'm01_nodes_imp_1NIII7Y' (0#1) [/home/gary/Individual_Project_System/Individual_Project_System.gen/sources_1/bd/System_Top/ip/System_Top_smartconnect_0_0/bd_0/synth/bd_a752.v:2056]
INFO: [Synth 8-6157] synthesizing module 'bd_a752_m01s2a_0' [/home/gary/Individual_Project_System/Individual_Project_System.gen/sources_1/bd/System_Top/ip/System_Top_smartconnect_0_0/bd_0/ip/ip_23/synth/bd_a752_m01s2a_0.sv:53]
INFO: [Synth 8-6155] done synthesizing module 'bd_a752_m01s2a_0' (0#1) [/home/gary/Individual_Project_System/Individual_Project_System.gen/sources_1/bd/System_Top/ip/System_Top_smartconnect_0_0/bd_0/ip/ip_23/synth/bd_a752_m01s2a_0.sv:53]
INFO: [Synth 8-6157] synthesizing module 'bd_a752_s00a2s_0' [/home/gary/Individual_Project_System/Individual_Project_System.gen/sources_1/bd/System_Top/ip/System_Top_smartconnect_0_0/bd_0/ip/ip_10/synth/bd_a752_s00a2s_0.sv:53]
INFO: [Synth 8-6155] done synthesizing module 'bd_a752_s00a2s_0' (0#1) [/home/gary/Individual_Project_System/Individual_Project_System.gen/sources_1/bd/System_Top/ip/System_Top_smartconnect_0_0/bd_0/ip/ip_10/synth/bd_a752_s00a2s_0.sv:53]
INFO: [Synth 8-6157] synthesizing module 's00_entry_pipeline_imp_16AJNC7' [/home/gary/Individual_Project_System/Individual_Project_System.gen/sources_1/bd/System_Top/ip/System_Top_smartconnect_0_0/bd_0/synth/bd_a752.v:2298]
INFO: [Synth 8-6157] synthesizing module 'bd_a752_s00mmu_0' [/home/gary/Individual_Project_System/Individual_Project_System.gen/sources_1/bd/System_Top/ip/System_Top_smartconnect_0_0/bd_0/ip/ip_7/synth/bd_a752_s00mmu_0.sv:53]
INFO: [Synth 8-6155] done synthesizing module 'bd_a752_s00mmu_0' (0#1) [/home/gary/Individual_Project_System/Individual_Project_System.gen/sources_1/bd/System_Top/ip/System_Top_smartconnect_0_0/bd_0/ip/ip_7/synth/bd_a752_s00mmu_0.sv:53]
INFO: [Synth 8-6157] synthesizing module 'bd_a752_s00sic_0' [/home/gary/Individual_Project_System/Individual_Project_System.gen/sources_1/bd/System_Top/ip/System_Top_smartconnect_0_0/bd_0/ip/ip_9/synth/bd_a752_s00sic_0.sv:53]
INFO: [Synth 8-6155] done synthesizing module 'bd_a752_s00sic_0' (0#1) [/home/gary/Individual_Project_System/Individual_Project_System.gen/sources_1/bd/System_Top/ip/System_Top_smartconnect_0_0/bd_0/ip/ip_9/synth/bd_a752_s00sic_0.sv:53]
INFO: [Synth 8-6157] synthesizing module 'bd_a752_s00tr_0' [/home/gary/Individual_Project_System/Individual_Project_System.gen/sources_1/bd/System_Top/ip/System_Top_smartconnect_0_0/bd_0/ip/ip_8/synth/bd_a752_s00tr_0.sv:53]
INFO: [Synth 8-6155] done synthesizing module 'bd_a752_s00tr_0' (0#1) [/home/gary/Individual_Project_System/Individual_Project_System.gen/sources_1/bd/System_Top/ip/System_Top_smartconnect_0_0/bd_0/ip/ip_8/synth/bd_a752_s00tr_0.sv:53]
INFO: [Synth 8-6155] done synthesizing module 's00_entry_pipeline_imp_16AJNC7' (0#1) [/home/gary/Individual_Project_System/Individual_Project_System.gen/sources_1/bd/System_Top/ip/System_Top_smartconnect_0_0/bd_0/synth/bd_a752.v:2298]
INFO: [Synth 8-6157] synthesizing module 's00_nodes_imp_13CP33X' [/home/gary/Individual_Project_System/Individual_Project_System.gen/sources_1/bd/System_Top/ip/System_Top_smartconnect_0_0/bd_0/synth/bd_a752.v:2874]
INFO: [Synth 8-6157] synthesizing module 'bd_a752_sarn_0' [/home/gary/Individual_Project_System/Individual_Project_System.gen/sources_1/bd/System_Top/ip/System_Top_smartconnect_0_0/bd_0/ip/ip_11/synth/bd_a752_sarn_0.sv:53]
INFO: [Synth 8-6157] synthesizing module 'xpm_memory_sdpram__parameterized5' [/tools/2025.2/data/ip/xpm/xpm_memory/hdl/xpm_memory.sv:8996]
INFO: [Synth 8-6157] synthesizing module 'xpm_memory_base__parameterized5' [/tools/2025.2/data/ip/xpm/xpm_memory/hdl/xpm_memory.sv:54]
INFO: [Synth 8-6155] done synthesizing module 'xpm_memory_base__parameterized5' (0#1) [/tools/2025.2/data/ip/xpm/xpm_memory/hdl/xpm_memory.sv:54]
INFO: [Synth 8-6155] done synthesizing module 'xpm_memory_sdpram__parameterized5' (0#1) [/tools/2025.2/data/ip/xpm/xpm_memory/hdl/xpm_memory.sv:8996]
INFO: [Synth 8-6157] synthesizing module 'xpm_memory_sdpram__parameterized6' [/tools/2025.2/data/ip/xpm/xpm_memory/hdl/xpm_memory.sv:8996]
INFO: [Synth 8-6157] synthesizing module 'xpm_memory_base__parameterized6' [/tools/2025.2/data/ip/xpm/xpm_memory/hdl/xpm_memory.sv:54]
INFO: [Synth 8-6155] done synthesizing module 'xpm_memory_base__parameterized6' (0#1) [/tools/2025.2/data/ip/xpm/xpm_memory/hdl/xpm_memory.sv:54]
INFO: [Synth 8-6155] done synthesizing module 'xpm_memory_sdpram__parameterized6' (0#1) [/tools/2025.2/data/ip/xpm/xpm_memory/hdl/xpm_memory.sv:8996]
INFO: [Synth 8-6155] done synthesizing module 'bd_a752_sarn_0' (0#1) [/home/gary/Individual_Project_System/Individual_Project_System.gen/sources_1/bd/System_Top/ip/System_Top_smartconnect_0_0/bd_0/ip/ip_11/synth/bd_a752_sarn_0.sv:53]
INFO: [Synth 8-6157] synthesizing module 'bd_a752_sawn_0' [/home/gary/Individual_Project_System/Individual_Project_System.gen/sources_1/bd/System_Top/ip/System_Top_smartconnect_0_0/bd_0/ip/ip_13/synth/bd_a752_sawn_0.sv:53]
INFO: [Synth 8-6155] done synthesizing module 'bd_a752_sawn_0' (0#1) [/home/gary/Individual_Project_System/Individual_Project_System.gen/sources_1/bd/System_Top/ip/System_Top_smartconnect_0_0/bd_0/ip/ip_13/synth/bd_a752_sawn_0.sv:53]
INFO: [Synth 8-6157] synthesizing module 'bd_a752_sbn_0' [/home/gary/Individual_Project_System/Individual_Project_System.gen/sources_1/bd/System_Top/ip/System_Top_smartconnect_0_0/bd_0/ip/ip_15/synth/bd_a752_sbn_0.sv:53]
INFO: [Synth 8-6157] synthesizing module 'xpm_memory_sdpram__parameterized7' [/tools/2025.2/data/ip/xpm/xpm_memory/hdl/xpm_memory.sv:8996]
INFO: [Synth 8-6157] synthesizing module 'xpm_memory_base__parameterized7' [/tools/2025.2/data/ip/xpm/xpm_memory/hdl/xpm_memory.sv:54]
INFO: [Synth 8-6155] done synthesizing module 'xpm_memory_base__parameterized7' (0#1) [/tools/2025.2/data/ip/xpm/xpm_memory/hdl/xpm_memory.sv:54]
INFO: [Synth 8-6155] done synthesizing module 'xpm_memory_sdpram__parameterized7' (0#1) [/tools/2025.2/data/ip/xpm/xpm_memory/hdl/xpm_memory.sv:8996]
INFO: [Synth 8-6155] done synthesizing module 'bd_a752_sbn_0' (0#1) [/home/gary/Individual_Project_System/Individual_Project_System.gen/sources_1/bd/System_Top/ip/System_Top_smartconnect_0_0/bd_0/ip/ip_15/synth/bd_a752_sbn_0.sv:53]
INFO: [Synth 8-6157] synthesizing module 'bd_a752_srn_0' [/home/gary/Individual_Project_System/Individual_Project_System.gen/sources_1/bd/System_Top/ip/System_Top_smartconnect_0_0/bd_0/ip/ip_12/synth/bd_a752_srn_0.sv:53]
INFO: [Synth 8-6155] done synthesizing module 'bd_a752_srn_0' (0#1) [/home/gary/Individual_Project_System/Individual_Project_System.gen/sources_1/bd/System_Top/ip/System_Top_smartconnect_0_0/bd_0/ip/ip_12/synth/bd_a752_srn_0.sv:53]
INFO: [Synth 8-6157] synthesizing module 'bd_a752_swn_0' [/home/gary/Individual_Project_System/Individual_Project_System.gen/sources_1/bd/System_Top/ip/System_Top_smartconnect_0_0/bd_0/ip/ip_14/synth/bd_a752_swn_0.sv:53]
INFO: [Synth 8-6155] done synthesizing module 'bd_a752_swn_0' (0#1) [/home/gary/Individual_Project_System/Individual_Project_System.gen/sources_1/bd/System_Top/ip/System_Top_smartconnect_0_0/bd_0/ip/ip_14/synth/bd_a752_swn_0.sv:53]
INFO: [Synth 8-6155] done synthesizing module 's00_nodes_imp_13CP33X' (0#1) [/home/gary/Individual_Project_System/Individual_Project_System.gen/sources_1/bd/System_Top/ip/System_Top_smartconnect_0_0/bd_0/synth/bd_a752.v:2874]
INFO: [Synth 8-6157] synthesizing module 'switchboards_imp_1RUT33D' [/home/gary/Individual_Project_System/Individual_Project_System.gen/sources_1/bd/System_Top/ip/System_Top_smartconnect_0_0/bd_0/synth/bd_a752.v:3116]
INFO: [Synth 8-6157] synthesizing module 'bd_a752_arsw_0' [/home/gary/Individual_Project_System/Individual_Project_System.gen/sources_1/bd/System_Top/ip/System_Top_smartconnect_0_0/bd_0/ip/ip_2/synth/bd_a752_arsw_0.sv:53]
INFO: [Synth 8-6155] done synthesizing module 'bd_a752_arsw_0' (0#1) [/home/gary/Individual_Project_System/Individual_Project_System.gen/sources_1/bd/System_Top/ip/System_Top_smartconnect_0_0/bd_0/ip/ip_2/synth/bd_a752_arsw_0.sv:53]
INFO: [Synth 8-6157] synthesizing module 'bd_a752_awsw_0' [/home/gary/Individual_Project_System/Individual_Project_System.gen/sources_1/bd/System_Top/ip/System_Top_smartconnect_0_0/bd_0/ip/ip_4/synth/bd_a752_awsw_0.sv:53]
INFO: [Synth 8-6155] done synthesizing module 'bd_a752_awsw_0' (0#1) [/home/gary/Individual_Project_System/Individual_Project_System.gen/sources_1/bd/System_Top/ip/System_Top_smartconnect_0_0/bd_0/ip/ip_4/synth/bd_a752_awsw_0.sv:53]
INFO: [Synth 8-6157] synthesizing module 'bd_a752_bsw_0' [/home/gary/Individual_Project_System/Individual_Project_System.gen/sources_1/bd/System_Top/ip/System_Top_smartconnect_0_0/bd_0/ip/ip_6/synth/bd_a752_bsw_0.sv:53]
INFO: [Synth 8-6155] done synthesizing module 'bd_a752_bsw_0' (0#1) [/home/gary/Individual_Project_System/Individual_Project_System.gen/sources_1/bd/System_Top/ip/System_Top_smartconnect_0_0/bd_0/ip/ip_6/synth/bd_a752_bsw_0.sv:53]
INFO: [Synth 8-6157] synthesizing module 'bd_a752_rsw_0' [/home/gary/Individual_Project_System/Individual_Project_System.gen/sources_1/bd/System_Top/ip/System_Top_smartconnect_0_0/bd_0/ip/ip_3/synth/bd_a752_rsw_0.sv:53]
INFO: [Synth 8-6155] done synthesizing module 'bd_a752_rsw_0' (0#1) [/home/gary/Individual_Project_System/Individual_Project_System.gen/sources_1/bd/System_Top/ip/System_Top_smartconnect_0_0/bd_0/ip/ip_3/synth/bd_a752_rsw_0.sv:53]
INFO: [Synth 8-6157] synthesizing module 'bd_a752_wsw_0' [/home/gary/Individual_Project_System/Individual_Project_System.gen/sources_1/bd/System_Top/ip/System_Top_smartconnect_0_0/bd_0/ip/ip_5/synth/bd_a752_wsw_0.sv:53]
INFO: [Synth 8-6155] done synthesizing module 'bd_a752_wsw_0' (0#1) [/home/gary/Individual_Project_System/Individual_Project_System.gen/sources_1/bd/System_Top/ip/System_Top_smartconnect_0_0/bd_0/ip/ip_5/synth/bd_a752_wsw_0.sv:53]
INFO: [Synth 8-6155] done synthesizing module 'switchboards_imp_1RUT33D' (0#1) [/home/gary/Individual_Project_System/Individual_Project_System.gen/sources_1/bd/System_Top/ip/System_Top_smartconnect_0_0/bd_0/synth/bd_a752.v:3116]
INFO: [Synth 8-6155] done synthesizing module 'bd_a752' (0#1) [/home/gary/Individual_Project_System/Individual_Project_System.gen/sources_1/bd/System_Top/ip/System_Top_smartconnect_0_0/bd_0/synth/bd_a752.v:10]
INFO: [Synth 8-6155] done synthesizing module 'System_Top_smartconnect_0_0' (0#1) [/home/gary/Individual_Project_System/Individual_Project_System.gen/sources_1/bd/System_Top/ip/System_Top_smartconnect_0_0/synth/System_Top_smartconnect_0_0.v:53]
WARNING: [Synth 8-3848] Net aresetn_out in module/entity clk_map_imp_1R8N6M7 does not have driver. [/home/gary/Individual_Project_System/Individual_Project_System.gen/sources_1/bd/System_Top/ip/System_Top_smartconnect_0_0/bd_0/synth/bd_a752.v:1248]
INFO: [Synth 8-4490] FSM extraction disabled for register 'gen_pipelined.state_reg' through user attribute
INFO: [Synth 8-4490] FSM extraction disabled for register 'gen_pipelined.state_reg' through user attribute
INFO: [Synth 8-4490] FSM extraction disabled for register 'gen_AB_reg_slice.state_reg' through user attribute
INFO: [Synth 8-4490] FSM extraction disabled for register 'gen_pipelined.state_reg' through user attribute
INFO: [Synth 8-4490] FSM extraction disabled for register 'gen_pipelined.state_reg' through user attribute
INFO: [Synth 8-4490] FSM extraction disabled for register 'gen_pipelined.state_reg' through user attribute
INFO: [Synth 8-4490] FSM extraction disabled for register 'gen_pipelined.state_reg' through user attribute
INFO: [Synth 8-4490] FSM extraction disabled for register 'gen_AB_reg_slice.state_reg' through user attribute
INFO: [Synth 8-7129] Port aclk in module sc_util_v1_0_4_pipeline__parameterized0 is either unconnected or has no load
INFO: [Synth 8-7129] Port aclken in module sc_util_v1_0_4_pipeline__parameterized0 is either unconnected or has no load
INFO: [Synth 8-7129] Port areset in module sc_util_v1_0_4_pipeline__parameterized0 is either unconnected or has no load
INFO: [Synth 8-7129] Port din[0] in module sc_util_v1_0_4_onehot_to_binary__parameterized2 is either unconnected or has no load
INFO: [Synth 8-7129] Port aclk in module sc_util_v1_0_4_pipeline__parameterized4 is either unconnected or has no load
INFO: [Synth 8-7129] Port aclken in module sc_util_v1_0_4_pipeline__parameterized4 is either unconnected or has no load
INFO: [Synth 8-7129] Port areset in module sc_util_v1_0_4_pipeline__parameterized4 is either unconnected or has no load
INFO: [Synth 8-7129] Port connectivity[1] in module sc_switchboard_v1_0_9_top__parameterized2 is either unconnected or has no load
INFO: [Synth 8-7129] Port connectivity[0] in module sc_switchboard_v1_0_9_top__parameterized2 is either unconnected or has no load
INFO: [Synth 8-7129] Port din[0] in module sc_util_v1_0_4_onehot_to_binary__parameterized3 is either unconnected or has no load
INFO: [Synth 8-7129] Port connectivity[1] in module sc_switchboard_v1_0_9_top__parameterized1 is either unconnected or has no load
INFO: [Synth 8-7129] Port connectivity[0] in module sc_switchboard_v1_0_9_top__parameterized1 is either unconnected or has no load
INFO: [Synth 8-7129] Port aclk in module sc_util_v1_0_4_pipeline__parameterized3 is either unconnected or has no load
INFO: [Synth 8-7129] Port aclken in module sc_util_v1_0_4_pipeline__parameterized3 is either unconnected or has no load
INFO: [Synth 8-7129] Port areset in module sc_util_v1_0_4_pipeline__parameterized3 is either unconnected or has no load
INFO: [Synth 8-7129] Port connectivity[1] in module sc_switchboard_v1_0_9_top__parameterized0 is either unconnected or has no load
INFO: [Synth 8-7129] Port connectivity[0] in module sc_switchboard_v1_0_9_top__parameterized0 is either unconnected or has no load
INFO: [Synth 8-7129] Port aclk in module sc_util_v1_0_4_pipeline__parameterized1 is either unconnected or has no load
INFO: [Synth 8-7129] Port aclken in module sc_util_v1_0_4_pipeline__parameterized1 is either unconnected or has no load
INFO: [Synth 8-7129] Port areset in module sc_util_v1_0_4_pipeline__parameterized1 is either unconnected or has no load
INFO: [Synth 8-7129] Port connectivity[1] in module sc_switchboard_v1_0_9_top is either unconnected or has no load
INFO: [Synth 8-7129] Port connectivity[0] in module sc_switchboard_v1_0_9_top is either unconnected or has no load
INFO: [Synth 8-7129] Port aresetn in module switchboards_imp_1RUT33D is either unconnected or has no load
INFO: [Synth 8-7129] Port din[0] in module sc_util_v1_0_4_onehot_to_binary is either unconnected or has no load
INFO: [Synth 8-7129] Port sleep in module xpm_memory_base__parameterized3 is either unconnected or has no load
INFO: [Synth 8-7129] Port rsta in module xpm_memory_base__parameterized3 is either unconnected or has no load
INFO: [Synth 8-7129] Port regcea in module xpm_memory_base__parameterized3 is either unconnected or has no load
INFO: [Synth 8-7129] Port injectsbiterra in module xpm_memory_base__parameterized3 is either unconnected or has no load
INFO: [Synth 8-7129] Port injectdbiterra in module xpm_memory_base__parameterized3 is either unconnected or has no load
INFO: [Synth 8-7129] Port clkb in module xpm_memory_base__parameterized3 is either unconnected or has no load
INFO: [Synth 8-7129] Port regceb in module xpm_memory_base__parameterized3 is either unconnected or has no load
INFO: [Synth 8-7129] Port web[0] in module xpm_memory_base__parameterized3 is either unconnected or has no load
INFO: [Synth 8-7129] Port dinb[52] in module xpm_memory_base__parameterized3 is either unconnected or has no load
INFO: [Synth 8-7129] Port dinb[51] in module xpm_memory_base__parameterized3 is either unconnected or has no load
INFO: [Synth 8-7129] Port dinb[50] in module xpm_memory_base__parameterized3 is either unconnected or has no load
INFO: [Synth 8-7129] Port dinb[49] in module xpm_memory_base__parameterized3 is either unconnected or has no load
INFO: [Synth 8-7129] Port dinb[48] in module xpm_memory_base__parameterized3 is either unconnected or has no load
INFO: [Synth 8-7129] Port dinb[47] in module xpm_memory_base__parameterized3 is either unconnected or has no load
INFO: [Synth 8-7129] Port dinb[46] in module xpm_memory_base__parameterized3 is either unconnected or has no load
INFO: [Synth 8-7129] Port dinb[45] in module xpm_memory_base__parameterized3 is either unconnected or has no load
INFO: [Synth 8-7129] Port dinb[44] in module xpm_memory_base__parameterized3 is either unconnected or has no load
INFO: [Synth 8-7129] Port dinb[43] in module xpm_memory_base__parameterized3 is either unconnected or has no load
INFO: [Synth 8-7129] Port dinb[42] in module xpm_memory_base__parameterized3 is either unconnected or has no load
INFO: [Synth 8-7129] Port dinb[41] in module xpm_memory_base__parameterized3 is either unconnected or has no load
INFO: [Synth 8-7129] Port dinb[40] in module xpm_memory_base__parameterized3 is either unconnected or has no load
INFO: [Synth 8-7129] Port dinb[39] in module xpm_memory_base__parameterized3 is either unconnected or has no load
INFO: [Synth 8-7129] Port dinb[38] in module xpm_memory_base__parameterized3 is either unconnected or has no load
INFO: [Synth 8-7129] Port dinb[37] in module xpm_memory_base__parameterized3 is either unconnected or has no load
INFO: [Synth 8-7129] Port dinb[36] in module xpm_memory_base__parameterized3 is either unconnected or has no load
INFO: [Synth 8-7129] Port dinb[35] in module xpm_memory_base__parameterized3 is either unconnected or has no load
INFO: [Synth 8-7129] Port dinb[34] in module xpm_memory_base__parameterized3 is either unconnected or has no load
INFO: [Synth 8-7129] Port dinb[33] in module xpm_memory_base__parameterized3 is either unconnected or has no load
INFO: [Synth 8-7129] Port dinb[32] in module xpm_memory_base__parameterized3 is either unconnected or has no load
INFO: [Synth 8-7129] Port dinb[31] in module xpm_memory_base__parameterized3 is either unconnected or has no load
INFO: [Synth 8-7129] Port dinb[30] in module xpm_memory_base__parameterized3 is either unconnected or has no load
INFO: [Synth 8-7129] Port dinb[29] in module xpm_memory_base__parameterized3 is either unconnected or has no load
INFO: [Synth 8-7129] Port dinb[28] in module xpm_memory_base__parameterized3 is either unconnected or has no load
INFO: [Synth 8-7129] Port dinb[27] in module xpm_memory_base__parameterized3 is either unconnected or has no load
INFO: [Synth 8-7129] Port dinb[26] in module xpm_memory_base__parameterized3 is either unconnected or has no load
INFO: [Synth 8-7129] Port dinb[25] in module xpm_memory_base__parameterized3 is either unconnected or has no load
INFO: [Synth 8-7129] Port dinb[24] in module xpm_memory_base__parameterized3 is either unconnected or has no load
INFO: [Synth 8-7129] Port dinb[23] in module xpm_memory_base__parameterized3 is either unconnected or has no load
INFO: [Synth 8-7129] Port dinb[22] in module xpm_memory_base__parameterized3 is either unconnected or has no load
INFO: [Synth 8-7129] Port dinb[21] in module xpm_memory_base__parameterized3 is either unconnected or has no load
INFO: [Synth 8-7129] Port dinb[20] in module xpm_memory_base__parameterized3 is either unconnected or has no load
INFO: [Synth 8-7129] Port dinb[19] in module xpm_memory_base__parameterized3 is either unconnected or has no load
INFO: [Synth 8-7129] Port dinb[18] in module xpm_memory_base__parameterized3 is either unconnected or has no load
INFO: [Synth 8-7129] Port dinb[17] in module xpm_memory_base__parameterized3 is either unconnected or has no load
INFO: [Synth 8-7129] Port dinb[16] in module xpm_memory_base__parameterized3 is either unconnected or has no load
INFO: [Synth 8-7129] Port dinb[15] in module xpm_memory_base__parameterized3 is either unconnected or has no load
INFO: [Synth 8-7129] Port dinb[14] in module xpm_memory_base__parameterized3 is either unconnected or has no load
INFO: [Synth 8-7129] Port dinb[13] in module xpm_memory_base__parameterized3 is either unconnected or has no load
INFO: [Synth 8-7129] Port dinb[12] in module xpm_memory_base__parameterized3 is either unconnected or has no load
INFO: [Synth 8-7129] Port dinb[11] in module xpm_memory_base__parameterized3 is either unconnected or has no load
INFO: [Synth 8-7129] Port dinb[10] in module xpm_memory_base__parameterized3 is either unconnected or has no load
INFO: [Synth 8-7129] Port dinb[9] in module xpm_memory_base__parameterized3 is either unconnected or has no load
INFO: [Synth 8-7129] Port dinb[8] in module xpm_memory_base__parameterized3 is either unconnected or has no load
INFO: [Synth 8-7129] Port dinb[7] in module xpm_memory_base__parameterized3 is either unconnected or has no load
INFO: [Synth 8-7129] Port dinb[6] in module xpm_memory_base__parameterized3 is either unconnected or has no load
INFO: [Synth 8-7129] Port dinb[5] in module xpm_memory_base__parameterized3 is either unconnected or has no load
INFO: [Synth 8-7129] Port dinb[4] in module xpm_memory_base__parameterized3 is either unconnected or has no load
INFO: [Synth 8-7129] Port dinb[3] in module xpm_memory_base__parameterized3 is either unconnected or has no load
INFO: [Synth 8-7129] Port dinb[2] in module xpm_memory_base__parameterized3 is either unconnected or has no load
INFO: [Synth 8-7129] Port dinb[1] in module xpm_memory_base__parameterized3 is either unconnected or has no load
INFO: [Synth 8-7129] Port dinb[0] in module xpm_memory_base__parameterized3 is either unconnected or has no load
INFO: [Synth 8-7129] Port injectsbiterrb in module xpm_memory_base__parameterized3 is either unconnected or has no load
INFO: [Synth 8-7129] Port injectdbiterrb in module xpm_memory_base__parameterized3 is either unconnected or has no load
INFO: [Synth 8-7129] Port sleep in module xpm_memory_base__parameterized5 is either unconnected or has no load
INFO: [Synth 8-7129] Port rsta in module xpm_memory_base__parameterized5 is either unconnected or has no load
INFO: [Synth 8-7129] Port regcea in module xpm_memory_base__parameterized5 is either unconnected or has no load
INFO: [Synth 8-7129] Port injectsbiterra in module xpm_memory_base__parameterized5 is either unconnected or has no load
INFO: [Synth 8-7129] Port injectdbiterra in module xpm_memory_base__parameterized5 is either unconnected or has no load
INFO: [Synth 8-7129] Port clkb in module xpm_memory_base__parameterized5 is either unconnected or has no load
INFO: [Synth 8-7129] Port regceb in module xpm_memory_base__parameterized5 is either unconnected or has no load
INFO: [Synth 8-7129] Port web[0] in module xpm_memory_base__parameterized5 is either unconnected or has no load
INFO: [Synth 8-7129] Port dinb[18] in module xpm_memory_base__parameterized5 is either unconnected or has no load
INFO: [Synth 8-7129] Port dinb[17] in module xpm_memory_base__parameterized5 is either unconnected or has no load
INFO: [Synth 8-7129] Port dinb[16] in module xpm_memory_base__parameterized5 is either unconnected or has no load
INFO: [Synth 8-7129] Port dinb[15] in module xpm_memory_base__parameterized5 is either unconnected or has no load
INFO: [Synth 8-7129] Port dinb[14] in module xpm_memory_base__parameterized5 is either unconnected or has no load
INFO: [Common 17-14] Message 'Synth 8-7129' appears 100 times and further instances of the messages will be disabled. Use the Tcl command set_msg_config to change the current settings.
---------------------------------------------------------------------------------
Finished RTL Elaboration : Time (s): cpu = 00:00:10 ; elapsed = 00:00:11 . Memory (MB): peak = 2551.383 ; gain = 771.523 ; free physical = 191 ; free virtual = 6874
---------------------------------------------------------------------------------
---------------------------------------------------------------------------------
Start Handling Custom Attributes
---------------------------------------------------------------------------------
---------------------------------------------------------------------------------
Finished Handling Custom Attributes : Time (s): cpu = 00:00:10 ; elapsed = 00:00:11 . Memory (MB): peak = 2551.383 ; gain = 771.523 ; free physical = 211 ; free virtual = 6887
---------------------------------------------------------------------------------
---------------------------------------------------------------------------------
Finished RTL Optimization Phase 1 : Time (s): cpu = 00:00:10 ; elapsed = 00:00:11 . Memory (MB): peak = 2551.383 ; gain = 771.523 ; free physical = 211 ; free virtual = 6887
---------------------------------------------------------------------------------
Netlist sorting complete. Time (s): cpu = 00:00:01 ; elapsed = 00:00:01 . Memory (MB): peak = 2589.617 ; gain = 0.000 ; free physical = 169 ; free virtual = 6786
INFO: [Netlist 29-17] Analyzing 1 Unisim elements for replacement
INFO: [Netlist 29-28] Unisim Transformation completed in 0 CPU seconds
INFO: [Project 1-570] Preparing netlist for logic optimization

Processing XDC Constraints
Initializing timing engine
Parsing XDC File [/home/gary/Individual_Project_System/Individual_Project_System.gen/sources_1/bd/System_Top/ip/System_Top_smartconnect_0_0/ooc.xdc] for cell 'inst'
Finished Parsing XDC File [/home/gary/Individual_Project_System/Individual_Project_System.gen/sources_1/bd/System_Top/ip/System_Top_smartconnect_0_0/ooc.xdc] for cell 'inst'
Parsing XDC File [/home/gary/Individual_Project_System/Individual_Project_System.gen/sources_1/bd/System_Top/ip/System_Top_smartconnect_0_0/bd_0/ip/ip_1/bd_a752_psr_aclk_0_board.xdc] for cell 'inst/clk_map/psr_aclk/U0'
Finished Parsing XDC File [/home/gary/Individual_Project_System/Individual_Project_System.gen/sources_1/bd/System_Top/ip/System_Top_smartconnect_0_0/bd_0/ip/ip_1/bd_a752_psr_aclk_0_board.xdc] for cell 'inst/clk_map/psr_aclk/U0'
Parsing XDC File [/home/gary/Individual_Project_System/Individual_Project_System.gen/sources_1/bd/System_Top/ip/System_Top_smartconnect_0_0/smartconnect.xdc] for cell 'inst'
Finished Parsing XDC File [/home/gary/Individual_Project_System/Individual_Project_System.gen/sources_1/bd/System_Top/ip/System_Top_smartconnect_0_0/smartconnect.xdc] for cell 'inst'
Parsing XDC File [/home/gary/Individual_Project_System/Individual_Project_System.runs/System_Top_smartconnect_0_0_synth_1/dont_touch.xdc]
Finished Parsing XDC File [/home/gary/Individual_Project_System/Individual_Project_System.runs/System_Top_smartconnect_0_0_synth_1/dont_touch.xdc]
INFO: [Project 1-236] Implementation specific constraints were found while reading constraint file [/tools/2025.2/data/ip/xpm/xpm_cdc/tcl/xpm_cdc_single.tcl]. These constraints will be ignored for synthesis but will be used in implementation. Impacted constraints are listed in the file [.Xil/System_Top_smartconnect_0_0_propImpl.xdc].
Resolution: To avoid this warning, move constraints listed in [.Xil/System_Top_smartconnect_0_0_propImpl.xdc] to another XDC file and exclude this new file from synthesis with the used_in_synthesis property (File Properties dialog in GUI) and re-run elaboration/synthesis.
INFO: [Project 1-236] Implementation specific constraints were found while reading constraint file [/tools/2025.2/data/ip/xpm/xpm_memory/tcl/xpm_memory_xdc.tcl]. These constraints will be ignored for synthesis but will be used in implementation. Impacted constraints are listed in the file [.Xil/System_Top_smartconnect_0_0_propImpl.xdc].
Resolution: To avoid this warning, move constraints listed in [.Xil/System_Top_smartconnect_0_0_propImpl.xdc] to another XDC file and exclude this new file from synthesis with the used_in_synthesis property (File Properties dialog in GUI) and re-run elaboration/synthesis.
INFO: [Project 1-1714] 67 XPM XDC files have been applied to the design.
Completed Processing XDC Constraints

Netlist sorting complete. Time (s): cpu = 00:00:00.02 ; elapsed = 00:00:00.02 . Memory (MB): peak = 2949.699 ; gain = 0.000 ; free physical = 288 ; free virtual = 6471
INFO: [Project 1-111] Unisim Transformation Summary:
  A total of 1 instances were transformed.
  SRL16 => SRL16E: 1 instance 

Constraint Validation Runtime : Time (s): cpu = 00:00:00.49 ; elapsed = 00:00:00.33 . Memory (MB): peak = 2949.734 ; gain = 0.000 ; free physical = 278 ; free virtual = 6462
INFO: [Designutils 20-5008] Incremental synthesis strategy off
---------------------------------------------------------------------------------
Finished Constraint Validation : Time (s): cpu = 00:00:31 ; elapsed = 00:00:30 . Memory (MB): peak = 2949.734 ; gain = 1169.875 ; free physical = 3341 ; free virtual = 9543
---------------------------------------------------------------------------------
---------------------------------------------------------------------------------
Start Loading Part and Timing Information
---------------------------------------------------------------------------------
Loading part: xc7z020clg400-1
---------------------------------------------------------------------------------
Finished Loading Part and Timing Information : Time (s): cpu = 00:00:31 ; elapsed = 00:00:30 . Memory (MB): peak = 2957.703 ; gain = 1177.844 ; free physical = 3341 ; free virtual = 9543
---------------------------------------------------------------------------------
---------------------------------------------------------------------------------
Start Applying 'set_property' XDC Constraints
---------------------------------------------------------------------------------
---------------------------------------------------------------------------------
Finished applying 'set_property' XDC Constraints : Time (s): cpu = 00:00:31 ; elapsed = 00:00:30 . Memory (MB): peak = 2957.703 ; gain = 1177.844 ; free physical = 3341 ; free virtual = 9543
---------------------------------------------------------------------------------
INFO: [Synth 8-4490] FSM extraction disabled for register 'gen_pipelined.state_reg' through user attribute
INFO: [Synth 8-4490] FSM extraction disabled for register 'gen_pipelined.state_reg' through user attribute
INFO: [Synth 8-4490] FSM extraction disabled for register 'gen_pipelined.state_reg' through user attribute
INFO: [Synth 8-4490] FSM extraction disabled for register 'gen_pipelined.state_reg' through user attribute
INFO: [Synth 8-4490] FSM extraction disabled for register 'gen_AB_reg_slice.state_reg' through user attribute
INFO: [Synth 8-4490] FSM extraction disabled for register 'gen_AB_reg_slice.state_reg' through user attribute
INFO: [Synth 8-802] inferred FSM for state register 'w_state_reg' in module 'sc_exit_v1_0_18_axilite_conv'
INFO: [Synth 8-802] inferred FSM for state register 'r_state_reg' in module 'sc_exit_v1_0_18_axilite_conv'
INFO: [Synth 8-4490] FSM extraction disabled for register 'gen_pipelined.state_reg' through user attribute
INFO: [Synth 8-4490] FSM extraction disabled for register 'gen_pipelined.state_reg' through user attribute
INFO: [Synth 8-802] inferred FSM for state register 'gen_axi.gen_write.write_cs_reg' in module 'sc_mmu_v1_0_16_decerr_slave'
INFO: [Synth 8-802] inferred FSM for state register 'gen_endpoint.w_state_reg' in module 'sc_mmu_v1_0_16_top'
INFO: [Synth 8-802] inferred FSM for state register 'gen_endpoint.r_state_reg' in module 'sc_mmu_v1_0_16_top'
INFO: [Synth 8-4490] FSM extraction disabled for register 'gen_pipelined.state_reg' through user attribute
INFO: [Synth 8-4490] FSM extraction disabled for register 'gen_pipelined.state_reg' through user attribute
INFO: [Synth 8-4490] FSM extraction disabled for register 'gen_pipelined.state_reg' through user attribute
INFO: [Synth 8-4490] FSM extraction disabled for register 'gen_pipelined.state_reg' through user attribute
INFO: [Synth 8-802] inferred FSM for state register 'aw_state_reg' in module 'sc_si_converter_v1_0_16_reduced_area'
INFO: [Synth 8-802] inferred FSM for state register 'w_state_reg' in module 'sc_si_converter_v1_0_16_reduced_area'
INFO: [Synth 8-802] inferred FSM for state register 'b_state_reg' in module 'sc_si_converter_v1_0_16_reduced_area'
INFO: [Synth 8-802] inferred FSM for state register 'ar_state_reg' in module 'sc_si_converter_v1_0_16_reduced_area'
INFO: [Synth 8-802] inferred FSM for state register 'r_state_reg' in module 'sc_si_converter_v1_0_16_reduced_area'
INFO: [Synth 8-802] inferred FSM for state register 'rd_state_reg' in module 'sc_si_converter_v1_0_16_reduced_area'
INFO: [Synth 8-4490] FSM extraction disabled for register 'gen_pipelined.state_reg' through user attribute
INFO: [Synth 8-4490] FSM extraction disabled for register 'gen_pipelined.state_reg' through user attribute
INFO: [Synth 8-802] inferred FSM for state register 'state_reg' in module 'sc_transaction_regulator_v1_0_12_multithread'
INFO: [Synth 8-4490] FSM extraction disabled for register 'gen_AB_reg_slice.state_reg' through user attribute
INFO: [Synth 8-4490] FSM extraction disabled for register 'gen_AB_reg_slice.state_reg' through user attribute
---------------------------------------------------------------------------------------------------
                   State |                     New Encoding |                Previous Encoding 
---------------------------------------------------------------------------------------------------
                  W_IDLE |                              000 | 00000000000000000000000000000000
                    W_RX |                              001 | 00000000000000000000000000000001
                    W_TX |                              010 | 00000000000000000000000000000010
              W_COMPLETE |                              011 | 00000000000000000000000000000100
               W_RECOVER |                              100 | 00000000000000000000000000000011
---------------------------------------------------------------------------------------------------
INFO: [Synth 8-3354] encoded FSM with state register 'w_state_reg' using encoding 'sequential' in module 'sc_exit_v1_0_18_axilite_conv'
---------------------------------------------------------------------------------------------------
                   State |                     New Encoding |                Previous Encoding 
---------------------------------------------------------------------------------------------------
                  R_IDLE |                               00 | 00000000000000000000000000000000
                    R_RX |                               01 | 00000000000000000000000000000001
                    R_TX |                               10 | 00000000000000000000000000000010
---------------------------------------------------------------------------------------------------
INFO: [Synth 8-3354] encoded FSM with state register 'r_state_reg' using encoding 'sequential' in module 'sc_exit_v1_0_18_axilite_conv'
---------------------------------------------------------------------------------------------------
                   State |                     New Encoding |                Previous Encoding 
---------------------------------------------------------------------------------------------------
            P_WRITE_IDLE |                              001 |                               00
            P_WRITE_DATA |                              010 |                               01
            P_WRITE_RESP |                              100 |                               10
---------------------------------------------------------------------------------------------------
INFO: [Synth 8-3354] encoded FSM with state register 'gen_axi.gen_write.write_cs_reg' using encoding 'one-hot' in module 'sc_mmu_v1_0_16_decerr_slave'
---------------------------------------------------------------------------------------------------
                   State |                     New Encoding |                Previous Encoding 
---------------------------------------------------------------------------------------------------
                  iSTATE |                               00 | 00000000000000000000000000000000
*
                 W_STALL |                               01 | 00000000000000000000000000000001
               W_PENDING |                               10 | 00000000000000000000000000000010
                W_DECERR |                               11 | 00000000000000000000000000000011
---------------------------------------------------------------------------------------------------
INFO: [Synth 8-3354] encoded FSM with state register 'gen_endpoint.w_state_reg' using encoding 'sequential' in module 'sc_mmu_v1_0_16_top'
---------------------------------------------------------------------------------------------------
                   State |                     New Encoding |                Previous Encoding 
---------------------------------------------------------------------------------------------------
                  iSTATE |                               00 | 00000000000000000000000000000000
*
                 R_STALL |                               01 | 00000000000000000000000000000001
               R_PENDING |                               10 | 00000000000000000000000000000010
                R_DECERR |                               11 | 00000000000000000000000000000011
---------------------------------------------------------------------------------------------------
INFO: [Synth 8-3354] encoded FSM with state register 'gen_endpoint.r_state_reg' using encoding 'sequential' in module 'sc_mmu_v1_0_16_top'
---------------------------------------------------------------------------------------------------
                   State |                     New Encoding |                Previous Encoding 
---------------------------------------------------------------------------------------------------
                  B_IDLE |                               00 | 00000000000000000000000000000000
                 B_ACCUM |                               01 | 00000000000000000000000000000001
                  B_INCR |                               10 | 00000000000000000000000000000010
                   B_OUT |                               11 | 00000000000000000000000000000011
---------------------------------------------------------------------------------------------------
INFO: [Synth 8-3354] encoded FSM with state register 'b_state_reg' using encoding 'sequential' in module 'sc_si_converter_v1_0_16_reduced_area'
---------------------------------------------------------------------------------------------------
                   State |                     New Encoding |                Previous Encoding 
---------------------------------------------------------------------------------------------------
                  W_IDLE |                           000001 | 00000000000000000000000000000000
             W_SINGLES_1 |                           000010 | 00000000000000000000000000000001
               W_SINGLES |                           000100 | 00000000000000000000000000000010
                  W_NULL |                           001000 | 00000000000000000000000000000100
                  W_INCR |                           010000 | 00000000000000000000000000000011
              W_COMPLETE |                           100000 | 00000000000000000000000000000101
---------------------------------------------------------------------------------------------------
INFO: [Synth 8-3354] encoded FSM with state register 'w_state_reg' using encoding 'one-hot' in module 'sc_si_converter_v1_0_16_reduced_area'
---------------------------------------------------------------------------------------------------
                   State |                     New Encoding |                Previous Encoding 
---------------------------------------------------------------------------------------------------
                 AW_IDLE |                               00 | 00000000000000000000000000000000
             AW_SINGLE_1 |                               01 | 00000000000000000000000000000010
               AW_SINGLE |                               10 | 00000000000000000000000000000001
                AW_BURST |                               11 | 00000000000000000000000000000011
---------------------------------------------------------------------------------------------------
INFO: [Synth 8-3354] encoded FSM with state register 'aw_state_reg' using encoding 'sequential' in module 'sc_si_converter_v1_0_16_reduced_area'
---------------------------------------------------------------------------------------------------
                   State |                     New Encoding |                Previous Encoding 
---------------------------------------------------------------------------------------------------
                  R_IDLE |                              000 | 00000000000000000000000000000000
               R_SPLIT_1 |                              001 | 00000000000000000000000000000010
                 R_SPLIT |                              010 | 00000000000000000000000000000001
                  R_WAIT |                              011 | 00000000000000000000000000000101
               R_SPLIT_2 |                              100 | 00000000000000000000000000000011
                  R_INCR |                              101 | 00000000000000000000000000000100
---------------------------------------------------------------------------------------------------
INFO: [Synth 8-3354] encoded FSM with state register 'r_state_reg' using encoding 'sequential' in module 'sc_si_converter_v1_0_16_reduced_area'
---------------------------------------------------------------------------------------------------
                   State |                     New Encoding |                Previous Encoding 
---------------------------------------------------------------------------------------------------
                 RD_IDLE |                                0 | 00000000000000000000000000000000
                 RD_DATA |                                1 | 00000000000000000000000000000001
---------------------------------------------------------------------------------------------------
INFO: [Synth 8-3354] encoded FSM with state register 'rd_state_reg' using encoding 'sequential' in module 'sc_si_converter_v1_0_16_reduced_area'
---------------------------------------------------------------------------------------------------
                   State |                     New Encoding |                Previous Encoding 
---------------------------------------------------------------------------------------------------
                 AR_IDLE |                               00 | 00000000000000000000000000000000
               AR_SINGLE |                               01 | 00000000000000000000000000000001
                AR_BURST |                               10 | 00000000000000000000000000000010
---------------------------------------------------------------------------------------------------
INFO: [Synth 8-3354] encoded FSM with state register 'ar_state_reg' using encoding 'sequential' in module 'sc_si_converter_v1_0_16_reduced_area'
---------------------------------------------------------------------------------------------------
                   State |                     New Encoding |                Previous Encoding 
---------------------------------------------------------------------------------------------------
                    INIT |                              000 | 00000000000000000000000000000000
                    IDLE |                              001 | 00000000000000000000000000000001
                DEADLOCK |                              010 | 00000000000000000000000000000010
                OVERFLOW |                              011 | 00000000000000000000000000000100
                ALLOCATE |                              100 | 00000000000000000000000000000011
                 REFRESH |                              101 | 00000000000000000000000000000101
---------------------------------------------------------------------------------------------------
INFO: [Synth 8-3354] encoded FSM with state register 'state_reg' using encoding 'sequential' in module 'sc_transaction_regulator_v1_0_12_multithread'
---------------------------------------------------------------------------------
Finished RTL Optimization Phase 2 : Time (s): cpu = 00:00:34 ; elapsed = 00:00:33 . Memory (MB): peak = 2957.703 ; gain = 1177.844 ; free physical = 3269 ; free virtual = 9497
---------------------------------------------------------------------------------
---------------------------------------------------------------------------------
Start RTL Component Statistics 
---------------------------------------------------------------------------------
---------------------------------------------------------------------------------
Finished RTL Component Statistics 
---------------------------------------------------------------------------------
---------------------------------------------------------------------------------
Start Part Resource Summary
---------------------------------------------------------------------------------
Part Resources:
DSPs: 220 (col length:60)
BRAMs: 280 (col length: RAMB18 60 RAMB36 30)
---------------------------------------------------------------------------------
Finished Part Resource Summary
---------------------------------------------------------------------------------
---------------------------------------------------------------------------------
Start Cross Boundary and Area Optimization
---------------------------------------------------------------------------------
WARNING: [Synth 8-13161] RAM (inst/i_0/\m00_nodes/m00_ar_node/inst /\inst_mi_handler/gen_normal_area.gen_node_prog_full.inst_node_prog_full/gen_xpm_memory_fifo.inst_fifo/gen_mem_rep[0].inst_xpm_memory /xpm_memory_base_inst/i_0) is optimized away because it doesn't have any load.
WARNING: [Synth 8-6014] Unused sequential element gen_wr_a.gen_word_narrow.mem_reg was removed. 
WARNING: [Synth 8-13161] RAM (inst/i_0/\m00_nodes/m00_aw_node/inst /\inst_mi_handler/gen_normal_area.gen_node_prog_full.inst_node_prog_full/gen_xpm_memory_fifo.inst_fifo/gen_mem_rep[0].inst_xpm_memory /xpm_memory_base_inst/i_0) is optimized away because it doesn't have any load.
WARNING: [Synth 8-6014] Unused sequential element gen_wr_a.gen_word_narrow.mem_reg was removed. 
WARNING: [Synth 8-13161] RAM (inst/i_0/\m00_nodes/m00_b_node/inst /\inst_mi_handler/gen_normal_area.gen_fifo_req.inst_fifo_req/gen_xpm_memory_fifo.inst_fifo/gen_mem_rep[0].inst_xpm_memory /xpm_memory_base_inst/i_0) is optimized away because it doesn't have any load.
WARNING: [Synth 8-6014] Unused sequential element gen_wr_a.gen_word_narrow.mem_reg was removed. 
WARNING: [Synth 8-13161] RAM (inst/i_0/\m00_nodes/m00_w_node/inst /\inst_mi_handler/gen_normal_area.gen_node_prog_full.inst_node_prog_full/gen_xpm_memory_fifo.inst_fifo/gen_mem_rep[0].inst_xpm_memory /xpm_memory_base_inst/i_0) is optimized away because it doesn't have any load.
WARNING: [Synth 8-6014] Unused sequential element gen_wr_a.gen_word_narrow.mem_reg was removed. 
WARNING: [Synth 8-13161] RAM (inst/i_0/\m01_nodes/m01_ar_node/inst /\inst_mi_handler/gen_normal_area.gen_node_prog_full.inst_node_prog_full/gen_xpm_memory_fifo.inst_fifo/gen_mem_rep[0].inst_xpm_memory /xpm_memory_base_inst/i_0) is optimized away because it doesn't have any load.
WARNING: [Synth 8-6014] Unused sequential element gen_wr_a.gen_word_narrow.mem_reg was removed. 
WARNING: [Synth 8-13161] RAM (inst/i_0/\m01_nodes/m01_aw_node/inst /\inst_mi_handler/gen_normal_area.gen_node_prog_full.inst_node_prog_full/gen_xpm_memory_fifo.inst_fifo/gen_mem_rep[0].inst_xpm_memory /xpm_memory_base_inst/i_0) is optimized away because it doesn't have any load.
WARNING: [Synth 8-6014] Unused sequential element gen_wr_a.gen_word_narrow.mem_reg was removed. 
WARNING: [Synth 8-13161] RAM (inst/i_0/\m01_nodes/m01_b_node/inst /\inst_mi_handler/gen_normal_area.gen_fifo_req.inst_fifo_req/gen_xpm_memory_fifo.inst_fifo/gen_mem_rep[0].inst_xpm_memory /xpm_memory_base_inst/i_0) is optimized away because it doesn't have any load.
WARNING: [Synth 8-6014] Unused sequential element gen_wr_a.gen_word_narrow.mem_reg was removed. 
WARNING: [Synth 8-13161] RAM (inst/i_0/\m01_nodes/m01_w_node/inst /\inst_mi_handler/gen_normal_area.gen_node_prog_full.inst_node_prog_full/gen_xpm_memory_fifo.inst_fifo/gen_mem_rep[0].inst_xpm_memory /xpm_memory_base_inst/i_0) is optimized away because it doesn't have any load.
WARNING: [Synth 8-6014] Unused sequential element gen_wr_a.gen_word_narrow.mem_reg was removed. 
WARNING: [Synth 8-13161] RAM (inst/i_0/\s00_nodes/s00_b_node/inst /\inst_mi_handler/gen_normal_area.gen_node_prog_full.inst_node_prog_full/gen_xpm_memory_fifo.inst_fifo/gen_mem_rep[0].inst_xpm_memory /xpm_memory_base_inst/i_0) is optimized away because it doesn't have any load.
WARNING: [Synth 8-6014] Unused sequential element gen_wr_a.gen_word_narrow.mem_reg was removed. 
WARNING: [Synth 8-13161] RAM (inst/i_0/\s00_nodes/s00_r_node/inst /\inst_mi_handler/gen_normal_area.gen_node_prog_full.inst_node_prog_full/gen_xpm_memory_fifo.inst_fifo/gen_mem_rep[0].inst_xpm_memory /xpm_memory_base_inst/i_0) is optimized away because it doesn't have any load.
WARNING: [Synth 8-6014] Unused sequential element gen_wr_a.gen_word_narrow.mem_reg was removed. 
---------------------------------------------------------------------------------
Finished Cross Boundary and Area Optimization : Time (s): cpu = 00:01:13 ; elapsed = 00:01:14 . Memory (MB): peak = 2957.703 ; gain = 1177.844 ; free physical = 3334 ; free virtual = 9562
---------------------------------------------------------------------------------
---------------------------------------------------------------------------------
Start Applying XDC Timing Constraints
---------------------------------------------------------------------------------
---------------------------------------------------------------------------------
Finished Applying XDC Timing Constraints : Time (s): cpu = 00:01:17 ; elapsed = 00:01:17 . Memory (MB): peak = 2957.703 ; gain = 1177.844 ; free physical = 3339 ; free virtual = 9567
---------------------------------------------------------------------------------
---------------------------------------------------------------------------------
Start Timing Optimization
---------------------------------------------------------------------------------
---------------------------------------------------------------------------------
Finished Timing Optimization : Time (s): cpu = 00:01:22 ; elapsed = 00:01:23 . Memory (MB): peak = 2957.703 ; gain = 1177.844 ; free physical = 3319 ; free virtual = 9548
---------------------------------------------------------------------------------
---------------------------------------------------------------------------------
Start Technology Mapping
---------------------------------------------------------------------------------
---------------------------------------------------------------------------------
Finished Technology Mapping : Time (s): cpu = 00:01:25 ; elapsed = 00:01:26 . Memory (MB): peak = 2957.703 ; gain = 1177.844 ; free physical = 3314 ; free virtual = 9543
---------------------------------------------------------------------------------
---------------------------------------------------------------------------------
Start IO Insertion
---------------------------------------------------------------------------------
---------------------------------------------------------------------------------
Start Flattening Before IO Insertion
---------------------------------------------------------------------------------
---------------------------------------------------------------------------------
Finished Flattening Before IO Insertion
---------------------------------------------------------------------------------
---------------------------------------------------------------------------------
Start Final Netlist Cleanup
---------------------------------------------------------------------------------
---------------------------------------------------------------------------------
Finished Final Netlist Cleanup
---------------------------------------------------------------------------------
---------------------------------------------------------------------------------
Finished IO Insertion : Time (s): cpu = 00:01:28 ; elapsed = 00:01:29 . Memory (MB): peak = 2978.516 ; gain = 1198.656 ; free physical = 3314 ; free virtual = 9533
---------------------------------------------------------------------------------
---------------------------------------------------------------------------------
Start Renaming Generated Instances
---------------------------------------------------------------------------------
---------------------------------------------------------------------------------
Finished Renaming Generated Instances : Time (s): cpu = 00:01:28 ; elapsed = 00:01:29 . Memory (MB): peak = 2978.516 ; gain = 1198.656 ; free physical = 3314 ; free virtual = 9533
---------------------------------------------------------------------------------
---------------------------------------------------------------------------------
Start Rebuilding User Hierarchy
---------------------------------------------------------------------------------
---------------------------------------------------------------------------------
Finished Rebuilding User Hierarchy : Time (s): cpu = 00:01:29 ; elapsed = 00:01:30 . Memory (MB): peak = 2978.516 ; gain = 1198.656 ; free physical = 3306 ; free virtual = 9525
---------------------------------------------------------------------------------
---------------------------------------------------------------------------------
Start Renaming Generated Ports
---------------------------------------------------------------------------------
---------------------------------------------------------------------------------
Finished Renaming Generated Ports : Time (s): cpu = 00:01:29 ; elapsed = 00:01:30 . Memory (MB): peak = 2978.516 ; gain = 1198.656 ; free physical = 3306 ; free virtual = 9525
---------------------------------------------------------------------------------
---------------------------------------------------------------------------------
Start Handling Custom Attributes
---------------------------------------------------------------------------------
---------------------------------------------------------------------------------
Finished Handling Custom Attributes : Time (s): cpu = 00:01:29 ; elapsed = 00:01:30 . Memory (MB): peak = 2978.516 ; gain = 1198.656 ; free physical = 3307 ; free virtual = 9525
---------------------------------------------------------------------------------
---------------------------------------------------------------------------------
Start Renaming Generated Nets
---------------------------------------------------------------------------------
---------------------------------------------------------------------------------
Finished Renaming Generated Nets : Time (s): cpu = 00:01:29 ; elapsed = 00:01:30 . Memory (MB): peak = 2978.516 ; gain = 1198.656 ; free physical = 3307 ; free virtual = 9525
---------------------------------------------------------------------------------
---------------------------------------------------------------------------------
Start Writing Synthesis Report
---------------------------------------------------------------------------------

Report BlackBoxes: 
+-+--------------+----------+
| |BlackBox name |Instances |
+-+--------------+----------+
+-+--------------+----------+

Report Cell Usage: 
+------+---------+------+
|      |Cell     |Count |
+------+---------+------+
|1     |CARRY4   |    38|
|2     |LUT1     |   229|
|3     |LUT2     |   385|
|4     |LUT3     |   995|
|5     |LUT4     |   531|
|6     |LUT5     |   668|
|7     |LUT6     |  1070|
|8     |RAM32M   |    92|
|9     |RAM32X1D |     8|
|10    |SRL16    |     1|
|11    |SRL16E   |    28|
|12    |SRLC32E  |     9|
|13    |FDCE     |   105|
|14    |FDRE     |  3877|
|15    |FDSE     |   192|
+------+---------+------+
---------------------------------------------------------------------------------
Finished Writing Synthesis Report : Time (s): cpu = 00:01:29 ; elapsed = 00:01:30 . Memory (MB): peak = 2978.516 ; gain = 1198.656 ; free physical = 3307 ; free virtual = 9525
---------------------------------------------------------------------------------
Synthesis finished with 0 errors, 0 critical warnings and 20 warnings.
Synthesis Optimization Runtime : Time (s): cpu = 00:01:13 ; elapsed = 00:01:16 . Memory (MB): peak = 2978.516 ; gain = 800.305 ; free physical = 3307 ; free virtual = 9525
Synthesis Optimization Complete : Time (s): cpu = 00:01:29 ; elapsed = 00:01:30 . Memory (MB): peak = 2978.523 ; gain = 1198.656 ; free physical = 3307 ; free virtual = 9525
INFO: [Project 1-571] Translating synthesized netlist
Netlist sorting complete. Time (s): cpu = 00:00:00.15 ; elapsed = 00:00:00.15 . Memory (MB): peak = 2989.422 ; gain = 0.000 ; free physical = 3468 ; free virtual = 9686
INFO: [Netlist 29-17] Analyzing 139 Unisim elements for replacement
INFO: [Netlist 29-28] Unisim Transformation completed in 0 CPU seconds
INFO: [Project 1-570] Preparing netlist for logic optimization
INFO: [Opt 31-138] Pushed 0 inverter(s) to 0 load pin(s).
Netlist sorting complete. Time (s): cpu = 00:00:00 ; elapsed = 00:00:00 . Memory (MB): peak = 3057.324 ; gain = 0.000 ; free physical = 3454 ; free virtual = 9673
INFO: [Project 1-111] Unisim Transformation Summary:
  A total of 101 instances were transformed.
  RAM32M => RAM32M (RAMD32(x6), RAMS32(x2)): 92 instances
  RAM32X1D => RAM32X1D (RAMD32(x2)): 8 instances
  SRL16 => SRL16E: 1 instance 

Synth Design complete | Checksum: 1e126a8
INFO: [Common 17-83] Releasing license: Synthesis
309 Infos, 26 Warnings, 0 Critical Warnings and 0 Errors encountered.
synth_design completed successfully
synth_design: Time (s): cpu = 00:01:37 ; elapsed = 00:01:35 . Memory (MB): peak = 3057.359 ; gain = 1443.391 ; free physical = 3455 ; free virtual = 9673
INFO: [Common 17-2834] synth_design peak Physical Memory [PSS] (MB): overall = 2313.106; main = 2142.544; forked = 283.394
INFO: [Common 17-2834] synth_design peak Virtual Memory [VSS] (MB): overall = 3951.922; main = 3057.328; forked = 994.215
Write ShapeDB Complete: Time (s): cpu = 00:00:00.02 ; elapsed = 00:00:00.01 . Memory (MB): peak = 3081.336 ; gain = 0.000 ; free physical = 3455 ; free virtual = 9674
INFO: [Common 17-1381] The checkpoint '/home/gary/Individual_Project_System/Individual_Project_System.runs/System_Top_smartconnect_0_0_synth_1/System_Top_smartconnect_0_0.dcp' has been generated.
INFO: [Coretcl 2-1648] Added synthesis output to IP cache for IP System_Top_smartconnect_0_0, cache-ID = 2197ddbcb403d519
INFO: [Coretcl 2-1174] Renamed 436 cell refs.
Write ShapeDB Complete: Time (s): cpu = 00:00:00.02 ; elapsed = 00:00:00.01 . Memory (MB): peak = 3081.336 ; gain = 0.000 ; free physical = 3458 ; free virtual = 9694
INFO: [Common 17-1381] The checkpoint '/home/gary/Individual_Project_System/Individual_Project_System.runs/System_Top_smartconnect_0_0_synth_1/System_Top_smartconnect_0_0.dcp' has been generated.
INFO: [Vivado 12-24828] Executing command : report_utilization -file System_Top_smartconnect_0_0_utilization_synth.rpt -pb System_Top_smartconnect_0_0_utilization_synth.pb
INFO: [Common 17-206] Exiting Vivado at Thu Mar 12 22:36:03 2026...
