
*** Running vivado
    with args -log System_Top_BRAM_Wrapper_0_0.vds -m64 -product Vivado -mode batch -messageDb vivado.pb -notrace -source System_Top_BRAM_Wrapper_0_0.tcl


****** Vivado v2025.2 (64-bit)
  **** SW Build 6299465 on Fri Nov 14 12:34:56 MST 2025
  **** IP Build 6300035 on Fri Nov 14 10:48:45 MST 2025
  **** SharedData Build 6298862 on Thu Nov 13 04:50:51 MST 2025
  **** Start of session at: Wed Mar 11 23:27:46 2026
    ** Copyright 1986-2022 Xilinx, Inc. All Rights Reserved.
    ** Copyright 2022-2025 Advanced Micro Devices, Inc. All Rights Reserved.

source System_Top_BRAM_Wrapper_0_0.tcl -notrace
create_project: Time (s): cpu = 00:00:15 ; elapsed = 00:00:07 . Memory (MB): peak = 1613.777 ; gain = 64.059 ; free physical = 1658 ; free virtual = 7995
INFO: [IP_Flow 19-234] Refreshing IP repositories
INFO: [IP_Flow 19-1700] Loaded user IP repository '/home/gary/Individual_Project/ip'.
INFO: [IP_Flow 19-2313] Loaded Vivado IP repository '/tools/2025.2/data/ip'.
Command: synth_design -top System_Top_BRAM_Wrapper_0_0 -part xc7z020clg400-1 -incremental_mode off -mode out_of_context
Starting synth_design
Attempting to get a license for feature 'Synthesis' and/or device 'xc7z020'
INFO: [Common 17-349] Got license for feature 'Synthesis' and/or device 'xc7z020'
INFO: [Device 21-403] Loading part xc7z020clg400-1
INFO: [Synth 8-7079] Multithreading enabled for synth_design using a maximum of 7 processes.
INFO: [Synth 8-7078] Launching helper process for spawning children vivado processes
INFO: [Synth 8-7075] Helper process launched with PID 71180
---------------------------------------------------------------------------------
Starting RTL Elaboration : Time (s): cpu = 00:00:08 ; elapsed = 00:00:09 . Memory (MB): peak = 2238.512 ; gain = 482.875 ; free physical = 204 ; free virtual = 1525
---------------------------------------------------------------------------------
INFO: [Synth 8-6157] synthesizing module 'System_Top_BRAM_Wrapper_0_0' [/home/gary/Individual_Project_System/Individual_Project_System.gen/sources_1/bd/System_Top/ip/System_Top_BRAM_Wrapper_0_0/synth/System_Top_BRAM_Wrapper_0_0.sv:53]
INFO: [Synth 8-6157] synthesizing module 'BRAM_Wrapper' [/home/gary/Individual_Project_System/Individual_Project_System.gen/sources_1/bd/System_Top/ipshared/c4ac/src/BRAM_Wrapper.sv:17]
INFO: [Synth 8-6155] done synthesizing module 'BRAM_Wrapper' (0#1) [/home/gary/Individual_Project_System/Individual_Project_System.gen/sources_1/bd/System_Top/ipshared/c4ac/src/BRAM_Wrapper.sv:17]
INFO: [Synth 8-6155] done synthesizing module 'System_Top_BRAM_Wrapper_0_0' (0#1) [/home/gary/Individual_Project_System/Individual_Project_System.gen/sources_1/bd/System_Top/ip/System_Top_BRAM_Wrapper_0_0/synth/System_Top_BRAM_Wrapper_0_0.sv:53]
INFO: [Synth 8-7129] Port i_top_rd_en in module BRAM_Wrapper is either unconnected or has no load
INFO: [Synth 8-7129] Port i_bram_doutb[31] in module BRAM_Wrapper is either unconnected or has no load
INFO: [Synth 8-7129] Port i_bram_doutb[30] in module BRAM_Wrapper is either unconnected or has no load
INFO: [Synth 8-7129] Port i_bram_doutb[29] in module BRAM_Wrapper is either unconnected or has no load
INFO: [Synth 8-7129] Port i_bram_doutb[28] in module BRAM_Wrapper is either unconnected or has no load
INFO: [Synth 8-7129] Port i_bram_doutb[27] in module BRAM_Wrapper is either unconnected or has no load
INFO: [Synth 8-7129] Port i_bram_doutb[26] in module BRAM_Wrapper is either unconnected or has no load
INFO: [Synth 8-7129] Port i_bram_doutb[25] in module BRAM_Wrapper is either unconnected or has no load
INFO: [Synth 8-7129] Port i_bram_doutb[24] in module BRAM_Wrapper is either unconnected or has no load
INFO: [Synth 8-7129] Port i_bram_doutb[23] in module BRAM_Wrapper is either unconnected or has no load
INFO: [Synth 8-7129] Port i_bram_doutb[22] in module BRAM_Wrapper is either unconnected or has no load
INFO: [Synth 8-7129] Port i_bram_doutb[21] in module BRAM_Wrapper is either unconnected or has no load
INFO: [Synth 8-7129] Port i_bram_doutb[20] in module BRAM_Wrapper is either unconnected or has no load
INFO: [Synth 8-7129] Port i_bram_doutb[19] in module BRAM_Wrapper is either unconnected or has no load
INFO: [Synth 8-7129] Port i_bram_doutb[18] in module BRAM_Wrapper is either unconnected or has no load
INFO: [Synth 8-7129] Port i_bram_doutb[17] in module BRAM_Wrapper is either unconnected or has no load
INFO: [Synth 8-7129] Port i_bram_doutb[16] in module BRAM_Wrapper is either unconnected or has no load
---------------------------------------------------------------------------------
Finished RTL Elaboration : Time (s): cpu = 00:00:10 ; elapsed = 00:00:12 . Memory (MB): peak = 2328.449 ; gain = 572.812 ; free physical = 189 ; free virtual = 816
---------------------------------------------------------------------------------
---------------------------------------------------------------------------------
Start Handling Custom Attributes
---------------------------------------------------------------------------------
---------------------------------------------------------------------------------
Finished Handling Custom Attributes : Time (s): cpu = 00:00:10 ; elapsed = 00:00:12 . Memory (MB): peak = 2343.293 ; gain = 587.656 ; free physical = 192 ; free virtual = 798
---------------------------------------------------------------------------------
---------------------------------------------------------------------------------
Finished RTL Optimization Phase 1 : Time (s): cpu = 00:00:10 ; elapsed = 00:00:12 . Memory (MB): peak = 2343.293 ; gain = 587.656 ; free physical = 192 ; free virtual = 797
---------------------------------------------------------------------------------
Netlist sorting complete. Time (s): cpu = 00:00:00.01 ; elapsed = 00:00:00 . Memory (MB): peak = 2343.293 ; gain = 0.000 ; free physical = 191 ; free virtual = 796
INFO: [Project 1-570] Preparing netlist for logic optimization

Processing XDC Constraints
Initializing timing engine
Parsing XDC File [/home/gary/Individual_Project_System/Individual_Project_System.gen/sources_1/bd/System_Top/ip/System_Top_BRAM_Wrapper_0_0/src/PYNQ-Z2 v1.0.xdc] for cell 'inst'
Finished Parsing XDC File [/home/gary/Individual_Project_System/Individual_Project_System.gen/sources_1/bd/System_Top/ip/System_Top_BRAM_Wrapper_0_0/src/PYNQ-Z2 v1.0.xdc] for cell 'inst'
Parsing XDC File [/home/gary/Individual_Project_System/Individual_Project_System.runs/System_Top_BRAM_Wrapper_0_0_synth_1/dont_touch.xdc]
Finished Parsing XDC File [/home/gary/Individual_Project_System/Individual_Project_System.runs/System_Top_BRAM_Wrapper_0_0_synth_1/dont_touch.xdc]
Completed Processing XDC Constraints

Netlist sorting complete. Time (s): cpu = 00:00:00 ; elapsed = 00:00:00 . Memory (MB): peak = 2392.219 ; gain = 0.000 ; free physical = 161 ; free virtual = 574
INFO: [Project 1-111] Unisim Transformation Summary:
No Unisim elements were transformed.

Constraint Validation Runtime : Time (s): cpu = 00:00:00.02 ; elapsed = 00:00:00.01 . Memory (MB): peak = 2392.254 ; gain = 0.000 ; free physical = 160 ; free virtual = 572
INFO: [Designutils 20-5008] Incremental synthesis strategy off

*** Running vivado
    with args -log System_Top_BRAM_Wrapper_0_0.vds -m64 -product Vivado -mode batch -messageDb vivado.pb -notrace -source System_Top_BRAM_Wrapper_0_0.tcl


****** Vivado v2025.2 (64-bit)
  **** SW Build 6299465 on Fri Nov 14 12:34:56 MST 2025
  **** IP Build 6300035 on Fri Nov 14 10:48:45 MST 2025
  **** SharedData Build 6298862 on Thu Nov 13 04:50:51 MST 2025
  **** Start of session at: Wed Mar 11 23:30:12 2026
    ** Copyright 1986-2022 Xilinx, Inc. All Rights Reserved.
    ** Copyright 2022-2025 Advanced Micro Devices, Inc. All Rights Reserved.

source System_Top_BRAM_Wrapper_0_0.tcl -notrace
create_project: Time (s): cpu = 00:00:16 ; elapsed = 00:00:08 . Memory (MB): peak = 1615.938 ; gain = 64.059 ; free physical = 5321 ; free virtual = 11587
INFO: [IP_Flow 19-234] Refreshing IP repositories
INFO: [IP_Flow 19-1700] Loaded user IP repository '/home/gary/Individual_Project/ip'.
INFO: [IP_Flow 19-2313] Loaded Vivado IP repository '/tools/2025.2/data/ip'.
Command: synth_design -top System_Top_BRAM_Wrapper_0_0 -part xc7z020clg400-1 -incremental_mode off -mode out_of_context
Starting synth_design
Attempting to get a license for feature 'Synthesis' and/or device 'xc7z020'
INFO: [Common 17-349] Got license for feature 'Synthesis' and/or device 'xc7z020'
INFO: [Device 21-403] Loading part xc7z020clg400-1
INFO: [Synth 8-7079] Multithreading enabled for synth_design using a maximum of 7 processes.
INFO: [Synth 8-7078] Launching helper process for spawning children vivado processes
INFO: [Synth 8-7075] Helper process launched with PID 5138
---------------------------------------------------------------------------------
Starting RTL Elaboration : Time (s): cpu = 00:00:07 ; elapsed = 00:00:08 . Memory (MB): peak = 2237.703 ; gain = 482.875 ; free physical = 239 ; free virtual = 5084
---------------------------------------------------------------------------------
INFO: [Synth 8-6157] synthesizing module 'System_Top_BRAM_Wrapper_0_0' [/home/gary/Individual_Project_System/Individual_Project_System.gen/sources_1/bd/System_Top/ip/System_Top_BRAM_Wrapper_0_0/synth/System_Top_BRAM_Wrapper_0_0.sv:53]
INFO: [Synth 8-6157] synthesizing module 'BRAM_Wrapper' [/home/gary/Individual_Project_System/Individual_Project_System.gen/sources_1/bd/System_Top/ipshared/c4ac/src/BRAM_Wrapper.sv:17]
INFO: [Synth 8-6155] done synthesizing module 'BRAM_Wrapper' (0#1) [/home/gary/Individual_Project_System/Individual_Project_System.gen/sources_1/bd/System_Top/ipshared/c4ac/src/BRAM_Wrapper.sv:17]
INFO: [Synth 8-6155] done synthesizing module 'System_Top_BRAM_Wrapper_0_0' (0#1) [/home/gary/Individual_Project_System/Individual_Project_System.gen/sources_1/bd/System_Top/ip/System_Top_BRAM_Wrapper_0_0/synth/System_Top_BRAM_Wrapper_0_0.sv:53]
INFO: [Synth 8-7129] Port i_top_rd_en in module BRAM_Wrapper is either unconnected or has no load
INFO: [Synth 8-7129] Port i_bram_doutb[31] in module BRAM_Wrapper is either unconnected or has no load
INFO: [Synth 8-7129] Port i_bram_doutb[30] in module BRAM_Wrapper is either unconnected or has no load
INFO: [Synth 8-7129] Port i_bram_doutb[29] in module BRAM_Wrapper is either unconnected or has no load
INFO: [Synth 8-7129] Port i_bram_doutb[28] in module BRAM_Wrapper is either unconnected or has no load
INFO: [Synth 8-7129] Port i_bram_doutb[27] in module BRAM_Wrapper is either unconnected or has no load
INFO: [Synth 8-7129] Port i_bram_doutb[26] in module BRAM_Wrapper is either unconnected or has no load
INFO: [Synth 8-7129] Port i_bram_doutb[25] in module BRAM_Wrapper is either unconnected or has no load
INFO: [Synth 8-7129] Port i_bram_doutb[24] in module BRAM_Wrapper is either unconnected or has no load
INFO: [Synth 8-7129] Port i_bram_doutb[23] in module BRAM_Wrapper is either unconnected or has no load
INFO: [Synth 8-7129] Port i_bram_doutb[22] in module BRAM_Wrapper is either unconnected or has no load
INFO: [Synth 8-7129] Port i_bram_doutb[21] in module BRAM_Wrapper is either unconnected or has no load
INFO: [Synth 8-7129] Port i_bram_doutb[20] in module BRAM_Wrapper is either unconnected or has no load
INFO: [Synth 8-7129] Port i_bram_doutb[19] in module BRAM_Wrapper is either unconnected or has no load
INFO: [Synth 8-7129] Port i_bram_doutb[18] in module BRAM_Wrapper is either unconnected or has no load
INFO: [Synth 8-7129] Port i_bram_doutb[17] in module BRAM_Wrapper is either unconnected or has no load
INFO: [Synth 8-7129] Port i_bram_doutb[16] in module BRAM_Wrapper is either unconnected or has no load
---------------------------------------------------------------------------------
Finished RTL Elaboration : Time (s): cpu = 00:00:10 ; elapsed = 00:00:11 . Memory (MB): peak = 2328.672 ; gain = 573.844 ; free physical = 305 ; free virtual = 4284
---------------------------------------------------------------------------------
---------------------------------------------------------------------------------
Start Handling Custom Attributes
---------------------------------------------------------------------------------
---------------------------------------------------------------------------------
Finished Handling Custom Attributes : Time (s): cpu = 00:00:10 ; elapsed = 00:00:11 . Memory (MB): peak = 2343.516 ; gain = 588.688 ; free physical = 289 ; free virtual = 4266
---------------------------------------------------------------------------------
---------------------------------------------------------------------------------
Finished RTL Optimization Phase 1 : Time (s): cpu = 00:00:10 ; elapsed = 00:00:11 . Memory (MB): peak = 2343.516 ; gain = 588.688 ; free physical = 289 ; free virtual = 4266
---------------------------------------------------------------------------------
Netlist sorting complete. Time (s): cpu = 00:00:00.01 ; elapsed = 00:00:00.01 . Memory (MB): peak = 2343.516 ; gain = 0.000 ; free physical = 289 ; free virtual = 4266
INFO: [Project 1-570] Preparing netlist for logic optimization

Processing XDC Constraints
Initializing timing engine
Parsing XDC File [/home/gary/Individual_Project_System/Individual_Project_System.gen/sources_1/bd/System_Top/ip/System_Top_BRAM_Wrapper_0_0/src/PYNQ-Z2 v1.0.xdc] for cell 'inst'
Finished Parsing XDC File [/home/gary/Individual_Project_System/Individual_Project_System.gen/sources_1/bd/System_Top/ip/System_Top_BRAM_Wrapper_0_0/src/PYNQ-Z2 v1.0.xdc] for cell 'inst'
Parsing XDC File [/home/gary/Individual_Project_System/Individual_Project_System.runs/System_Top_BRAM_Wrapper_0_0_synth_1/dont_touch.xdc]
Finished Parsing XDC File [/home/gary/Individual_Project_System/Individual_Project_System.runs/System_Top_BRAM_Wrapper_0_0_synth_1/dont_touch.xdc]
Completed Processing XDC Constraints

Netlist sorting complete. Time (s): cpu = 00:00:00 ; elapsed = 00:00:00 . Memory (MB): peak = 2389.473 ; gain = 0.000 ; free physical = 195 ; free virtual = 3998
INFO: [Project 1-111] Unisim Transformation Summary:
No Unisim elements were transformed.

Constraint Validation Runtime : Time (s): cpu = 00:00:00.01 ; elapsed = 00:00:00.02 . Memory (MB): peak = 2389.508 ; gain = 0.000 ; free physical = 194 ; free virtual = 3998
INFO: [Designutils 20-5008] Incremental synthesis strategy off
---------------------------------------------------------------------------------
Finished Constraint Validation : Time (s): cpu = 00:00:18 ; elapsed = 00:00:19 . Memory (MB): peak = 2389.508 ; gain = 634.680 ; free physical = 233 ; free virtual = 3485
---------------------------------------------------------------------------------
---------------------------------------------------------------------------------
Start Loading Part and Timing Information
---------------------------------------------------------------------------------
Loading part: xc7z020clg400-1
---------------------------------------------------------------------------------
Finished Loading Part and Timing Information : Time (s): cpu = 00:00:18 ; elapsed = 00:00:19 . Memory (MB): peak = 2397.477 ; gain = 642.648 ; free physical = 233 ; free virtual = 3485
---------------------------------------------------------------------------------
---------------------------------------------------------------------------------
Start Applying 'set_property' XDC Constraints
---------------------------------------------------------------------------------
---------------------------------------------------------------------------------
Finished applying 'set_property' XDC Constraints : Time (s): cpu = 00:00:18 ; elapsed = 00:00:19 . Memory (MB): peak = 2397.477 ; gain = 642.648 ; free physical = 222 ; free virtual = 3474
---------------------------------------------------------------------------------
---------------------------------------------------------------------------------
Finished RTL Optimization Phase 2 : Time (s): cpu = 00:00:18 ; elapsed = 00:00:20 . Memory (MB): peak = 2397.477 ; gain = 642.648 ; free physical = 212 ; free virtual = 3466
---------------------------------------------------------------------------------
---------------------------------------------------------------------------------
Start RTL Component Statistics 
---------------------------------------------------------------------------------
Detailed RTL Component Info : 
---------------------------------------------------------------------------------
Finished RTL Component Statistics 
---------------------------------------------------------------------------------
---------------------------------------------------------------------------------
Start Part Resource Summary
---------------------------------------------------------------------------------
Part Resources:
DSPs: 220 (col length:60)
BRAMs: 280 (col length: RAMB18 60 RAMB36 30)
---------------------------------------------------------------------------------
Finished Part Resource Summary
---------------------------------------------------------------------------------
---------------------------------------------------------------------------------
Start Cross Boundary and Area Optimization
---------------------------------------------------------------------------------
INFO: [Synth 8-7129] Port i_top_addr[31] in module BRAM_Wrapper is either unconnected or has no load
INFO: [Synth 8-7129] Port i_top_addr[30] in module BRAM_Wrapper is either unconnected or has no load
INFO: [Synth 8-7129] Port i_top_rd_en in module BRAM_Wrapper is either unconnected or has no load
INFO: [Synth 8-7129] Port i_bram_doutb[31] in module BRAM_Wrapper is either unconnected or has no load
INFO: [Synth 8-7129] Port i_bram_doutb[30] in module BRAM_Wrapper is either unconnected or has no load
INFO: [Synth 8-7129] Port i_bram_doutb[29] in module BRAM_Wrapper is either unconnected or has no load
INFO: [Synth 8-7129] Port i_bram_doutb[28] in module BRAM_Wrapper is either unconnected or has no load
INFO: [Synth 8-7129] Port i_bram_doutb[27] in module BRAM_Wrapper is either unconnected or has no load
INFO: [Synth 8-7129] Port i_bram_doutb[26] in module BRAM_Wrapper is either unconnected or has no load
INFO: [Synth 8-7129] Port i_bram_doutb[25] in module BRAM_Wrapper is either unconnected or has no load
INFO: [Synth 8-7129] Port i_bram_doutb[24] in module BRAM_Wrapper is either unconnected or has no load
INFO: [Synth 8-7129] Port i_bram_doutb[23] in module BRAM_Wrapper is either unconnected or has no load
INFO: [Synth 8-7129] Port i_bram_doutb[22] in module BRAM_Wrapper is either unconnected or has no load
INFO: [Synth 8-7129] Port i_bram_doutb[21] in module BRAM_Wrapper is either unconnected or has no load
INFO: [Synth 8-7129] Port i_bram_doutb[20] in module BRAM_Wrapper is either unconnected or has no load
INFO: [Synth 8-7129] Port i_bram_doutb[19] in module BRAM_Wrapper is either unconnected or has no load
INFO: [Synth 8-7129] Port i_bram_doutb[18] in module BRAM_Wrapper is either unconnected or has no load
INFO: [Synth 8-7129] Port i_bram_doutb[17] in module BRAM_Wrapper is either unconnected or has no load
INFO: [Synth 8-7129] Port i_bram_doutb[16] in module BRAM_Wrapper is either unconnected or has no load
---------------------------------------------------------------------------------
Finished Cross Boundary and Area Optimization : Time (s): cpu = 00:00:20 ; elapsed = 00:00:21 . Memory (MB): peak = 2397.477 ; gain = 642.648 ; free physical = 245 ; free virtual = 3447
---------------------------------------------------------------------------------
---------------------------------------------------------------------------------
Start Applying XDC Timing Constraints
---------------------------------------------------------------------------------
---------------------------------------------------------------------------------
Finished Applying XDC Timing Constraints : Time (s): cpu = 00:00:26 ; elapsed = 00:00:27 . Memory (MB): peak = 2500.477 ; gain = 745.648 ; free physical = 188 ; free virtual = 3154
---------------------------------------------------------------------------------
---------------------------------------------------------------------------------
Start Timing Optimization
---------------------------------------------------------------------------------
---------------------------------------------------------------------------------
Finished Timing Optimization : Time (s): cpu = 00:00:26 ; elapsed = 00:00:27 . Memory (MB): peak = 2500.477 ; gain = 745.648 ; free physical = 188 ; free virtual = 3154
---------------------------------------------------------------------------------
---------------------------------------------------------------------------------
Start Technology Mapping
---------------------------------------------------------------------------------
---------------------------------------------------------------------------------
Finished Technology Mapping : Time (s): cpu = 00:00:26 ; elapsed = 00:00:27 . Memory (MB): peak = 2510.492 ; gain = 755.664 ; free physical = 178 ; free virtual = 3144
---------------------------------------------------------------------------------
---------------------------------------------------------------------------------
Start IO Insertion
---------------------------------------------------------------------------------
---------------------------------------------------------------------------------
Start Flattening Before IO Insertion
---------------------------------------------------------------------------------
---------------------------------------------------------------------------------
Finished Flattening Before IO Insertion
---------------------------------------------------------------------------------
---------------------------------------------------------------------------------
Start Final Netlist Cleanup
---------------------------------------------------------------------------------
---------------------------------------------------------------------------------
Finished Final Netlist Cleanup
---------------------------------------------------------------------------------
---------------------------------------------------------------------------------
Finished IO Insertion : Time (s): cpu = 00:00:31 ; elapsed = 00:00:33 . Memory (MB): peak = 2697.305 ; gain = 942.477 ; free physical = 1380 ; free virtual = 3640
---------------------------------------------------------------------------------
---------------------------------------------------------------------------------
Start Renaming Generated Instances
---------------------------------------------------------------------------------
---------------------------------------------------------------------------------
Finished Renaming Generated Instances : Time (s): cpu = 00:00:31 ; elapsed = 00:00:33 . Memory (MB): peak = 2697.305 ; gain = 942.477 ; free physical = 1378 ; free virtual = 3639
---------------------------------------------------------------------------------
---------------------------------------------------------------------------------
Start Rebuilding User Hierarchy
---------------------------------------------------------------------------------
---------------------------------------------------------------------------------
Finished Rebuilding User Hierarchy : Time (s): cpu = 00:00:31 ; elapsed = 00:00:33 . Memory (MB): peak = 2697.305 ; gain = 942.477 ; free physical = 1378 ; free virtual = 3639
---------------------------------------------------------------------------------
---------------------------------------------------------------------------------
Start Renaming Generated Ports
---------------------------------------------------------------------------------
---------------------------------------------------------------------------------
Finished Renaming Generated Ports : Time (s): cpu = 00:00:31 ; elapsed = 00:00:33 . Memory (MB): peak = 2697.305 ; gain = 942.477 ; free physical = 1377 ; free virtual = 3639
---------------------------------------------------------------------------------
---------------------------------------------------------------------------------
Start Handling Custom Attributes
---------------------------------------------------------------------------------
---------------------------------------------------------------------------------
Finished Handling Custom Attributes : Time (s): cpu = 00:00:31 ; elapsed = 00:00:33 . Memory (MB): peak = 2697.305 ; gain = 942.477 ; free physical = 1377 ; free virtual = 3639
---------------------------------------------------------------------------------
---------------------------------------------------------------------------------
Start Renaming Generated Nets
---------------------------------------------------------------------------------
---------------------------------------------------------------------------------
Finished Renaming Generated Nets : Time (s): cpu = 00:00:31 ; elapsed = 00:00:33 . Memory (MB): peak = 2697.305 ; gain = 942.477 ; free physical = 1377 ; free virtual = 3639
---------------------------------------------------------------------------------
---------------------------------------------------------------------------------
Start Writing Synthesis Report
---------------------------------------------------------------------------------

Report BlackBoxes: 
+-+--------------+----------+
| |BlackBox name |Instances |
+-+--------------+----------+
+-+--------------+----------+

Report Cell Usage: 
+-+-----+------+
| |Cell |Count |
+-+-----+------+
+-+-----+------+
---------------------------------------------------------------------------------
Finished Writing Synthesis Report : Time (s): cpu = 00:00:31 ; elapsed = 00:00:33 . Memory (MB): peak = 2697.305 ; gain = 942.477 ; free physical = 1375 ; free virtual = 3637
---------------------------------------------------------------------------------
Synthesis finished with 0 errors, 0 critical warnings and 0 warnings.
Synthesis Optimization Runtime : Time (s): cpu = 00:00:29 ; elapsed = 00:00:31 . Memory (MB): peak = 2697.305 ; gain = 896.484 ; free physical = 1342 ; free virtual = 3610
Synthesis Optimization Complete : Time (s): cpu = 00:00:31 ; elapsed = 00:00:33 . Memory (MB): peak = 2697.312 ; gain = 942.477 ; free physical = 1342 ; free virtual = 3609
INFO: [Project 1-571] Translating synthesized netlist
Netlist sorting complete. Time (s): cpu = 00:00:00.01 ; elapsed = 00:00:00 . Memory (MB): peak = 2697.312 ; gain = 0.000 ; free physical = 1342 ; free virtual = 3610
INFO: [Project 1-570] Preparing netlist for logic optimization
INFO: [Opt 31-138] Pushed 0 inverter(s) to 0 load pin(s).
Netlist sorting complete. Time (s): cpu = 00:00:00 ; elapsed = 00:00:00 . Memory (MB): peak = 2697.312 ; gain = 0.000 ; free physical = 1262 ; free virtual = 3572
INFO: [Project 1-111] Unisim Transformation Summary:
No Unisim elements were transformed.

Synth Design complete | Checksum: e001fc7
INFO: [Common 17-83] Releasing license: Synthesis
56 Infos, 0 Warnings, 0 Critical Warnings and 0 Errors encountered.
synth_design completed successfully
synth_design: Time (s): cpu = 00:00:41 ; elapsed = 00:00:39 . Memory (MB): peak = 2697.340 ; gain = 1081.402 ; free physical = 1187 ; free virtual = 3499
INFO: [Common 17-2834] synth_design peak Physical Memory [PSS] (MB): overall = 1521.633; main = 1333.396; forked = 188.236
INFO: [Common 17-2834] synth_design peak Virtual Memory [VSS] (MB): overall = 3611.707; main = 2697.309; forked = 994.211
INFO: [Common 17-1381] The checkpoint '/home/gary/Individual_Project_System/Individual_Project_System.runs/System_Top_BRAM_Wrapper_0_0_synth_1/System_Top_BRAM_Wrapper_0_0.dcp' has been generated.
INFO: [Coretcl 2-1648] Added synthesis output to IP cache for IP System_Top_BRAM_Wrapper_0_0, cache-ID = 5bf4903d4b51f4c2
INFO: [Common 17-1381] The checkpoint '/home/gary/Individual_Project_System/Individual_Project_System.runs/System_Top_BRAM_Wrapper_0_0_synth_1/System_Top_BRAM_Wrapper_0_0.dcp' has been generated.
INFO: [Vivado 12-24828] Executing command : report_utilization -file System_Top_BRAM_Wrapper_0_0_utilization_synth.rpt -pb System_Top_BRAM_Wrapper_0_0_utilization_synth.pb
INFO: [Common 17-206] Exiting Vivado at Wed Mar 11 23:31:04 2026...
